<?xml version="1.0" encoding="UTF-8"?>
<testsuite xmlns:xsi="http://www.w3.org/2001/XMLSchema-instance" xsi:noNamespaceSchemaLocation="https://maven.apache.org/surefire/maven-surefire-plugin/xsd/surefire-test-report.xsd" version="3.0.2" name="com.example.platform.distribution.transfer.ReconciliationCsvTest" time="2.084" tests="14" errors="0" skipped="0" failures="0" flakes="0">
  <properties>
[...]
</properties>
  <testcase name="testACsvFilenameUniqueness" classname="Reconciliation CSV 匯出額外驗證" time="1.185">
    <system-out><![CDATA[2026-08-17 16:38:49.833|INFO|2aa31350-13f2-4ac4-aa66-58e5629ca8a0|org.kie.kogito.serverless.workflow.devservices.DevModeServerlessWorkflowLogger|Property 'workflowdatainput' changed value from: 'null', to: '{"Account_A":"A123","Account_B":"B123","AMT":100}'
2026-08-17 16:38:49.833|INFO|2aa31350-13f2-4ac4-aa66-58e5629ca8a0|org.kie.kogito.serverless.workflow.devservices.DevModeServerlessWorkflowLogger|Workflow data change
{
  "Account_A" : "A123",
  "Account_B" : "B123",
  "AMT" : 100
}
2026-08-17 16:38:49.834|INFO|2aa31350-13f2-4ac4-aa66-58e5629ca8a0|org.kie.kogito.serverless.workflow.devservices.DevModeServerlessWorkflowLogger|Starting workflow 'saga2-transfer-workflow' (2aa31350-13f2-4ac4-aa66-58e5629ca8a0)
2026-08-17 16:38:49.834|INFO|2aa31350-13f2-4ac4-aa66-58e5629ca8a0|org.kie.kogito.serverless.workflow.devservices.DevModeServerlessWorkflowLogger|Workflow data 
{
  "Account_A" : "A123",
  "Account_B" : "B123",
  "AMT" : 100
}
2026-08-17 16:38:49.834|INFO|2aa31350-13f2-4ac4-aa66-58e5629ca8a0|org.kie.kogito.serverless.workflow.devservices.DevModeServerlessWorkflowLogger|Triggered node 'Start' for process 'saga2-transfer-workflow' (2aa31350-13f2-4ac4-aa66-58e5629ca8a0)
2026-08-17 16:38:49.834|INFO|2aa31350-13f2-4ac4-aa66-58e5629ca8a0|org.kie.kogito.serverless.workflow.devservices.DevModeServerlessWorkflowLogger|Triggered node 'ValidateInput' for process 'saga2-transfer-workflow' (2aa31350-13f2-4ac4-aa66-58e5629ca8a0)
2026-08-17 16:38:49.838|INFO|2aa31350-13f2-4ac4-aa66-58e5629ca8a0|org.kie.kogito.serverless.workflow.devservices.DevModeServerlessWorkflowLogger|Triggered node 'CallA16229State' for process 'saga2-transfer-workflow' (2aa31350-13f2-4ac4-aa66-58e5629ca8a0)
2026-08-17 16:38:49.838|INFO|2aa31350-13f2-4ac4-aa66-58e5629ca8a0|org.kie.kogito.serverless.workflow.devservices.DevModeServerlessWorkflowLogger|Triggered node 'callApiViaOpenAPI' for process 'saga2-transfer-workflow' (2aa31350-13f2-4ac4-aa66-58e5629ca8a0)
2026-08-17 16:38:49.844|INFO|2aa31350-13f2-4ac4-aa66-58e5629ca8a0|org.kie.kogito.serverless.workflow.devservices.DevModeServerlessWorkflowLogger|Property 'workflowdata.a16229Result' changed value from: 'null', to: '{"code":"100","message":"成功","Account":"A123","_httpStatus":200}'
2026-08-17 16:38:49.845|INFO|2aa31350-13f2-4ac4-aa66-58e5629ca8a0|org.kie.kogito.serverless.workflow.devservices.DevModeServerlessWorkflowLogger|Triggered node 'CheckA16229Result' for process 'saga2-transfer-workflow' (2aa31350-13f2-4ac4-aa66-58e5629ca8a0)
2026-08-17 16:38:49.845|INFO|2aa31350-13f2-4ac4-aa66-58e5629ca8a0|org.kie.kogito.serverless.workflow.devservices.DevModeServerlessWorkflowLogger|Triggered node 'CallA16220State' for process 'saga2-transfer-workflow' (2aa31350-13f2-4ac4-aa66-58e5629ca8a0)
2026-08-17 16:38:49.846|INFO|2aa31350-13f2-4ac4-aa66-58e5629ca8a0|org.kie.kogito.serverless.workflow.devservices.DevModeServerlessWorkflowLogger|Triggered node 'callApiViaOpenAPI' for process 'saga2-transfer-workflow' (2aa31350-13f2-4ac4-aa66-58e5629ca8a0)
2026-08-17 16:38:49.853|INFO|2aa31350-13f2-4ac4-aa66-58e5629ca8a0|org.kie.kogito.serverless.workflow.devservices.DevModeServerlessWorkflowLogger|Property 'workflowdata.a16220Result' changed value from: 'null', to: '{"code":"100","message":"成功","Account":"B123","_httpStatus":200}'
2026-08-17 16:38:49.853|INFO|2aa31350-13f2-4ac4-aa66-58e5629ca8a0|org.kie.kogito.serverless.workflow.devservices.DevModeServerlessWorkflowLogger|Triggered node 'CheckA16220Result' for process 'saga2-transfer-workflow' (2aa31350-13f2-4ac4-aa66-58e5629ca8a0)
2026-08-17 16:38:49.854|INFO|2aa31350-13f2-4ac4-aa66-58e5629ca8a0|org.kie.kogito.serverless.workflow.devservices.DevModeServerlessWorkflowLogger|Triggered node 'DecideByEvaluation' for process 'saga2-transfer-workflow' (2aa31350-13f2-4ac4-aa66-58e5629ca8a0)
2026-08-17 16:38:49.854|INFO|2aa31350-13f2-4ac4-aa66-58e5629ca8a0|org.kie.kogito.serverless.workflow.devservices.DevModeServerlessWorkflowLogger|Triggered node 'InjectSuccessStatus' for process 'saga2-transfer-workflow' (2aa31350-13f2-4ac4-aa66-58e5629ca8a0)
2026-08-17 16:38:49.855|INFO|2aa31350-13f2-4ac4-aa66-58e5629ca8a0|org.kie.kogito.serverless.workflow.devservices.DevModeServerlessWorkflowLogger|Property 'workflowdata.finalStatus' changed value from: 'null', to: '"SUCCESS"'
2026-08-17 16:38:49.855|INFO|2aa31350-13f2-4ac4-aa66-58e5629ca8a0|org.kie.kogito.serverless.workflow.devservices.DevModeServerlessWorkflowLogger|Property 'workflowdata.finalMessage' changed value from: 'null', to: '"交易成功"'
2026-08-17 16:38:49.855|INFO|2aa31350-13f2-4ac4-aa66-58e5629ca8a0|org.kie.kogito.serverless.workflow.devservices.DevModeServerlessWorkflowLogger|Triggered node 'Join-FinalAuditAndEnd' for process 'saga2-transfer-workflow' (2aa31350-13f2-4ac4-aa66-58e5629ca8a0)
2026-08-17 16:38:49.856|INFO|2aa31350-13f2-4ac4-aa66-58e5629ca8a0|org.kie.kogito.serverless.workflow.devservices.DevModeServerlessWorkflowLogger|Triggered node 'FinalAuditAndEnd' for process 'saga2-transfer-workflow' (2aa31350-13f2-4ac4-aa66-58e5629ca8a0)
2026-08-17 16:38:49.856|INFO|2aa31350-13f2-4ac4-aa66-58e5629ca8a0|org.kie.kogito.serverless.workflow.devservices.DevModeServerlessWorkflowLogger|Triggered node 'recordAuditLog' for process 'saga2-transfer-workflow' (2aa31350-13f2-4ac4-aa66-58e5629ca8a0)
2026-08-17 16:38:49.858|INFO|2aa31350-13f2-4ac4-aa66-58e5629ca8a0|com.example.reconciliation.AuditLogService|[AuditLogService] 成功寫入對帳紀錄! Workflow: saga2-transfer-workflow, BusinessKey: A123, Status: SUCCESS, Rows: 1
2026-08-17 16:38:49.860|INFO|2aa31350-13f2-4ac4-aa66-58e5629ca8a0|org.kie.kogito.serverless.workflow.devservices.DevModeServerlessWorkflowLogger|Property 'workflowdata.saved' changed value from: 'null', to: 'true'
2026-08-17 16:38:49.860|INFO|2aa31350-13f2-4ac4-aa66-58e5629ca8a0|org.kie.kogito.serverless.workflow.devservices.DevModeServerlessWorkflowLogger|Property 'workflowdata.workflowId' changed value from: 'null', to: '"saga2-transfer-workflow"'
2026-08-17 16:38:49.860|INFO|2aa31350-13f2-4ac4-aa66-58e5629ca8a0|org.kie.kogito.serverless.workflow.devservices.DevModeServerlessWorkflowLogger|Property 'workflowdata.status' changed value from: 'null', to: '"SUCCESS"'
2026-08-17 16:38:49.861|INFO|2aa31350-13f2-4ac4-aa66-58e5629ca8a0|org.kie.kogito.serverless.workflow.devservices.DevModeServerlessWorkflowLogger|Workflow data change
{
  "status" : "SUCCESS",
  "message" : "交易成功",
  "AMT" : 100,
  "a16229Result" : {
    "code" : "100",
    "message" : "成功",
    "Account" : "A123",
    "_httpStatus" : 200
  },
  "a16220Result" : {
    "code" : "100",
    "message" : "成功",
    "Account" : "B123",
    "_httpStatus" : 200
  },
  "a16229Rollback" : null,
  "a16220Rollback" : null
}
2026-08-17 16:38:49.862|INFO|2aa31350-13f2-4ac4-aa66-58e5629ca8a0|org.kie.kogito.serverless.workflow.devservices.DevModeServerlessWorkflowLogger|Triggered node 'End' for process 'saga2-transfer-workflow' (2aa31350-13f2-4ac4-aa66-58e5629ca8a0)
2026-08-17 16:38:49.862|INFO|2aa31350-13f2-4ac4-aa66-58e5629ca8a0|org.kie.kogito.serverless.workflow.devservices.DevModeServerlessWorkflowLogger|Workflow 'saga2-transfer-workflow' (2aa31350-13f2-4ac4-aa66-58e5629ca8a0) completed
2026-08-17 16:38:49.898|INFO|cfe8d6af-2ed6-461a-abad-818df4af642b|org.kie.kogito.serverless.workflow.devservices.DevModeServerlessWorkflowLogger|Property 'workflowdatainput' changed value from: 'null', to: '{"Account_A":"A123","Account_B":"B123","AMT":30}'
2026-08-17 16:38:49.899|INFO|cfe8d6af-2ed6-461a-abad-818df4af642b|org.kie.kogito.serverless.workflow.devservices.DevModeServerlessWorkflowLogger|Workflow data change
{
  "Account_A" : "A123",
  "Account_B" : "B123",
  "AMT" : 30
}
2026-08-17 16:38:49.900|INFO|cfe8d6af-2ed6-461a-abad-818df4af642b|org.kie.kogito.serverless.workflow.devservices.DevModeServerlessWorkflowLogger|Starting workflow 'saga2-transfer-workflow' (cfe8d6af-2ed6-461a-abad-818df4af642b)
2026-08-17 16:38:49.900|INFO|cfe8d6af-2ed6-461a-abad-818df4af642b|org.kie.kogito.serverless.workflow.devservices.DevModeServerlessWorkflowLogger|Workflow data 
{
  "Account_A" : "A123",
  "Account_B" : "B123",
  "AMT" : 30
}
2026-08-17 16:38:49.900|INFO|cfe8d6af-2ed6-461a-abad-818df4af642b|org.kie.kogito.serverless.workflow.devservices.DevModeServerlessWorkflowLogger|Triggered node 'Start' for process 'saga2-transfer-workflow' (cfe8d6af-2ed6-461a-abad-818df4af642b)
2026-08-17 16:38:49.900|INFO|cfe8d6af-2ed6-461a-abad-818df4af642b|org.kie.kogito.serverless.workflow.devservices.DevModeServerlessWorkflowLogger|Triggered node 'ValidateInput' for process 'saga2-transfer-workflow' (cfe8d6af-2ed6-461a-abad-818df4af642b)
2026-08-17 16:38:49.905|INFO|cfe8d6af-2ed6-461a-abad-818df4af642b|org.kie.kogito.serverless.workflow.devservices.DevModeServerlessWorkflowLogger|Triggered node 'CallA16229State' for process 'saga2-transfer-workflow' (cfe8d6af-2ed6-461a-abad-818df4af642b)
2026-08-17 16:38:49.906|INFO|cfe8d6af-2ed6-461a-abad-818df4af642b|org.kie.kogito.serverless.workflow.devservices.DevModeServerlessWorkflowLogger|Triggered node 'callApiViaOpenAPI' for process 'saga2-transfer-workflow' (cfe8d6af-2ed6-461a-abad-818df4af642b)
2026-08-17 16:38:49.913|INFO|cfe8d6af-2ed6-461a-abad-818df4af642b|org.kie.kogito.serverless.workflow.devservices.DevModeServerlessWorkflowLogger|Property 'workflowdata.a16229Result' changed value from: 'null', to: '{"code":"999","message":"AMT必須大於50","Account":"A123","_httpStatus":403}'
2026-08-17 16:38:49.913|INFO|cfe8d6af-2ed6-461a-abad-818df4af642b|org.kie.kogito.serverless.workflow.devservices.DevModeServerlessWorkflowLogger|Triggered node 'CheckA16229Result' for process 'saga2-transfer-workflow' (cfe8d6af-2ed6-461a-abad-818df4af642b)
2026-08-17 16:38:49.914|INFO|cfe8d6af-2ed6-461a-abad-818df4af642b|org.kie.kogito.serverless.workflow.devservices.DevModeServerlessWorkflowLogger|Triggered node 'Join-InjectFailedStatus' for process 'saga2-transfer-workflow' (cfe8d6af-2ed6-461a-abad-818df4af642b)
2026-08-17 16:38:49.914|INFO|cfe8d6af-2ed6-461a-abad-818df4af642b|org.kie.kogito.serverless.workflow.devservices.DevModeServerlessWorkflowLogger|Triggered node 'InjectFailedStatus' for process 'saga2-transfer-workflow' (cfe8d6af-2ed6-461a-abad-818df4af642b)
2026-08-17 16:38:49.915|INFO|cfe8d6af-2ed6-461a-abad-818df4af642b|org.kie.kogito.serverless.workflow.devservices.DevModeServerlessWorkflowLogger|Property 'workflowdata.finalStatus' changed value from: 'null', to: '"FAILED"'
2026-08-17 16:38:49.915|INFO|cfe8d6af-2ed6-461a-abad-818df4af642b|org.kie.kogito.serverless.workflow.devservices.DevModeServerlessWorkflowLogger|Property 'workflowdata.finalMessage' changed value from: 'null', to: '"業務失敗或 API 錯誤"'
2026-08-17 16:38:49.915|INFO|cfe8d6af-2ed6-461a-abad-818df4af642b|org.kie.kogito.serverless.workflow.devservices.DevModeServerlessWorkflowLogger|Triggered node 'Join-FinalAuditAndEnd' for process 'saga2-transfer-workflow' (cfe8d6af-2ed6-461a-abad-818df4af642b)
2026-08-17 16:38:49.915|INFO|cfe8d6af-2ed6-461a-abad-818df4af642b|org.kie.kogito.serverless.workflow.devservices.DevModeServerlessWorkflowLogger|Triggered node 'FinalAuditAndEnd' for process 'saga2-transfer-workflow' (cfe8d6af-2ed6-461a-abad-818df4af642b)
2026-08-17 16:38:49.915|INFO|cfe8d6af-2ed6-461a-abad-818df4af642b|org.kie.kogito.serverless.workflow.devservices.DevModeServerlessWorkflowLogger|Triggered node 'recordAuditLog' for process 'saga2-transfer-workflow' (cfe8d6af-2ed6-461a-abad-818df4af642b)
2026-08-17 16:38:49.916|INFO|cfe8d6af-2ed6-461a-abad-818df4af642b|com.example.reconciliation.AuditLogService|[AuditLogService] 成功寫入對帳紀錄! Workflow: saga2-transfer-workflow, BusinessKey: A123, Status: FAILED, Rows: 1
2026-08-17 16:38:49.917|INFO|cfe8d6af-2ed6-461a-abad-818df4af642b|org.kie.kogito.serverless.workflow.devservices.DevModeServerlessWorkflowLogger|Property 'workflowdata.saved' changed value from: 'null', to: 'true'
2026-08-17 16:38:49.918|INFO|cfe8d6af-2ed6-461a-abad-818df4af642b|org.kie.kogito.serverless.workflow.devservices.DevModeServerlessWorkflowLogger|Property 'workflowdata.workflowId' changed value from: 'null', to: '"saga2-transfer-workflow"'
2026-08-17 16:38:49.918|INFO|cfe8d6af-2ed6-461a-abad-818df4af642b|org.kie.kogito.serverless.workflow.devservices.DevModeServerlessWorkflowLogger|Property 'workflowdata.status' changed value from: 'null', to: '"FAILED"'
2026-08-17 16:38:49.918|INFO|cfe8d6af-2ed6-461a-abad-818df4af642b|org.kie.kogito.serverless.workflow.devservices.DevModeServerlessWorkflowLogger|Workflow data change
{
  "status" : "FAILED",
  "message" : "業務失敗或 API 錯誤",
  "AMT" : 30,
  "a16229Result" : {
    "code" : "999",
    "message" : "AMT必須大於50",
    "Account" : "A123",
    "_httpStatus" : 403
  },
  "a16220Result" : null,
  "a16229Rollback" : null,
  "a16220Rollback" : null
}
2026-08-17 16:38:49.919|INFO|cfe8d6af-2ed6-461a-abad-818df4af642b|org.kie.kogito.serverless.workflow.devservices.DevModeServerlessWorkflowLogger|Triggered node 'End' for process 'saga2-transfer-workflow' (cfe8d6af-2ed6-461a-abad-818df4af642b)
2026-08-17 16:38:49.919|INFO|cfe8d6af-2ed6-461a-abad-818df4af642b|org.kie.kogito.serverless.workflow.devservices.DevModeServerlessWorkflowLogger|Workflow 'saga2-transfer-workflow' (cfe8d6af-2ed6-461a-abad-818df4af642b) completed
2026-08-17 16:38:49.939|INFO|139b4bf4-a035-404b-9136-d52ce398f6ba|org.kie.kogito.serverless.workflow.devservices.DevModeServerlessWorkflowLogger|Property 'workflowdatainput' changed value from: 'null', to: '{"Account_A":"A123","Account_B":"B123","AMT":600}'
2026-08-17 16:38:49.939|INFO|139b4bf4-a035-404b-9136-d52ce398f6ba|org.kie.kogito.serverless.workflow.devservices.DevModeServerlessWorkflowLogger|Workflow data change
{
  "Account_A" : "A123",
  "Account_B" : "B123",
  "AMT" : 600
}
2026-08-17 16:38:49.939|INFO|139b4bf4-a035-404b-9136-d52ce398f6ba|org.kie.kogito.serverless.workflow.devservices.DevModeServerlessWorkflowLogger|Starting workflow 'saga2-transfer-workflow' (139b4bf4-a035-404b-9136-d52ce398f6ba)
2026-08-17 16:38:49.940|INFO|139b4bf4-a035-404b-9136-d52ce398f6ba|org.kie.kogito.serverless.workflow.devservices.DevModeServerlessWorkflowLogger|Workflow data 
{
  "Account_A" : "A123",
  "Account_B" : "B123",
  "AMT" : 600
}
2026-08-17 16:38:49.940|INFO|139b4bf4-a035-404b-9136-d52ce398f6ba|org.kie.kogito.serverless.workflow.devservices.DevModeServerlessWorkflowLogger|Triggered node 'Start' for process 'saga2-transfer-workflow' (139b4bf4-a035-404b-9136-d52ce398f6ba)
2026-08-17 16:38:49.940|INFO|139b4bf4-a035-404b-9136-d52ce398f6ba|org.kie.kogito.serverless.workflow.devservices.DevModeServerlessWorkflowLogger|Triggered node 'ValidateInput' for process 'saga2-transfer-workflow' (139b4bf4-a035-404b-9136-d52ce398f6ba)
2026-08-17 16:38:49.943|INFO|139b4bf4-a035-404b-9136-d52ce398f6ba|org.kie.kogito.serverless.workflow.devservices.DevModeServerlessWorkflowLogger|Triggered node 'CallA16229State' for process 'saga2-transfer-workflow' (139b4bf4-a035-404b-9136-d52ce398f6ba)
2026-08-17 16:38:49.943|INFO|139b4bf4-a035-404b-9136-d52ce398f6ba|org.kie.kogito.serverless.workflow.devservices.DevModeServerlessWorkflowLogger|Triggered node 'callApiViaOpenAPI' for process 'saga2-transfer-workflow' (139b4bf4-a035-404b-9136-d52ce398f6ba)
2026-08-17 16:38:49.950|INFO|139b4bf4-a035-404b-9136-d52ce398f6ba|org.kie.kogito.serverless.workflow.devservices.DevModeServerlessWorkflowLogger|Property 'workflowdata.a16229Result' changed value from: 'null', to: '{"code":"100","message":"成功","Account":"A123","_httpStatus":200}'
2026-08-17 16:38:49.950|INFO|139b4bf4-a035-404b-9136-d52ce398f6ba|org.kie.kogito.serverless.workflow.devservices.DevModeServerlessWorkflowLogger|Triggered node 'CheckA16229Result' for process 'saga2-transfer-workflow' (139b4bf4-a035-404b-9136-d52ce398f6ba)
2026-08-17 16:38:49.951|INFO|139b4bf4-a035-404b-9136-d52ce398f6ba|org.kie.kogito.serverless.workflow.devservices.DevModeServerlessWorkflowLogger|Triggered node 'CallA16220State' for process 'saga2-transfer-workflow' (139b4bf4-a035-404b-9136-d52ce398f6ba)
2026-08-17 16:38:49.951|INFO|139b4bf4-a035-404b-9136-d52ce398f6ba|org.kie.kogito.serverless.workflow.devservices.DevModeServerlessWorkflowLogger|Triggered node 'callApiViaOpenAPI' for process 'saga2-transfer-workflow' (139b4bf4-a035-404b-9136-d52ce398f6ba)
2026-08-17 16:38:49.958|INFO|139b4bf4-a035-404b-9136-d52ce398f6ba|org.kie.kogito.serverless.workflow.devservices.DevModeServerlessWorkflowLogger|Property 'workflowdata.a16220Result' changed value from: 'null', to: '{"code":"100","message":"成功","Account":"B123","_httpStatus":200}'
2026-08-17 16:38:49.958|INFO|139b4bf4-a035-404b-9136-d52ce398f6ba|org.kie.kogito.serverless.workflow.devservices.DevModeServerlessWorkflowLogger|Triggered node 'CheckA16220Result' for process 'saga2-transfer-workflow' (139b4bf4-a035-404b-9136-d52ce398f6ba)
2026-08-17 16:38:49.959|INFO|139b4bf4-a035-404b-9136-d52ce398f6ba|org.kie.kogito.serverless.workflow.devservices.DevModeServerlessWorkflowLogger|Triggered node 'DecideByEvaluation' for process 'saga2-transfer-workflow' (139b4bf4-a035-404b-9136-d52ce398f6ba)
2026-08-17 16:38:49.959|INFO|139b4bf4-a035-404b-9136-d52ce398f6ba|org.kie.kogito.serverless.workflow.devservices.DevModeServerlessWorkflowLogger|Triggered node 'Join-RollbackA16220' for process 'saga2-transfer-workflow' (139b4bf4-a035-404b-9136-d52ce398f6ba)
2026-08-17 16:38:49.960|INFO|139b4bf4-a035-404b-9136-d52ce398f6ba|org.kie.kogito.serverless.workflow.devservices.DevModeServerlessWorkflowLogger|Triggered node 'RollbackA16220' for process 'saga2-transfer-workflow' (139b4bf4-a035-404b-9136-d52ce398f6ba)
2026-08-17 16:38:49.960|INFO|139b4bf4-a035-404b-9136-d52ce398f6ba|org.kie.kogito.serverless.workflow.devservices.DevModeServerlessWorkflowLogger|Triggered node 'callApiViaOpenAPI' for process 'saga2-transfer-workflow' (139b4bf4-a035-404b-9136-d52ce398f6ba)
2026-08-17 16:38:49.967|INFO|139b4bf4-a035-404b-9136-d52ce398f6ba|org.kie.kogito.serverless.workflow.devservices.DevModeServerlessWorkflowLogger|Property 'workflowdata.a16220Rollback' changed value from: 'null', to: '{"code":"100","message":"成功(EC)","Account":"B123","_httpStatus":200}'
2026-08-17 16:38:49.967|INFO|139b4bf4-a035-404b-9136-d52ce398f6ba|org.kie.kogito.serverless.workflow.devservices.DevModeServerlessWorkflowLogger|Triggered node 'RollbackA16229' for process 'saga2-transfer-workflow' (139b4bf4-a035-404b-9136-d52ce398f6ba)
2026-08-17 16:38:49.968|INFO|139b4bf4-a035-404b-9136-d52ce398f6ba|org.kie.kogito.serverless.workflow.devservices.DevModeServerlessWorkflowLogger|Triggered node 'callApiViaOpenAPI' for process 'saga2-transfer-workflow' (139b4bf4-a035-404b-9136-d52ce398f6ba)
2026-08-17 16:38:49.974|INFO|139b4bf4-a035-404b-9136-d52ce398f6ba|org.kie.kogito.serverless.workflow.devservices.DevModeServerlessWorkflowLogger|Property 'workflowdata.a16229Rollback' changed value from: 'null', to: '{"code":"100","message":"成功(EC)","Account":"A123","_httpStatus":200}'
2026-08-17 16:38:49.975|INFO|139b4bf4-a035-404b-9136-d52ce398f6ba|org.kie.kogito.serverless.workflow.devservices.DevModeServerlessWorkflowLogger|Triggered node 'CheckRollbackResults' for process 'saga2-transfer-workflow' (139b4bf4-a035-404b-9136-d52ce398f6ba)
2026-08-17 16:38:49.975|INFO|139b4bf4-a035-404b-9136-d52ce398f6ba|org.kie.kogito.serverless.workflow.devservices.DevModeServerlessWorkflowLogger|Triggered node 'InjectRolledBackStatus' for process 'saga2-transfer-workflow' (139b4bf4-a035-404b-9136-d52ce398f6ba)
2026-08-17 16:38:49.976|INFO|139b4bf4-a035-404b-9136-d52ce398f6ba|org.kie.kogito.serverless.workflow.devservices.DevModeServerlessWorkflowLogger|Property 'workflowdata.finalStatus' changed value from: 'null', to: '"ROLLED_BACK"'
2026-08-17 16:38:49.976|INFO|139b4bf4-a035-404b-9136-d52ce398f6ba|org.kie.kogito.serverless.workflow.devservices.DevModeServerlessWorkflowLogger|Property 'workflowdata.finalMessage' changed value from: 'null', to: '"AMT > 500 觸發 saga 回沖 (LIFO)"'
2026-08-17 16:38:49.977|INFO|139b4bf4-a035-404b-9136-d52ce398f6ba|org.kie.kogito.serverless.workflow.devservices.DevModeServerlessWorkflowLogger|Triggered node 'Join-FinalAuditAndEnd' for process 'saga2-transfer-workflow' (139b4bf4-a035-404b-9136-d52ce398f6ba)
2026-08-17 16:38:49.977|INFO|139b4bf4-a035-404b-9136-d52ce398f6ba|org.kie.kogito.serverless.workflow.devservices.DevModeServerlessWorkflowLogger|Triggered node 'FinalAuditAndEnd' for process 'saga2-transfer-workflow' (139b4bf4-a035-404b-9136-d52ce398f6ba)
2026-08-17 16:38:49.977|INFO|139b4bf4-a035-404b-9136-d52ce398f6ba|org.kie.kogito.serverless.workflow.devservices.DevModeServerlessWorkflowLogger|Triggered node 'recordAuditLog' for process 'saga2-transfer-workflow' (139b4bf4-a035-404b-9136-d52ce398f6ba)
2026-08-17 16:38:49.978|INFO|139b4bf4-a035-404b-9136-d52ce398f6ba|com.example.reconciliation.AuditLogService|[AuditLogService] 成功寫入對帳紀錄! Workflow: saga2-transfer-workflow, BusinessKey: A123, Status: ROLLED_BACK, Rows: 1
2026-08-17 16:38:49.979|INFO|139b4bf4-a035-404b-9136-d52ce398f6ba|org.kie.kogito.serverless.workflow.devservices.DevModeServerlessWorkflowLogger|Property 'workflowdata.saved' changed value from: 'null', to: 'true'
2026-08-17 16:38:49.980|INFO|139b4bf4-a035-404b-9136-d52ce398f6ba|org.kie.kogito.serverless.workflow.devservices.DevModeServerlessWorkflowLogger|Property 'workflowdata.workflowId' changed value from: 'null', to: '"saga2-transfer-workflow"'
2026-08-17 16:38:49.980|INFO|139b4bf4-a035-404b-9136-d52ce398f6ba|org.kie.kogito.serverless.workflow.devservices.DevModeServerlessWorkflowLogger|Property 'workflowdata.status' changed value from: 'null', to: '"ROLLED_BACK"'
2026-08-17 16:38:49.980|INFO|139b4bf4-a035-404b-9136-d52ce398f6ba|org.kie.kogito.serverless.workflow.devservices.DevModeServerlessWorkflowLogger|Workflow data change
{
  "status" : "ROLLED_BACK",
  "message" : "AMT > 500 觸發 saga 回沖 (LIFO)",
  "AMT" : 600,
  "a16229Result" : {
    "code" : "100",
    "message" : "成功",
    "Account" : "A123",
    "_httpStatus" : 200
  },
  "a16220Result" : {
    "code" : "100",
    "message" : "成功",
    "Account" : "B123",
    "_httpStatus" : 200
  },
  "a16229Rollback" : {
    "code" : "100",
    "message" : "成功(EC)",
    "Account" : "A123",
    "_httpStatus" : 200
  },
  "a16220Rollback" : {
    "code" : "100",
    "message" : "成功(EC)",
    "Account" : "B123",
    "_httpStatus" : 200
  }
}
2026-08-17 16:38:49.981|INFO|139b4bf4-a035-404b-9136-d52ce398f6ba|org.kie.kogito.serverless.workflow.devservices.DevModeServerlessWorkflowLogger|Triggered node 'End' for process 'saga2-transfer-workflow' (139b4bf4-a035-404b-9136-d52ce398f6ba)
2026-08-17 16:38:49.981|INFO|139b4bf4-a035-404b-9136-d52ce398f6ba|org.kie.kogito.serverless.workflow.devservices.DevModeServerlessWorkflowLogger|Workflow 'saga2-transfer-workflow' (139b4bf4-a035-404b-9136-d52ce398f6ba) completed
2026-08-17 16:38:50.009|INFO|54464672-a1f8-4655-b6f6-36b2f95b6c77|org.kie.kogito.serverless.workflow.devservices.DevModeServerlessWorkflowLogger|Property 'workflowdatainput' changed value from: 'null', to: '{"Account_A":"A123","Account_B":"B123","AMT":2000}'
2026-08-17 16:38:50.010|INFO|54464672-a1f8-4655-b6f6-36b2f95b6c77|org.kie.kogito.serverless.workflow.devservices.DevModeServerlessWorkflowLogger|Workflow data change
{
  "Account_A" : "A123",
  "Account_B" : "B123",
  "AMT" : 2000
}
2026-08-17 16:38:50.010|INFO|54464672-a1f8-4655-b6f6-36b2f95b6c77|org.kie.kogito.serverless.workflow.devservices.DevModeServerlessWorkflowLogger|Starting workflow 'saga2-transfer-workflow' (54464672-a1f8-4655-b6f6-36b2f95b6c77)
2026-08-17 16:38:50.010|INFO|54464672-a1f8-4655-b6f6-36b2f95b6c77|org.kie.kogito.serverless.workflow.devservices.DevModeServerlessWorkflowLogger|Workflow data 
{
  "Account_A" : "A123",
  "Account_B" : "B123",
  "AMT" : 2000
}
2026-08-17 16:38:50.010|INFO|54464672-a1f8-4655-b6f6-36b2f95b6c77|org.kie.kogito.serverless.workflow.devservices.DevModeServerlessWorkflowLogger|Triggered node 'Start' for process 'saga2-transfer-workflow' (54464672-a1f8-4655-b6f6-36b2f95b6c77)
2026-08-17 16:38:50.011|INFO|54464672-a1f8-4655-b6f6-36b2f95b6c77|org.kie.kogito.serverless.workflow.devservices.DevModeServerlessWorkflowLogger|Triggered node 'ValidateInput' for process 'saga2-transfer-workflow' (54464672-a1f8-4655-b6f6-36b2f95b6c77)
2026-08-17 16:38:50.014|INFO|54464672-a1f8-4655-b6f6-36b2f95b6c77|org.kie.kogito.serverless.workflow.devservices.DevModeServerlessWorkflowLogger|Triggered node 'CallA16229State' for process 'saga2-transfer-workflow' (54464672-a1f8-4655-b6f6-36b2f95b6c77)
2026-08-17 16:38:50.015|INFO|54464672-a1f8-4655-b6f6-36b2f95b6c77|org.kie.kogito.serverless.workflow.devservices.DevModeServerlessWorkflowLogger|Triggered node 'callApiViaOpenAPI' for process 'saga2-transfer-workflow' (54464672-a1f8-4655-b6f6-36b2f95b6c77)
2026-08-17 16:38:50.023|INFO|54464672-a1f8-4655-b6f6-36b2f95b6c77|org.kie.kogito.serverless.workflow.devservices.DevModeServerlessWorkflowLogger|Property 'workflowdata.a16229Result' changed value from: 'null', to: '{"code":"100","message":"成功","Account":"A123","_httpStatus":200}'
2026-08-17 16:38:50.023|INFO|54464672-a1f8-4655-b6f6-36b2f95b6c77|org.kie.kogito.serverless.workflow.devservices.DevModeServerlessWorkflowLogger|Triggered node 'CheckA16229Result' for process 'saga2-transfer-workflow' (54464672-a1f8-4655-b6f6-36b2f95b6c77)
2026-08-17 16:38:50.024|INFO|54464672-a1f8-4655-b6f6-36b2f95b6c77|org.kie.kogito.serverless.workflow.devservices.DevModeServerlessWorkflowLogger|Triggered node 'CallA16220State' for process 'saga2-transfer-workflow' (54464672-a1f8-4655-b6f6-36b2f95b6c77)
2026-08-17 16:38:50.024|INFO|54464672-a1f8-4655-b6f6-36b2f95b6c77|org.kie.kogito.serverless.workflow.devservices.DevModeServerlessWorkflowLogger|Triggered node 'callApiViaOpenAPI' for process 'saga2-transfer-workflow' (54464672-a1f8-4655-b6f6-36b2f95b6c77)
2026-08-17 16:38:50.030|INFO|54464672-a1f8-4655-b6f6-36b2f95b6c77|org.kie.kogito.serverless.workflow.devservices.DevModeServerlessWorkflowLogger|Property 'workflowdata.a16220Result' changed value from: 'null', to: '{"code":"999","message":"AMT必須小於1000","Account":"B123","_httpStatus":403}'
2026-08-17 16:38:50.030|INFO|54464672-a1f8-4655-b6f6-36b2f95b6c77|org.kie.kogito.serverless.workflow.devservices.DevModeServerlessWorkflowLogger|Triggered node 'CheckA16220Result' for process 'saga2-transfer-workflow' (54464672-a1f8-4655-b6f6-36b2f95b6c77)
2026-08-17 16:38:50.031|INFO|54464672-a1f8-4655-b6f6-36b2f95b6c77|org.kie.kogito.serverless.workflow.devservices.DevModeServerlessWorkflowLogger|Triggered node 'Join-RollbackA16229Only' for process 'saga2-transfer-workflow' (54464672-a1f8-4655-b6f6-36b2f95b6c77)
2026-08-17 16:38:50.031|INFO|54464672-a1f8-4655-b6f6-36b2f95b6c77|org.kie.kogito.serverless.workflow.devservices.DevModeServerlessWorkflowLogger|Triggered node 'RollbackA16229Only' for process 'saga2-transfer-workflow' (54464672-a1f8-4655-b6f6-36b2f95b6c77)
2026-08-17 16:38:50.032|INFO|54464672-a1f8-4655-b6f6-36b2f95b6c77|org.kie.kogito.serverless.workflow.devservices.DevModeServerlessWorkflowLogger|Triggered node 'callApiViaOpenAPI' for process 'saga2-transfer-workflow' (54464672-a1f8-4655-b6f6-36b2f95b6c77)
2026-08-17 16:38:50.037|INFO|54464672-a1f8-4655-b6f6-36b2f95b6c77|org.kie.kogito.serverless.workflow.devservices.DevModeServerlessWorkflowLogger|Property 'workflowdata.a16229Rollback' changed value from: 'null', to: '{"code":"100","message":"成功(EC)","Account":"A123","_httpStatus":200}'
2026-08-17 16:38:50.037|INFO|54464672-a1f8-4655-b6f6-36b2f95b6c77|org.kie.kogito.serverless.workflow.devservices.DevModeServerlessWorkflowLogger|Triggered node 'CheckRollbackA16229OnlyResult' for process 'saga2-transfer-workflow' (54464672-a1f8-4655-b6f6-36b2f95b6c77)
2026-08-17 16:38:50.039|INFO|54464672-a1f8-4655-b6f6-36b2f95b6c77|org.kie.kogito.serverless.workflow.devservices.DevModeServerlessWorkflowLogger|Triggered node 'InjectRolledBackOnlyStatus' for process 'saga2-transfer-workflow' (54464672-a1f8-4655-b6f6-36b2f95b6c77)
2026-08-17 16:38:50.039|INFO|54464672-a1f8-4655-b6f6-36b2f95b6c77|org.kie.kogito.serverless.workflow.devservices.DevModeServerlessWorkflowLogger|Property 'workflowdata.finalStatus' changed value from: 'null', to: '"ROLLED_BACK"'
2026-08-17 16:38:50.039|INFO|54464672-a1f8-4655-b6f6-36b2f95b6c77|org.kie.kogito.serverless.workflow.devservices.DevModeServerlessWorkflowLogger|Property 'workflowdata.finalMessage' changed value from: 'null', to: '"A16220 業務失敗,僅回沖 A16229"'
2026-08-17 16:38:50.040|INFO|54464672-a1f8-4655-b6f6-36b2f95b6c77|org.kie.kogito.serverless.workflow.devservices.DevModeServerlessWorkflowLogger|Triggered node 'Join-FinalAuditAndEnd' for process 'saga2-transfer-workflow' (54464672-a1f8-4655-b6f6-36b2f95b6c77)
2026-08-17 16:38:50.040|INFO|54464672-a1f8-4655-b6f6-36b2f95b6c77|org.kie.kogito.serverless.workflow.devservices.DevModeServerlessWorkflowLogger|Triggered node 'FinalAuditAndEnd' for process 'saga2-transfer-workflow' (54464672-a1f8-4655-b6f6-36b2f95b6c77)
2026-08-17 16:38:50.040|INFO|54464672-a1f8-4655-b6f6-36b2f95b6c77|org.kie.kogito.serverless.workflow.devservices.DevModeServerlessWorkflowLogger|Triggered node 'recordAuditLog' for process 'saga2-transfer-workflow' (54464672-a1f8-4655-b6f6-36b2f95b6c77)
2026-08-17 16:38:50.041|INFO|54464672-a1f8-4655-b6f6-36b2f95b6c77|com.example.reconciliation.AuditLogService|[AuditLogService] 成功寫入對帳紀錄! Workflow: saga2-transfer-workflow, BusinessKey: A123, Status: ROLLED_BACK, Rows: 1
2026-08-17 16:38:50.042|INFO|54464672-a1f8-4655-b6f6-36b2f95b6c77|org.kie.kogito.serverless.workflow.devservices.DevModeServerlessWorkflowLogger|Property 'workflowdata.saved' changed value from: 'null', to: 'true'
2026-08-17 16:38:50.042|INFO|54464672-a1f8-4655-b6f6-36b2f95b6c77|org.kie.kogito.serverless.workflow.devservices.DevModeServerlessWorkflowLogger|Property 'workflowdata.workflowId' changed value from: 'null', to: '"saga2-transfer-workflow"'
2026-08-17 16:38:50.042|INFO|54464672-a1f8-4655-b6f6-36b2f95b6c77|org.kie.kogito.serverless.workflow.devservices.DevModeServerlessWorkflowLogger|Property 'workflowdata.status' changed value from: 'null', to: '"ROLLED_BACK"'
2026-08-17 16:38:50.043|INFO|54464672-a1f8-4655-b6f6-36b2f95b6c77|org.kie.kogito.serverless.workflow.devservices.DevModeServerlessWorkflowLogger|Workflow data change
{
  "status" : "ROLLED_BACK",
  "message" : "A16220 業務失敗,僅回沖 A16229",
  "AMT" : 2000,
  "a16229Result" : {
    "code" : "100",
    "message" : "成功",
    "Account" : "A123",
    "_httpStatus" : 200
  },
  "a16220Result" : {
    "code" : "999",
    "message" : "AMT必須小於1000",
    "Account" : "B123",
    "_httpStatus" : 403
  },
  "a16229Rollback" : {
    "code" : "100",
    "message" : "成功(EC)",
    "Account" : "A123",
    "_httpStatus" : 200
  },
  "a16220Rollback" : null
}
2026-08-17 16:38:50.043|INFO|54464672-a1f8-4655-b6f6-36b2f95b6c77|org.kie.kogito.serverless.workflow.devservices.DevModeServerlessWorkflowLogger|Triggered node 'End' for process 'saga2-transfer-workflow' (54464672-a1f8-4655-b6f6-36b2f95b6c77)
2026-08-17 16:38:50.043|INFO|54464672-a1f8-4655-b6f6-36b2f95b6c77|org.kie.kogito.serverless.workflow.devservices.DevModeServerlessWorkflowLogger|Workflow 'saga2-transfer-workflow' (54464672-a1f8-4655-b6f6-36b2f95b6c77) completed
2026-08-17 16:38:50.066|INFO|c2ca6cfa-6ce7-43ca-8346-f6aff1d8f41b|org.kie.kogito.serverless.workflow.devservices.DevModeServerlessWorkflowLogger|Property 'workflowdatainput' changed value from: 'null', to: '{"Account_A":"A123","Account_B":"B123","AMT":500}'
2026-08-17 16:38:50.066|INFO|c2ca6cfa-6ce7-43ca-8346-f6aff1d8f41b|org.kie.kogito.serverless.workflow.devservices.DevModeServerlessWorkflowLogger|Workflow data change
{
  "Account_A" : "A123",
  "Account_B" : "B123",
  "AMT" : 500
}
2026-08-17 16:38:50.067|INFO|c2ca6cfa-6ce7-43ca-8346-f6aff1d8f41b|org.kie.kogito.serverless.workflow.devservices.DevModeServerlessWorkflowLogger|Starting workflow 'saga2-transfer-workflow' (c2ca6cfa-6ce7-43ca-8346-f6aff1d8f41b)
2026-08-17 16:38:50.067|INFO|c2ca6cfa-6ce7-43ca-8346-f6aff1d8f41b|org.kie.kogito.serverless.workflow.devservices.DevModeServerlessWorkflowLogger|Workflow data 
{
  "Account_A" : "A123",
  "Account_B" : "B123",
  "AMT" : 500
}
2026-08-17 16:38:50.067|INFO|c2ca6cfa-6ce7-43ca-8346-f6aff1d8f41b|org.kie.kogito.serverless.workflow.devservices.DevModeServerlessWorkflowLogger|Triggered node 'Start' for process 'saga2-transfer-workflow' (c2ca6cfa-6ce7-43ca-8346-f6aff1d8f41b)
2026-08-17 16:38:50.067|INFO|c2ca6cfa-6ce7-43ca-8346-f6aff1d8f41b|org.kie.kogito.serverless.workflow.devservices.DevModeServerlessWorkflowLogger|Triggered node 'ValidateInput' for process 'saga2-transfer-workflow' (c2ca6cfa-6ce7-43ca-8346-f6aff1d8f41b)
2026-08-17 16:38:50.070|INFO|c2ca6cfa-6ce7-43ca-8346-f6aff1d8f41b|org.kie.kogito.serverless.workflow.devservices.DevModeServerlessWorkflowLogger|Triggered node 'CallA16229State' for process 'saga2-transfer-workflow' (c2ca6cfa-6ce7-43ca-8346-f6aff1d8f41b)
2026-08-17 16:38:50.070|INFO|c2ca6cfa-6ce7-43ca-8346-f6aff1d8f41b|org.kie.kogito.serverless.workflow.devservices.DevModeServerlessWorkflowLogger|Triggered node 'callApiViaOpenAPI' for process 'saga2-transfer-workflow' (c2ca6cfa-6ce7-43ca-8346-f6aff1d8f41b)
2026-08-17 16:38:50.075|INFO|c2ca6cfa-6ce7-43ca-8346-f6aff1d8f41b|org.kie.kogito.serverless.workflow.devservices.DevModeServerlessWorkflowLogger|Property 'workflowdata.a16229Result' changed value from: 'null', to: '{"code":"100","message":"成功","Account":"A123","_httpStatus":200}'
2026-08-17 16:38:50.075|INFO|c2ca6cfa-6ce7-43ca-8346-f6aff1d8f41b|org.kie.kogito.serverless.workflow.devservices.DevModeServerlessWorkflowLogger|Triggered node 'CheckA16229Result' for process 'saga2-transfer-workflow' (c2ca6cfa-6ce7-43ca-8346-f6aff1d8f41b)
2026-08-17 16:38:50.076|INFO|c2ca6cfa-6ce7-43ca-8346-f6aff1d8f41b|org.kie.kogito.serverless.workflow.devservices.DevModeServerlessWorkflowLogger|Triggered node 'CallA16220State' for process 'saga2-transfer-workflow' (c2ca6cfa-6ce7-43ca-8346-f6aff1d8f41b)
2026-08-17 16:38:50.076|INFO|c2ca6cfa-6ce7-43ca-8346-f6aff1d8f41b|org.kie.kogito.serverless.workflow.devservices.DevModeServerlessWorkflowLogger|Triggered node 'callApiViaOpenAPI' for process 'saga2-transfer-workflow' (c2ca6cfa-6ce7-43ca-8346-f6aff1d8f41b)
2026-08-17 16:38:50.081|INFO|c2ca6cfa-6ce7-43ca-8346-f6aff1d8f41b|org.kie.kogito.serverless.workflow.devservices.DevModeServerlessWorkflowLogger|Property 'workflowdata.a16220Result' changed value from: 'null', to: '{"code":"100","message":"成功","Account":"B123","_httpStatus":200}'
2026-08-17 16:38:50.082|INFO|c2ca6cfa-6ce7-43ca-8346-f6aff1d8f41b|org.kie.kogito.serverless.workflow.devservices.DevModeServerlessWorkflowLogger|Triggered node 'CheckA16220Result' for process 'saga2-transfer-workflow' (c2ca6cfa-6ce7-43ca-8346-f6aff1d8f41b)
2026-08-17 16:38:50.082|INFO|c2ca6cfa-6ce7-43ca-8346-f6aff1d8f41b|org.kie.kogito.serverless.workflow.devservices.DevModeServerlessWorkflowLogger|Triggered node 'DecideByEvaluation' for process 'saga2-transfer-workflow' (c2ca6cfa-6ce7-43ca-8346-f6aff1d8f41b)
2026-08-17 16:38:50.082|INFO|c2ca6cfa-6ce7-43ca-8346-f6aff1d8f41b|org.kie.kogito.serverless.workflow.devservices.DevModeServerlessWorkflowLogger|Triggered node 'InjectSuccessStatus' for process 'saga2-transfer-workflow' (c2ca6cfa-6ce7-43ca-8346-f6aff1d8f41b)
2026-08-17 16:38:50.082|INFO|c2ca6cfa-6ce7-43ca-8346-f6aff1d8f41b|org.kie.kogito.serverless.workflow.devservices.DevModeServerlessWorkflowLogger|Property 'workflowdata.finalStatus' changed value from: 'null', to: '"SUCCESS"'
2026-08-17 16:38:50.082|INFO|c2ca6cfa-6ce7-43ca-8346-f6aff1d8f41b|org.kie.kogito.serverless.workflow.devservices.DevModeServerlessWorkflowLogger|Property 'workflowdata.finalMessage' changed value from: 'null', to: '"交易成功"'
2026-08-17 16:38:50.083|INFO|c2ca6cfa-6ce7-43ca-8346-f6aff1d8f41b|org.kie.kogito.serverless.workflow.devservices.DevModeServerlessWorkflowLogger|Triggered node 'Join-FinalAuditAndEnd' for process 'saga2-transfer-workflow' (c2ca6cfa-6ce7-43ca-8346-f6aff1d8f41b)
2026-08-17 16:38:50.083|INFO|c2ca6cfa-6ce7-43ca-8346-f6aff1d8f41b|org.kie.kogito.serverless.workflow.devservices.DevModeServerlessWorkflowLogger|Triggered node 'FinalAuditAndEnd' for process 'saga2-transfer-workflow' (c2ca6cfa-6ce7-43ca-8346-f6aff1d8f41b)
2026-08-17 16:38:50.083|INFO|c2ca6cfa-6ce7-43ca-8346-f6aff1d8f41b|org.kie.kogito.serverless.workflow.devservices.DevModeServerlessWorkflowLogger|Triggered node 'recordAuditLog' for process 'saga2-transfer-workflow' (c2ca6cfa-6ce7-43ca-8346-f6aff1d8f41b)
2026-08-17 16:38:50.084|INFO|c2ca6cfa-6ce7-43ca-8346-f6aff1d8f41b|com.example.reconciliation.AuditLogService|[AuditLogService] 成功寫入對帳紀錄! Workflow: saga2-transfer-workflow, BusinessKey: A123, Status: SUCCESS, Rows: 1
2026-08-17 16:38:50.085|INFO|c2ca6cfa-6ce7-43ca-8346-f6aff1d8f41b|org.kie.kogito.serverless.workflow.devservices.DevModeServerlessWorkflowLogger|Property 'workflowdata.saved' changed value from: 'null', to: 'true'
2026-08-17 16:38:50.085|INFO|c2ca6cfa-6ce7-43ca-8346-f6aff1d8f41b|org.kie.kogito.serverless.workflow.devservices.DevModeServerlessWorkflowLogger|Property 'workflowdata.workflowId' changed value from: 'null', to: '"saga2-transfer-workflow"'
2026-08-17 16:38:50.085|INFO|c2ca6cfa-6ce7-43ca-8346-f6aff1d8f41b|org.kie.kogito.serverless.workflow.devservices.DevModeServerlessWorkflowLogger|Property 'workflowdata.status' changed value from: 'null', to: '"SUCCESS"'
2026-08-17 16:38:50.085|INFO|c2ca6cfa-6ce7-43ca-8346-f6aff1d8f41b|org.kie.kogito.serverless.workflow.devservices.DevModeServerlessWorkflowLogger|Workflow data change
{
  "status" : "SUCCESS",
  "message" : "交易成功",
  "AMT" : 500,
  "a16229Result" : {
    "code" : "100",
    "message" : "成功",
    "Account" : "A123",
    "_httpStatus" : 200
  },
  "a16220Result" : {
    "code" : "100",
    "message" : "成功",
    "Account" : "B123",
    "_httpStatus" : 200
  },
  "a16229Rollback" : null,
  "a16220Rollback" : null
}
2026-08-17 16:38:50.086|INFO|c2ca6cfa-6ce7-43ca-8346-f6aff1d8f41b|org.kie.kogito.serverless.workflow.devservices.DevModeServerlessWorkflowLogger|Triggered node 'End' for process 'saga2-transfer-workflow' (c2ca6cfa-6ce7-43ca-8346-f6aff1d8f41b)
2026-08-17 16:38:50.086|INFO|c2ca6cfa-6ce7-43ca-8346-f6aff1d8f41b|org.kie.kogito.serverless.workflow.devservices.DevModeServerlessWorkflowLogger|Workflow 'saga2-transfer-workflow' (c2ca6cfa-6ce7-43ca-8346-f6aff1d8f41b) completed
2026-08-17 16:38:50.106|INFO|48c06f1e-2d4d-4963-8008-bd7882af1136|org.kie.kogito.serverless.workflow.devservices.DevModeServerlessWorkflowLogger|Property 'workflowdatainput' changed value from: 'null', to: '{"Account_A":"A123","Account_B":"B123","AMT":501}'
2026-08-17 16:38:50.106|INFO|48c06f1e-2d4d-4963-8008-bd7882af1136|org.kie.kogito.serverless.workflow.devservices.DevModeServerlessWorkflowLogger|Workflow data change
{
  "Account_A" : "A123",
  "Account_B" : "B123",
  "AMT" : 501
}
2026-08-17 16:38:50.106|INFO|48c06f1e-2d4d-4963-8008-bd7882af1136|org.kie.kogito.serverless.workflow.devservices.DevModeServerlessWorkflowLogger|Starting workflow 'saga2-transfer-workflow' (48c06f1e-2d4d-4963-8008-bd7882af1136)
2026-08-17 16:38:50.107|INFO|48c06f1e-2d4d-4963-8008-bd7882af1136|org.kie.kogito.serverless.workflow.devservices.DevModeServerlessWorkflowLogger|Workflow data 
{
  "Account_A" : "A123",
  "Account_B" : "B123",
  "AMT" : 501
}
2026-08-17 16:38:50.107|INFO|48c06f1e-2d4d-4963-8008-bd7882af1136|org.kie.kogito.serverless.workflow.devservices.DevModeServerlessWorkflowLogger|Triggered node 'Start' for process 'saga2-transfer-workflow' (48c06f1e-2d4d-4963-8008-bd7882af1136)
2026-08-17 16:38:50.107|INFO|48c06f1e-2d4d-4963-8008-bd7882af1136|org.kie.kogito.serverless.workflow.devservices.DevModeServerlessWorkflowLogger|Triggered node 'ValidateInput' for process 'saga2-transfer-workflow' (48c06f1e-2d4d-4963-8008-bd7882af1136)
2026-08-17 16:38:50.108|INFO|48c06f1e-2d4d-4963-8008-bd7882af1136|org.kie.kogito.serverless.workflow.devservices.DevModeServerlessWorkflowLogger|Triggered node 'CallA16229State' for process 'saga2-transfer-workflow' (48c06f1e-2d4d-4963-8008-bd7882af1136)
2026-08-17 16:38:50.109|INFO|48c06f1e-2d4d-4963-8008-bd7882af1136|org.kie.kogito.serverless.workflow.devservices.DevModeServerlessWorkflowLogger|Triggered node 'callApiViaOpenAPI' for process 'saga2-transfer-workflow' (48c06f1e-2d4d-4963-8008-bd7882af1136)
2026-08-17 16:38:50.114|INFO|48c06f1e-2d4d-4963-8008-bd7882af1136|org.kie.kogito.serverless.workflow.devservices.DevModeServerlessWorkflowLogger|Property 'workflowdata.a16229Result' changed value from: 'null', to: '{"code":"100","message":"成功","Account":"A123","_httpStatus":200}'
2026-08-17 16:38:50.114|INFO|48c06f1e-2d4d-4963-8008-bd7882af1136|org.kie.kogito.serverless.workflow.devservices.DevModeServerlessWorkflowLogger|Triggered node 'CheckA16229Result' for process 'saga2-transfer-workflow' (48c06f1e-2d4d-4963-8008-bd7882af1136)
2026-08-17 16:38:50.115|INFO|48c06f1e-2d4d-4963-8008-bd7882af1136|org.kie.kogito.serverless.workflow.devservices.DevModeServerlessWorkflowLogger|Triggered node 'CallA16220State' for process 'saga2-transfer-workflow' (48c06f1e-2d4d-4963-8008-bd7882af1136)
2026-08-17 16:38:50.115|INFO|48c06f1e-2d4d-4963-8008-bd7882af1136|org.kie.kogito.serverless.workflow.devservices.DevModeServerlessWorkflowLogger|Triggered node 'callApiViaOpenAPI' for process 'saga2-transfer-workflow' (48c06f1e-2d4d-4963-8008-bd7882af1136)
2026-08-17 16:38:50.120|INFO|48c06f1e-2d4d-4963-8008-bd7882af1136|org.kie.kogito.serverless.workflow.devservices.DevModeServerlessWorkflowLogger|Property 'workflowdata.a16220Result' changed value from: 'null', to: '{"code":"100","message":"成功","Account":"B123","_httpStatus":200}'
2026-08-17 16:38:50.121|INFO|48c06f1e-2d4d-4963-8008-bd7882af1136|org.kie.kogito.serverless.workflow.devservices.DevModeServerlessWorkflowLogger|Triggered node 'CheckA16220Result' for process 'saga2-transfer-workflow' (48c06f1e-2d4d-4963-8008-bd7882af1136)
2026-08-17 16:38:50.121|INFO|48c06f1e-2d4d-4963-8008-bd7882af1136|org.kie.kogito.serverless.workflow.devservices.DevModeServerlessWorkflowLogger|Triggered node 'DecideByEvaluation' for process 'saga2-transfer-workflow' (48c06f1e-2d4d-4963-8008-bd7882af1136)
2026-08-17 16:38:50.121|INFO|48c06f1e-2d4d-4963-8008-bd7882af1136|org.kie.kogito.serverless.workflow.devservices.DevModeServerlessWorkflowLogger|Triggered node 'Join-RollbackA16220' for process 'saga2-transfer-workflow' (48c06f1e-2d4d-4963-8008-bd7882af1136)
2026-08-17 16:38:50.121|INFO|48c06f1e-2d4d-4963-8008-bd7882af1136|org.kie.kogito.serverless.workflow.devservices.DevModeServerlessWorkflowLogger|Triggered node 'RollbackA16220' for process 'saga2-transfer-workflow' (48c06f1e-2d4d-4963-8008-bd7882af1136)
2026-08-17 16:38:50.121|INFO|48c06f1e-2d4d-4963-8008-bd7882af1136|org.kie.kogito.serverless.workflow.devservices.DevModeServerlessWorkflowLogger|Triggered node 'callApiViaOpenAPI' for process 'saga2-transfer-workflow' (48c06f1e-2d4d-4963-8008-bd7882af1136)
2026-08-17 16:38:50.128|INFO|48c06f1e-2d4d-4963-8008-bd7882af1136|org.kie.kogito.serverless.workflow.devservices.DevModeServerlessWorkflowLogger|Property 'workflowdata.a16220Rollback' changed value from: 'null', to: '{"code":"100","message":"成功(EC)","Account":"B123","_httpStatus":200}'
2026-08-17 16:38:50.128|INFO|48c06f1e-2d4d-4963-8008-bd7882af1136|org.kie.kogito.serverless.workflow.devservices.DevModeServerlessWorkflowLogger|Triggered node 'RollbackA16229' for process 'saga2-transfer-workflow' (48c06f1e-2d4d-4963-8008-bd7882af1136)
2026-08-17 16:38:50.129|INFO|48c06f1e-2d4d-4963-8008-bd7882af1136|org.kie.kogito.serverless.workflow.devservices.DevModeServerlessWorkflowLogger|Triggered node 'callApiViaOpenAPI' for process 'saga2-transfer-workflow' (48c06f1e-2d4d-4963-8008-bd7882af1136)
2026-08-17 16:38:50.135|INFO|48c06f1e-2d4d-4963-8008-bd7882af1136|org.kie.kogito.serverless.workflow.devservices.DevModeServerlessWorkflowLogger|Property 'workflowdata.a16229Rollback' changed value from: 'null', to: '{"code":"100","message":"成功(EC)","Account":"A123","_httpStatus":200}'
2026-08-17 16:38:50.136|INFO|48c06f1e-2d4d-4963-8008-bd7882af1136|org.kie.kogito.serverless.workflow.devservices.DevModeServerlessWorkflowLogger|Triggered node 'CheckRollbackResults' for process 'saga2-transfer-workflow' (48c06f1e-2d4d-4963-8008-bd7882af1136)
2026-08-17 16:38:50.136|INFO|48c06f1e-2d4d-4963-8008-bd7882af1136|org.kie.kogito.serverless.workflow.devservices.DevModeServerlessWorkflowLogger|Triggered node 'InjectRolledBackStatus' for process 'saga2-transfer-workflow' (48c06f1e-2d4d-4963-8008-bd7882af1136)
2026-08-17 16:38:50.136|INFO|48c06f1e-2d4d-4963-8008-bd7882af1136|org.kie.kogito.serverless.workflow.devservices.DevModeServerlessWorkflowLogger|Property 'workflowdata.finalStatus' changed value from: 'null', to: '"ROLLED_BACK"'
2026-08-17 16:38:50.136|INFO|48c06f1e-2d4d-4963-8008-bd7882af1136|org.kie.kogito.serverless.workflow.devservices.DevModeServerlessWorkflowLogger|Property 'workflowdata.finalMessage' changed value from: 'null', to: '"AMT > 500 觸發 saga 回沖 (LIFO)"'
2026-08-17 16:38:50.136|INFO|48c06f1e-2d4d-4963-8008-bd7882af1136|org.kie.kogito.serverless.workflow.devservices.DevModeServerlessWorkflowLogger|Triggered node 'Join-FinalAuditAndEnd' for process 'saga2-transfer-workflow' (48c06f1e-2d4d-4963-8008-bd7882af1136)
2026-08-17 16:38:50.136|INFO|48c06f1e-2d4d-4963-8008-bd7882af1136|org.kie.kogito.serverless.workflow.devservices.DevModeServerlessWorkflowLogger|Triggered node 'FinalAuditAndEnd' for process 'saga2-transfer-workflow' (48c06f1e-2d4d-4963-8008-bd7882af1136)
2026-08-17 16:38:50.136|INFO|48c06f1e-2d4d-4963-8008-bd7882af1136|org.kie.kogito.serverless.workflow.devservices.DevModeServerlessWorkflowLogger|Triggered node 'recordAuditLog' for process 'saga2-transfer-workflow' (48c06f1e-2d4d-4963-8008-bd7882af1136)
2026-08-17 16:38:50.137|INFO|48c06f1e-2d4d-4963-8008-bd7882af1136|com.example.reconciliation.AuditLogService|[AuditLogService] 成功寫入對帳紀錄! Workflow: saga2-transfer-workflow, BusinessKey: A123, Status: ROLLED_BACK, Rows: 1
2026-08-17 16:38:50.138|INFO|48c06f1e-2d4d-4963-8008-bd7882af1136|org.kie.kogito.serverless.workflow.devservices.DevModeServerlessWorkflowLogger|Property 'workflowdata.saved' changed value from: 'null', to: 'true'
2026-08-17 16:38:50.138|INFO|48c06f1e-2d4d-4963-8008-bd7882af1136|org.kie.kogito.serverless.workflow.devservices.DevModeServerlessWorkflowLogger|Property 'workflowdata.workflowId' changed value from: 'null', to: '"saga2-transfer-workflow"'
2026-08-17 16:38:50.138|INFO|48c06f1e-2d4d-4963-8008-bd7882af1136|org.kie.kogito.serverless.workflow.devservices.DevModeServerlessWorkflowLogger|Property 'workflowdata.status' changed value from: 'null', to: '"ROLLED_BACK"'
2026-08-17 16:38:50.138|INFO|48c06f1e-2d4d-4963-8008-bd7882af1136|org.kie.kogito.serverless.workflow.devservices.DevModeServerlessWorkflowLogger|Workflow data change
{
  "status" : "ROLLED_BACK",
  "message" : "AMT > 500 觸發 saga 回沖 (LIFO)",
  "AMT" : 501,
  "a16229Result" : {
    "code" : "100",
    "message" : "成功",
    "Account" : "A123",
    "_httpStatus" : 200
  },
  "a16220Result" : {
    "code" : "100",
    "message" : "成功",
    "Account" : "B123",
    "_httpStatus" : 200
  },
  "a16229Rollback" : {
    "code" : "100",
    "message" : "成功(EC)",
    "Account" : "A123",
    "_httpStatus" : 200
  },
  "a16220Rollback" : {
    "code" : "100",
    "message" : "成功(EC)",
    "Account" : "B123",
    "_httpStatus" : 200
  }
}
2026-08-17 16:38:50.138|INFO|48c06f1e-2d4d-4963-8008-bd7882af1136|org.kie.kogito.serverless.workflow.devservices.DevModeServerlessWorkflowLogger|Triggered node 'End' for process 'saga2-transfer-workflow' (48c06f1e-2d4d-4963-8008-bd7882af1136)
2026-08-17 16:38:50.138|INFO|48c06f1e-2d4d-4963-8008-bd7882af1136|org.kie.kogito.serverless.workflow.devservices.DevModeServerlessWorkflowLogger|Workflow 'saga2-transfer-workflow' (48c06f1e-2d4d-4963-8008-bd7882af1136) completed
2026-08-17 16:38:50.165|INFO||com.example.reconciliation.ReconciliationCsvExporter|[ReconciliationCsvExporter] 匯出完成: file=reconciliation-20260817-163850.csv, rows=7, bytes=1066
2026-08-17 16:38:51.315|INFO||com.example.reconciliation.ReconciliationCsvExporter|[ReconciliationCsvExporter] 匯出完成: file=reconciliation-20260817-163851.csv, rows=7, bytes=1066
]]></system-out>
    <system-err><![CDATA[8月 17, 2026 4:38:49 下午 com.example.platform.security.SonataFlowSecurityConfig$WorkflowStatusFilter filter
INFO: [HTTP-AUDIT] URI: /A16229 | HTTP: 200 | Cost: 0ms | INPUT: {"Account_A":"A123","AMT":100,"EC":false} | OUTPUT: {"code":"100","message":"成功","Account":"A123"}
8月 17, 2026 4:38:49 下午 com.example.platform.security.SonataFlowSecurityConfig$WorkflowStatusFilter filter
INFO: [HTTP-AUDIT] URI: /A16220 | HTTP: 200 | Cost: 0ms | INPUT: {"AMT":100,"Account_B":"B123","EC":false} | OUTPUT: {"code":"100","message":"成功","Account":"B123"}
8月 17, 2026 4:38:49 下午 com.example.platform.security.SonataFlowSecurityConfig$WorkflowStatusFilter filter
INFO: [HTTP-AUDIT] URI: /saga2-transfer-workflow | HTTP: 201 | Cost: 51ms | INPUT: {"Account_A":"A123","Account_B":"B123","AMT":100} | OUTPUT: {"id":"2aa31350-13f2-4ac4-aa66-58e5629ca8a0","workflowdata":{"status":"SUCCESS","message":"交易成功","AMT":100,"a16229Result":{"code":"100","message":"成功","Account":"A123","_httpStatus":200},"a16220Result":{"code":"100","message":"成功","Account":"B123","_httpStatus":200},"a16229Rollback":null,"a16220Rollback":null}}
8月 17, 2026 4:38:49 下午 com.example.platform.security.SonataFlowSecurityConfig$WorkflowStatusFilter filter
INFO: [HTTP-AUDIT] URI: /A16229 | HTTP: 403 | Cost: 0ms | INPUT: {"Account_A":"A123","AMT":30,"EC":false} | OUTPUT: {"code":"999","message":"AMT必須大於50","Account":"A123"}
8月 17, 2026 4:38:49 下午 com.example.platform.security.SonataFlowSecurityConfig$WorkflowStatusFilter filter
INFO: [HTTP-AUDIT] URI: /saga2-transfer-workflow | HTTP: 201 | Cost: 30ms | INPUT: {"Account_A":"A123","Account_B":"B123","AMT":30} | OUTPUT: {"id":"cfe8d6af-2ed6-461a-abad-818df4af642b","workflowdata":{"status":"FAILED","message":"業務失敗或 API 錯誤","AMT":30,"a16229Result":{"code":"999","message":"AMT必須大於50","Account":"A123","_httpStatus":403},"a16220Result":null,"a16229Rollback":null,"a16220Rollback":null}}
8月 17, 2026 4:38:49 下午 com.example.platform.security.SonataFlowSecurityConfig$WorkflowStatusFilter filter
INFO: [HTTP-AUDIT] URI: /A16229 | HTTP: 200 | Cost: 0ms | INPUT: {"Account_A":"A123","AMT":600,"EC":false} | OUTPUT: {"code":"100","message":"成功","Account":"A123"}
8月 17, 2026 4:38:49 下午 com.example.platform.security.SonataFlowSecurityConfig$WorkflowStatusFilter filter
INFO: [HTTP-AUDIT] URI: /A16220 | HTTP: 200 | Cost: 0ms | INPUT: {"AMT":600,"Account_B":"B123","EC":false} | OUTPUT: {"code":"100","message":"成功","Account":"B123"}
8月 17, 2026 4:38:49 下午 com.example.platform.security.SonataFlowSecurityConfig$WorkflowStatusFilter filter
INFO: [HTTP-AUDIT] URI: /A16220 | HTTP: 200 | Cost: 0ms | INPUT: {"AMT":600,"Account_B":"B123","EC":true} | OUTPUT: {"code":"100","message":"成功(EC)","Account":"B123"}
8月 17, 2026 4:38:49 下午 com.example.platform.security.SonataFlowSecurityConfig$WorkflowStatusFilter filter
INFO: [HTTP-AUDIT] URI: /A16229 | HTTP: 200 | Cost: 0ms | INPUT: {"Account_A":"A123","AMT":600,"EC":true} | OUTPUT: {"code":"100","message":"成功(EC)","Account":"A123"}
8月 17, 2026 4:38:49 下午 com.example.platform.security.SonataFlowSecurityConfig$WorkflowStatusFilter filter
INFO: [HTTP-AUDIT] URI: /saga2-transfer-workflow | HTTP: 201 | Cost: 59ms | INPUT: {"Account_A":"A123","Account_B":"B123","AMT":600} | OUTPUT: {"id":"139b4bf4-a035-404b-9136-d52ce398f6ba","workflowdata":{"status":"ROLLED_BACK","message":"AMT > 500 觸發 saga 回沖 (LIFO)","AMT":600,"a16229Result":{"code":"100","message":"成功","Account":"A123","_httpStatus":200},"a16220Result":{"code":"100","message":"成功","Account":"B123","_httpStatus":200},"a16229Rollback":{"code":"100","message":"成功(EC)","Account":"A123","_httpStatus":200},"a16220Rollback":{"code":"100","message":"成功(EC)","Account":"B123","_httpStatus":200}}}
8月 17, 2026 4:38:50 下午 com.example.platform.security.SonataFlowSecurityConfig$WorkflowStatusFilter filter
INFO: [HTTP-AUDIT] URI: /A16229 | HTTP: 200 | Cost: 0ms | INPUT: {"Account_A":"A123","AMT":2000,"EC":false} | OUTPUT: {"code":"100","message":"成功","Account":"A123"}
8月 17, 2026 4:38:50 下午 com.example.platform.security.SonataFlowSecurityConfig$WorkflowStatusFilter filter
INFO: [HTTP-AUDIT] URI: /A16220 | HTTP: 403 | Cost: 0ms | INPUT: {"AMT":2000,"Account_B":"B123","EC":false} | OUTPUT: {"code":"999","message":"AMT必須小於1000","Account":"B123"}
8月 17, 2026 4:38:50 下午 com.example.platform.security.SonataFlowSecurityConfig$WorkflowStatusFilter filter
INFO: [HTTP-AUDIT] URI: /A16229 | HTTP: 200 | Cost: 0ms | INPUT: {"Account_A":"A123","AMT":2000,"EC":true} | OUTPUT: {"code":"100","message":"成功(EC)","Account":"A123"}
8月 17, 2026 4:38:50 下午 com.example.platform.security.SonataFlowSecurityConfig$WorkflowStatusFilter filter
INFO: [HTTP-AUDIT] URI: /saga2-transfer-workflow | HTTP: 201 | Cost: 47ms | INPUT: {"Account_A":"A123","Account_B":"B123","AMT":2000} | OUTPUT: {"id":"54464672-a1f8-4655-b6f6-36b2f95b6c77","workflowdata":{"status":"ROLLED_BACK","message":"A16220 業務失敗,僅回沖 A16229","AMT":2000,"a16229Result":{"code":"100","message":"成功","Account":"A123","_httpStatus":200},"a16220Result":{"code":"999","message":"AMT必須小於1000","Account":"B123","_httpStatus":403},"a16229Rollback":{"code":"100","message":"成功(EC)","Account":"A123","_httpStatus":200},"a16220Rollback":null}}
8月 17, 2026 4:38:50 下午 com.example.platform.security.SonataFlowSecurityConfig$WorkflowStatusFilter filter
INFO: [HTTP-AUDIT] URI: /A16229 | HTTP: 200 | Cost: 0ms | INPUT: {"Account_A":"A123","AMT":500,"EC":false} | OUTPUT: {"code":"100","message":"成功","Account":"A123"}
8月 17, 2026 4:38:50 下午 com.example.platform.security.SonataFlowSecurityConfig$WorkflowStatusFilter filter
INFO: [HTTP-AUDIT] URI: /A16220 | HTTP: 200 | Cost: 0ms | INPUT: {"AMT":500,"Account_B":"B123","EC":false} | OUTPUT: {"code":"100","message":"成功","Account":"B123"}
8月 17, 2026 4:38:50 下午 com.example.platform.security.SonataFlowSecurityConfig$WorkflowStatusFilter filter
INFO: [HTTP-AUDIT] URI: /saga2-transfer-workflow | HTTP: 201 | Cost: 28ms | INPUT: {"Account_A":"A123","Account_B":"B123","AMT":500} | OUTPUT: {"id":"c2ca6cfa-6ce7-43ca-8346-f6aff1d8f41b","workflowdata":{"status":"SUCCESS","message":"交易成功","AMT":500,"a16229Result":{"code":"100","message":"成功","Account":"A123","_httpStatus":200},"a16220Result":{"code":"100","message":"成功","Account":"B123","_httpStatus":200},"a16229Rollback":null,"a16220Rollback":null}}
8月 17, 2026 4:38:50 下午 com.example.platform.security.SonataFlowSecurityConfig$WorkflowStatusFilter filter
INFO: [HTTP-AUDIT] URI: /A16229 | HTTP: 200 | Cost: 0ms | INPUT: {"Account_A":"A123","AMT":501,"EC":false} | OUTPUT: {"code":"100","message":"成功","Account":"A123"}
8月 17, 2026 4:38:50 下午 com.example.platform.security.SonataFlowSecurityConfig$WorkflowStatusFilter filter
INFO: [HTTP-AUDIT] URI: /A16220 | HTTP: 200 | Cost: 0ms | INPUT: {"AMT":501,"Account_B":"B123","EC":false} | OUTPUT: {"code":"100","message":"成功","Account":"B123"}
8月 17, 2026 4:38:50 下午 com.example.platform.security.SonataFlowSecurityConfig$WorkflowStatusFilter filter
INFO: [HTTP-AUDIT] URI: /A16220 | HTTP: 200 | Cost: 0ms | INPUT: {"AMT":501,"Account_B":"B123","EC":true} | OUTPUT: {"code":"100","message":"成功(EC)","Account":"B123"}
8月 17, 2026 4:38:50 下午 com.example.platform.security.SonataFlowSecurityConfig$WorkflowStatusFilter filter
INFO: [HTTP-AUDIT] URI: /A16229 | HTTP: 200 | Cost: 0ms | INPUT: {"Account_A":"A123","AMT":501,"EC":true} | OUTPUT: {"code":"100","message":"成功(EC)","Account":"A123"}
8月 17, 2026 4:38:50 下午 com.example.platform.security.SonataFlowSecurityConfig$WorkflowStatusFilter filter
INFO: [HTTP-AUDIT] URI: /saga2-transfer-workflow | HTTP: 201 | Cost: 42ms | INPUT: {"Account_A":"A123","Account_B":"B123","AMT":501} | OUTPUT: {"id":"48c06f1e-2d4d-4963-8008-bd7882af1136","workflowdata":{"status":"ROLLED_BACK","message":"AMT > 500 觸發 saga 回沖 (LIFO)","AMT":501,"a16229Result":{"code":"100","message":"成功","Account":"A123","_httpStatus":200},"a16220Result":{"code":"100","message":"成功","Account":"B123","_httpStatus":200},"a16229Rollback":{"code":"100","message":"成功(EC)","Account":"A123","_httpStatus":200},"a16220Rollback":{"code":"100","message":"成功(EC)","Account":"B123","_httpStatus":200}}}
8月 17, 2026 4:38:50 下午 com.example.platform.security.SonataFlowSecurityConfig$WorkflowStatusFilter filter
INFO: [HTTP-AUDIT] URI: /reconciliation/export-csv | HTTP: 200 | Cost: 3ms | INPUT: {} | OUTPUT: {"ok":true,"filePath":"/media/op/acer_sata/2026_AI_Hack/SonataFlow/myhello-platform-src-0817/myhello-platform/distribution/transfer-app/data/reconciliation-20260817-163850.csv","fileName":"reconciliation-20260817-163850.csv","rowCount":7,"byteSize":1066,"exportedAt":"2026-08-17T16:38:50.165668901","filters":{"workflowId":"","businessKey":"","status":""}}
8月 17, 2026 4:38:51 下午 com.example.platform.security.SonataFlowSecurityConfig$WorkflowStatusFilter filter
INFO: [HTTP-AUDIT] URI: /reconciliation/export-csv | HTTP: 200 | Cost: 1ms | INPUT: {} | OUTPUT: {"ok":true,"filePath":"/media/op/acer_sata/2026_AI_Hack/SonataFlow/myhello-platform-src-0817/myhello-platform/distribution/transfer-app/data/reconciliation-20260817-163851.csv","fileName":"reconciliation-20260817-163851.csv","rowCount":7,"byteSize":1066,"exportedAt":"2026-08-17T16:38:51.315359770","filters":{"workflowId":"","businessKey":"","status":""}}
]]></system-err>
  </testcase>
  <testcase name="testAEmptyCsvStillHasHeader" classname="Reconciliation CSV 匯出額外驗證" time="0.027">
    <system-out><![CDATA[2026-08-17 16:38:51.343|INFO||com.example.reconciliation.ReconciliationCsvExporter|[ReconciliationCsvExporter] 匯出完成: file=reconciliation-20260817-163851.csv, rows=0, bytes=169
]]></system-out>
    <system-err><![CDATA[8月 17, 2026 4:38:51 下午 com.example.platform.security.SonataFlowSecurityConfig$WorkflowStatusFilter filter
INFO: [HTTP-AUDIT] URI: /reconciliation/export-csv | HTTP: 200 | Cost: 0ms | INPUT: {"workflowId":"non-existent-xyz"} | OUTPUT: {"ok":true,"filePath":"/media/op/acer_sata/2026_AI_Hack/SonataFlow/myhello-platform-src-0817/myhello-platform/distribution/transfer-app/data/reconciliation-20260817-163851.csv","fileName":"reconciliation-20260817-163851.csv","rowCount":0,"byteSize":169,"exportedAt":"2026-08-17T16:38:51.343876163","filters":{"workflowId":"non-existent-xyz","businessKey":"","status":""}}
]]></system-err>
  </testcase>
  <testcase name="testANullFieldsAsEmptyString" classname="Reconciliation CSV 匯出額外驗證" time="0.024">
    <system-out><![CDATA[2026-08-17 16:38:51.371|INFO||com.example.reconciliation.ReconciliationCsvExporter|[ReconciliationCsvExporter] 匯出完成: file=reconciliation-20260817-163851.csv, rows=1, bytes=293
]]></system-out>
    <system-err><![CDATA[8月 17, 2026 4:38:51 下午 com.example.platform.security.SonataFlowSecurityConfig$WorkflowStatusFilter filter
INFO: [HTTP-AUDIT] URI: /reconciliation/export-csv | HTTP: 200 | Cost: 0ms | INPUT: {"status":"FAILED"} | OUTPUT: {"ok":true,"filePath":"/media/op/acer_sata/2026_AI_Hack/SonataFlow/myhello-platform-src-0817/myhello-platform/distribution/transfer-app/data/reconciliation-20260817-163851.csv","fileName":"reconciliation-20260817-163851.csv","rowCount":1,"byteSize":293,"exportedAt":"2026-08-17T16:38:51.371775721","filters":{"workflowId":"","businessKey":"","status":"FAILED"}}
]]></system-err>
  </testcase>
  <testcase name="testACsvEscapeForCommas" classname="Reconciliation CSV 匯出額外驗證" time="0.031">
    <system-out><![CDATA[2026-08-17 16:38:51.398|INFO||com.example.reconciliation.ReconciliationCsvExporter|[ReconciliationCsvExporter] 匯出完成: file=reconciliation-20260817-163851.csv, rows=3, bytes=612
]]></system-out>
    <system-err><![CDATA[8月 17, 2026 4:38:51 下午 com.example.platform.security.SonataFlowSecurityConfig$WorkflowStatusFilter filter
INFO: [HTTP-AUDIT] URI: /reconciliation/export-csv | HTTP: 200 | Cost: 1ms | INPUT: {"status":"ROLLED_BACK"} | OUTPUT: {"ok":true,"filePath":"/media/op/acer_sata/2026_AI_Hack/SonataFlow/myhello-platform-src-0817/myhello-platform/distribution/transfer-app/data/reconciliation-20260817-163851.csv","fileName":"reconciliation-20260817-163851.csv","rowCount":3,"byteSize":612,"exportedAt":"2026-08-17T16:38:51.397993743","filters":{"workflowId":"","businessKey":"","status":"ROLLED_BACK"}}
]]></system-err>
  </testcase>
  <testcase name="testAContentType" classname="Reconciliation CSV 匯出額外驗證" time="0.023">
    <system-out><![CDATA[2026-08-17 16:38:51.429|INFO||com.example.reconciliation.ReconciliationCsvExporter|[ReconciliationCsvExporter] 匯出完成: file=reconciliation-20260817-163851.csv, rows=7, bytes=1066
]]></system-out>
    <system-err><![CDATA[8月 17, 2026 4:38:51 下午 com.example.platform.security.SonataFlowSecurityConfig$WorkflowStatusFilter filter
INFO: [HTTP-AUDIT] URI: /reconciliation/export-csv | HTTP: 200 | Cost: 1ms | INPUT: {} | OUTPUT: {"ok":true,"filePath":"/media/op/acer_sata/2026_AI_Hack/SonataFlow/myhello-platform-src-0817/myhello-platform/distribution/transfer-app/data/reconciliation-20260817-163851.csv","fileName":"reconciliation-20260817-163851.csv","rowCount":7,"byteSize":1066,"exportedAt":"2026-08-17T16:38:51.429220465","filters":{"workflowId":"","businessKey":"","status":""}}
]]></system-err>
  </testcase>
  <testcase name="testBCsvRowCountMatchesDbTotal" classname="Reconciliation CSV 匯出額外驗證" time="0.03">
    <system-out><![CDATA[2026-08-17 16:38:51.454|INFO||com.example.reconciliation.ReconciliationCsvExporter|[ReconciliationCsvExporter] 匯出完成: file=reconciliation-20260817-163851.csv, rows=7, bytes=1066
]]></system-out>
    <system-err><![CDATA[8月 17, 2026 4:38:51 下午 com.example.platform.security.SonataFlowSecurityConfig$WorkflowStatusFilter filter
INFO: [HTTP-AUDIT] URI: /reconciliation/export-csv | HTTP: 200 | Cost: 1ms | INPUT: {} | OUTPUT: {"ok":true,"filePath":"/media/op/acer_sata/2026_AI_Hack/SonataFlow/myhello-platform-src-0817/myhello-platform/distribution/transfer-app/data/reconciliation-20260817-163851.csv","fileName":"reconciliation-20260817-163851.csv","rowCount":7,"byteSize":1066,"exportedAt":"2026-08-17T16:38:51.454710757","filters":{"workflowId":"","businessKey":"","status":""}}
]]></system-err>
  </testcase>
  <testcase name="testBFilteredCsvMatchesDb" classname="Reconciliation CSV 匯出額外驗證" time="0.081">
    <system-out><![CDATA[2026-08-17 16:38:51.485|INFO||com.example.reconciliation.ReconciliationCsvExporter|[ReconciliationCsvExporter] 匯出完成: file=reconciliation-20260817-163851.csv, rows=3, bytes=612
2026-08-17 16:38:51.513|INFO||com.example.reconciliation.ReconciliationCsvExporter|[ReconciliationCsvExporter] 匯出完成: file=reconciliation-20260817-163851.csv, rows=3, bytes=499
2026-08-17 16:38:51.538|INFO||com.example.reconciliation.ReconciliationCsvExporter|[ReconciliationCsvExporter] 匯出完成: file=reconciliation-20260817-163851.csv, rows=1, bytes=293
]]></system-out>
    <system-err><![CDATA[8月 17, 2026 4:38:51 下午 com.example.platform.security.SonataFlowSecurityConfig$WorkflowStatusFilter filter
INFO: [HTTP-AUDIT] URI: /reconciliation/export-csv | HTTP: 200 | Cost: 1ms | INPUT: {"status":"ROLLED_BACK"} | OUTPUT: {"ok":true,"filePath":"/media/op/acer_sata/2026_AI_Hack/SonataFlow/myhello-platform-src-0817/myhello-platform/distribution/transfer-app/data/reconciliation-20260817-163851.csv","fileName":"reconciliation-20260817-163851.csv","rowCount":3,"byteSize":612,"exportedAt":"2026-08-17T16:38:51.485785315","filters":{"workflowId":"","businessKey":"","status":"ROLLED_BACK"}}
8月 17, 2026 4:38:51 下午 com.example.platform.security.SonataFlowSecurityConfig$WorkflowStatusFilter filter
INFO: [HTTP-AUDIT] URI: /reconciliation/export-csv | HTTP: 200 | Cost: 1ms | INPUT: {"status":"SUCCESS"} | OUTPUT: {"ok":true,"filePath":"/media/op/acer_sata/2026_AI_Hack/SonataFlow/myhello-platform-src-0817/myhello-platform/distribution/transfer-app/data/reconciliation-20260817-163851.csv","fileName":"reconciliation-20260817-163851.csv","rowCount":3,"byteSize":499,"exportedAt":"2026-08-17T16:38:51.513158828","filters":{"workflowId":"","businessKey":"","status":"SUCCESS"}}
8月 17, 2026 4:38:51 下午 com.example.platform.security.SonataFlowSecurityConfig$WorkflowStatusFilter filter
INFO: [HTTP-AUDIT] URI: /reconciliation/export-csv | HTTP: 200 | Cost: 0ms | INPUT: {"status":"FAILED"} | OUTPUT: {"ok":true,"filePath":"/media/op/acer_sata/2026_AI_Hack/SonataFlow/myhello-platform-src-0817/myhello-platform/distribution/transfer-app/data/reconciliation-20260817-163851.csv","fileName":"reconciliation-20260817-163851.csv","rowCount":1,"byteSize":293,"exportedAt":"2026-08-17T16:38:51.538363167","filters":{"workflowId":"","businessKey":"","status":"FAILED"}}
]]></system-err>
  </testcase>
  <testcase name="testBCsvContentMatchesDbFieldByField" classname="Reconciliation CSV 匯出額外驗證" time="0.026">
    <system-out><![CDATA[2026-08-17 16:38:51.565|INFO||com.example.reconciliation.ReconciliationCsvExporter|[ReconciliationCsvExporter] 匯出完成: file=reconciliation-20260817-163851.csv, rows=7, bytes=1066
]]></system-out>
    <system-err><![CDATA[8月 17, 2026 4:38:51 下午 com.example.platform.security.SonataFlowSecurityConfig$WorkflowStatusFilter filter
INFO: [HTTP-AUDIT] URI: /reconciliation/export-csv | HTTP: 200 | Cost: 1ms | INPUT: {} | OUTPUT: {"ok":true,"filePath":"/media/op/acer_sata/2026_AI_Hack/SonataFlow/myhello-platform-src-0817/myhello-platform/distribution/transfer-app/data/reconciliation-20260817-163851.csv","fileName":"reconciliation-20260817-163851.csv","rowCount":7,"byteSize":1066,"exportedAt":"2026-08-17T16:38:51.565193453","filters":{"workflowId":"","businessKey":"","status":""}}
]]></system-err>
  </testcase>
  <testcase name="testCAmtGreaterThan500" classname="Reconciliation CSV 匯出額外驗證" time="0.002"/>
  <testcase name="testCSuccessHasNoRollback" classname="Reconciliation CSV 匯出額外驗證" time="0.002"/>
  <testcase name="testCFailedShortCircuit" classname="Reconciliation CSV 匯出額外驗證" time="0.002"/>
  <testcase name="testCA16220FailedOnlyRollbackA16229" classname="Reconciliation CSV 匯出額外驗證" time="0.002"/>
  <testcase name="testDEndToEndAllFourStatuses" classname="Reconciliation CSV 匯出額外驗證" time="0.234">
    <system-out><![CDATA[2026-08-17 16:38:51.599|INFO|d4f8d57c-c09f-4d12-930f-8e372b67588c|org.kie.kogito.serverless.workflow.devservices.DevModeServerlessWorkflowLogger|Property 'workflowdatainput' changed value from: 'null', to: '{"Account_A":"931592_S","Account_B":"X","AMT":100}'
2026-08-17 16:38:51.599|INFO|d4f8d57c-c09f-4d12-930f-8e372b67588c|org.kie.kogito.serverless.workflow.devservices.DevModeServerlessWorkflowLogger|Workflow data change
{
  "Account_A" : "931592_S",
  "Account_B" : "X",
  "AMT" : 100
}
2026-08-17 16:38:51.599|INFO|d4f8d57c-c09f-4d12-930f-8e372b67588c|org.kie.kogito.serverless.workflow.devservices.DevModeServerlessWorkflowLogger|Starting workflow 'saga2-transfer-workflow' (d4f8d57c-c09f-4d12-930f-8e372b67588c)
2026-08-17 16:38:51.600|INFO|d4f8d57c-c09f-4d12-930f-8e372b67588c|org.kie.kogito.serverless.workflow.devservices.DevModeServerlessWorkflowLogger|Workflow data 
{
  "Account_A" : "931592_S",
  "Account_B" : "X",
  "AMT" : 100
}
2026-08-17 16:38:51.600|INFO|d4f8d57c-c09f-4d12-930f-8e372b67588c|org.kie.kogito.serverless.workflow.devservices.DevModeServerlessWorkflowLogger|Triggered node 'Start' for process 'saga2-transfer-workflow' (d4f8d57c-c09f-4d12-930f-8e372b67588c)
2026-08-17 16:38:51.600|INFO|d4f8d57c-c09f-4d12-930f-8e372b67588c|org.kie.kogito.serverless.workflow.devservices.DevModeServerlessWorkflowLogger|Triggered node 'ValidateInput' for process 'saga2-transfer-workflow' (d4f8d57c-c09f-4d12-930f-8e372b67588c)
2026-08-17 16:38:51.602|INFO|d4f8d57c-c09f-4d12-930f-8e372b67588c|org.kie.kogito.serverless.workflow.devservices.DevModeServerlessWorkflowLogger|Triggered node 'CallA16229State' for process 'saga2-transfer-workflow' (d4f8d57c-c09f-4d12-930f-8e372b67588c)
2026-08-17 16:38:51.602|INFO|d4f8d57c-c09f-4d12-930f-8e372b67588c|org.kie.kogito.serverless.workflow.devservices.DevModeServerlessWorkflowLogger|Triggered node 'callApiViaOpenAPI' for process 'saga2-transfer-workflow' (d4f8d57c-c09f-4d12-930f-8e372b67588c)
2026-08-17 16:38:51.607|INFO|d4f8d57c-c09f-4d12-930f-8e372b67588c|org.kie.kogito.serverless.workflow.devservices.DevModeServerlessWorkflowLogger|Property 'workflowdata.a16229Result' changed value from: 'null', to: '{"code":"100","message":"成功","Account":"931592_S","_httpStatus":200}'
2026-08-17 16:38:51.608|INFO|d4f8d57c-c09f-4d12-930f-8e372b67588c|org.kie.kogito.serverless.workflow.devservices.DevModeServerlessWorkflowLogger|Triggered node 'CheckA16229Result' for process 'saga2-transfer-workflow' (d4f8d57c-c09f-4d12-930f-8e372b67588c)
2026-08-17 16:38:51.608|INFO|d4f8d57c-c09f-4d12-930f-8e372b67588c|org.kie.kogito.serverless.workflow.devservices.DevModeServerlessWorkflowLogger|Triggered node 'CallA16220State' for process 'saga2-transfer-workflow' (d4f8d57c-c09f-4d12-930f-8e372b67588c)
2026-08-17 16:38:51.608|INFO|d4f8d57c-c09f-4d12-930f-8e372b67588c|org.kie.kogito.serverless.workflow.devservices.DevModeServerlessWorkflowLogger|Triggered node 'callApiViaOpenAPI' for process 'saga2-transfer-workflow' (d4f8d57c-c09f-4d12-930f-8e372b67588c)
2026-08-17 16:38:51.613|INFO|d4f8d57c-c09f-4d12-930f-8e372b67588c|org.kie.kogito.serverless.workflow.devservices.DevModeServerlessWorkflowLogger|Property 'workflowdata.a16220Result' changed value from: 'null', to: '{"code":"100","message":"成功","Account":"X","_httpStatus":200}'
2026-08-17 16:38:51.614|INFO|d4f8d57c-c09f-4d12-930f-8e372b67588c|org.kie.kogito.serverless.workflow.devservices.DevModeServerlessWorkflowLogger|Triggered node 'CheckA16220Result' for process 'saga2-transfer-workflow' (d4f8d57c-c09f-4d12-930f-8e372b67588c)
2026-08-17 16:38:51.614|INFO|d4f8d57c-c09f-4d12-930f-8e372b67588c|org.kie.kogito.serverless.workflow.devservices.DevModeServerlessWorkflowLogger|Triggered node 'DecideByEvaluation' for process 'saga2-transfer-workflow' (d4f8d57c-c09f-4d12-930f-8e372b67588c)
2026-08-17 16:38:51.614|INFO|d4f8d57c-c09f-4d12-930f-8e372b67588c|org.kie.kogito.serverless.workflow.devservices.DevModeServerlessWorkflowLogger|Triggered node 'InjectSuccessStatus' for process 'saga2-transfer-workflow' (d4f8d57c-c09f-4d12-930f-8e372b67588c)
2026-08-17 16:38:51.614|INFO|d4f8d57c-c09f-4d12-930f-8e372b67588c|org.kie.kogito.serverless.workflow.devservices.DevModeServerlessWorkflowLogger|Property 'workflowdata.finalStatus' changed value from: 'null', to: '"SUCCESS"'
2026-08-17 16:38:51.614|INFO|d4f8d57c-c09f-4d12-930f-8e372b67588c|org.kie.kogito.serverless.workflow.devservices.DevModeServerlessWorkflowLogger|Property 'workflowdata.finalMessage' changed value from: 'null', to: '"交易成功"'
2026-08-17 16:38:51.614|INFO|d4f8d57c-c09f-4d12-930f-8e372b67588c|org.kie.kogito.serverless.workflow.devservices.DevModeServerlessWorkflowLogger|Triggered node 'Join-FinalAuditAndEnd' for process 'saga2-transfer-workflow' (d4f8d57c-c09f-4d12-930f-8e372b67588c)
2026-08-17 16:38:51.614|INFO|d4f8d57c-c09f-4d12-930f-8e372b67588c|org.kie.kogito.serverless.workflow.devservices.DevModeServerlessWorkflowLogger|Triggered node 'FinalAuditAndEnd' for process 'saga2-transfer-workflow' (d4f8d57c-c09f-4d12-930f-8e372b67588c)
2026-08-17 16:38:51.615|INFO|d4f8d57c-c09f-4d12-930f-8e372b67588c|org.kie.kogito.serverless.workflow.devservices.DevModeServerlessWorkflowLogger|Triggered node 'recordAuditLog' for process 'saga2-transfer-workflow' (d4f8d57c-c09f-4d12-930f-8e372b67588c)
2026-08-17 16:38:51.615|INFO|d4f8d57c-c09f-4d12-930f-8e372b67588c|com.example.reconciliation.AuditLogService|[AuditLogService] 成功寫入對帳紀錄! Workflow: saga2-transfer-workflow, BusinessKey: 931592_S, Status: SUCCESS, Rows: 1
2026-08-17 16:38:51.616|INFO|d4f8d57c-c09f-4d12-930f-8e372b67588c|org.kie.kogito.serverless.workflow.devservices.DevModeServerlessWorkflowLogger|Property 'workflowdata.saved' changed value from: 'null', to: 'true'
2026-08-17 16:38:51.617|INFO|d4f8d57c-c09f-4d12-930f-8e372b67588c|org.kie.kogito.serverless.workflow.devservices.DevModeServerlessWorkflowLogger|Property 'workflowdata.workflowId' changed value from: 'null', to: '"saga2-transfer-workflow"'
2026-08-17 16:38:51.617|INFO|d4f8d57c-c09f-4d12-930f-8e372b67588c|org.kie.kogito.serverless.workflow.devservices.DevModeServerlessWorkflowLogger|Property 'workflowdata.status' changed value from: 'null', to: '"SUCCESS"'
2026-08-17 16:38:51.617|INFO|d4f8d57c-c09f-4d12-930f-8e372b67588c|org.kie.kogito.serverless.workflow.devservices.DevModeServerlessWorkflowLogger|Workflow data change
{
  "status" : "SUCCESS",
  "message" : "交易成功",
  "AMT" : 100,
  "a16229Result" : {
    "code" : "100",
    "message" : "成功",
    "Account" : "931592_S",
    "_httpStatus" : 200
  },
  "a16220Result" : {
    "code" : "100",
    "message" : "成功",
    "Account" : "X",
    "_httpStatus" : 200
  },
  "a16229Rollback" : null,
  "a16220Rollback" : null
}
2026-08-17 16:38:51.617|INFO|d4f8d57c-c09f-4d12-930f-8e372b67588c|org.kie.kogito.serverless.workflow.devservices.DevModeServerlessWorkflowLogger|Triggered node 'End' for process 'saga2-transfer-workflow' (d4f8d57c-c09f-4d12-930f-8e372b67588c)
2026-08-17 16:38:51.618|INFO|d4f8d57c-c09f-4d12-930f-8e372b67588c|org.kie.kogito.serverless.workflow.devservices.DevModeServerlessWorkflowLogger|Workflow 'saga2-transfer-workflow' (d4f8d57c-c09f-4d12-930f-8e372b67588c) completed
2026-08-17 16:38:51.646|INFO|b40cf9b5-57b3-4306-8727-d01c0c26d963|org.kie.kogito.serverless.workflow.devservices.DevModeServerlessWorkflowLogger|Property 'workflowdatainput' changed value from: 'null', to: '{"Account_A":"931592_F","Account_B":"X","AMT":30}'
2026-08-17 16:38:51.647|INFO|b40cf9b5-57b3-4306-8727-d01c0c26d963|org.kie.kogito.serverless.workflow.devservices.DevModeServerlessWorkflowLogger|Workflow data change
{
  "Account_A" : "931592_F",
  "Account_B" : "X",
  "AMT" : 30
}
2026-08-17 16:38:51.647|INFO|b40cf9b5-57b3-4306-8727-d01c0c26d963|org.kie.kogito.serverless.workflow.devservices.DevModeServerlessWorkflowLogger|Starting workflow 'saga2-transfer-workflow' (b40cf9b5-57b3-4306-8727-d01c0c26d963)
2026-08-17 16:38:51.647|INFO|b40cf9b5-57b3-4306-8727-d01c0c26d963|org.kie.kogito.serverless.workflow.devservices.DevModeServerlessWorkflowLogger|Workflow data 
{
  "Account_A" : "931592_F",
  "Account_B" : "X",
  "AMT" : 30
}
2026-08-17 16:38:51.647|INFO|b40cf9b5-57b3-4306-8727-d01c0c26d963|org.kie.kogito.serverless.workflow.devservices.DevModeServerlessWorkflowLogger|Triggered node 'Start' for process 'saga2-transfer-workflow' (b40cf9b5-57b3-4306-8727-d01c0c26d963)
2026-08-17 16:38:51.647|INFO|b40cf9b5-57b3-4306-8727-d01c0c26d963|org.kie.kogito.serverless.workflow.devservices.DevModeServerlessWorkflowLogger|Triggered node 'ValidateInput' for process 'saga2-transfer-workflow' (b40cf9b5-57b3-4306-8727-d01c0c26d963)
2026-08-17 16:38:51.649|INFO|b40cf9b5-57b3-4306-8727-d01c0c26d963|org.kie.kogito.serverless.workflow.devservices.DevModeServerlessWorkflowLogger|Triggered node 'CallA16229State' for process 'saga2-transfer-workflow' (b40cf9b5-57b3-4306-8727-d01c0c26d963)
2026-08-17 16:38:51.649|INFO|b40cf9b5-57b3-4306-8727-d01c0c26d963|org.kie.kogito.serverless.workflow.devservices.DevModeServerlessWorkflowLogger|Triggered node 'callApiViaOpenAPI' for process 'saga2-transfer-workflow' (b40cf9b5-57b3-4306-8727-d01c0c26d963)
2026-08-17 16:38:51.666|INFO|b40cf9b5-57b3-4306-8727-d01c0c26d963|org.kie.kogito.serverless.workflow.devservices.DevModeServerlessWorkflowLogger|Property 'workflowdata.a16229Result' changed value from: 'null', to: '{"code":"999","message":"AMT必須大於50","Account":"931592_F","_httpStatus":403}'
2026-08-17 16:38:51.667|INFO|b40cf9b5-57b3-4306-8727-d01c0c26d963|org.kie.kogito.serverless.workflow.devservices.DevModeServerlessWorkflowLogger|Triggered node 'CheckA16229Result' for process 'saga2-transfer-workflow' (b40cf9b5-57b3-4306-8727-d01c0c26d963)
2026-08-17 16:38:51.667|INFO|b40cf9b5-57b3-4306-8727-d01c0c26d963|org.kie.kogito.serverless.workflow.devservices.DevModeServerlessWorkflowLogger|Triggered node 'Join-InjectFailedStatus' for process 'saga2-transfer-workflow' (b40cf9b5-57b3-4306-8727-d01c0c26d963)
2026-08-17 16:38:51.667|INFO|b40cf9b5-57b3-4306-8727-d01c0c26d963|org.kie.kogito.serverless.workflow.devservices.DevModeServerlessWorkflowLogger|Triggered node 'InjectFailedStatus' for process 'saga2-transfer-workflow' (b40cf9b5-57b3-4306-8727-d01c0c26d963)
2026-08-17 16:38:51.668|INFO|b40cf9b5-57b3-4306-8727-d01c0c26d963|org.kie.kogito.serverless.workflow.devservices.DevModeServerlessWorkflowLogger|Property 'workflowdata.finalStatus' changed value from: 'null', to: '"FAILED"'
2026-08-17 16:38:51.668|INFO|b40cf9b5-57b3-4306-8727-d01c0c26d963|org.kie.kogito.serverless.workflow.devservices.DevModeServerlessWorkflowLogger|Property 'workflowdata.finalMessage' changed value from: 'null', to: '"業務失敗或 API 錯誤"'
2026-08-17 16:38:51.668|INFO|b40cf9b5-57b3-4306-8727-d01c0c26d963|org.kie.kogito.serverless.workflow.devservices.DevModeServerlessWorkflowLogger|Triggered node 'Join-FinalAuditAndEnd' for process 'saga2-transfer-workflow' (b40cf9b5-57b3-4306-8727-d01c0c26d963)
2026-08-17 16:38:51.668|INFO|b40cf9b5-57b3-4306-8727-d01c0c26d963|org.kie.kogito.serverless.workflow.devservices.DevModeServerlessWorkflowLogger|Triggered node 'FinalAuditAndEnd' for process 'saga2-transfer-workflow' (b40cf9b5-57b3-4306-8727-d01c0c26d963)
2026-08-17 16:38:51.668|INFO|b40cf9b5-57b3-4306-8727-d01c0c26d963|org.kie.kogito.serverless.workflow.devservices.DevModeServerlessWorkflowLogger|Triggered node 'recordAuditLog' for process 'saga2-transfer-workflow' (b40cf9b5-57b3-4306-8727-d01c0c26d963)
2026-08-17 16:38:51.669|INFO|b40cf9b5-57b3-4306-8727-d01c0c26d963|com.example.reconciliation.AuditLogService|[AuditLogService] 成功寫入對帳紀錄! Workflow: saga2-transfer-workflow, BusinessKey: 931592_F, Status: FAILED, Rows: 1
2026-08-17 16:38:51.670|INFO|b40cf9b5-57b3-4306-8727-d01c0c26d963|org.kie.kogito.serverless.workflow.devservices.DevModeServerlessWorkflowLogger|Property 'workflowdata.saved' changed value from: 'null', to: 'true'
2026-08-17 16:38:51.670|INFO|b40cf9b5-57b3-4306-8727-d01c0c26d963|org.kie.kogito.serverless.workflow.devservices.DevModeServerlessWorkflowLogger|Property 'workflowdata.workflowId' changed value from: 'null', to: '"saga2-transfer-workflow"'
2026-08-17 16:38:51.671|INFO|b40cf9b5-57b3-4306-8727-d01c0c26d963|org.kie.kogito.serverless.workflow.devservices.DevModeServerlessWorkflowLogger|Property 'workflowdata.status' changed value from: 'null', to: '"FAILED"'
2026-08-17 16:38:51.671|INFO|b40cf9b5-57b3-4306-8727-d01c0c26d963|org.kie.kogito.serverless.workflow.devservices.DevModeServerlessWorkflowLogger|Workflow data change
{
  "status" : "FAILED",
  "message" : "業務失敗或 API 錯誤",
  "AMT" : 30,
  "a16229Result" : {
    "code" : "999",
    "message" : "AMT必須大於50",
    "Account" : "931592_F",
    "_httpStatus" : 403
  },
  "a16220Result" : null,
  "a16229Rollback" : null,
  "a16220Rollback" : null
}
2026-08-17 16:38:51.671|INFO|b40cf9b5-57b3-4306-8727-d01c0c26d963|org.kie.kogito.serverless.workflow.devservices.DevModeServerlessWorkflowLogger|Triggered node 'End' for process 'saga2-transfer-workflow' (b40cf9b5-57b3-4306-8727-d01c0c26d963)
2026-08-17 16:38:51.672|INFO|b40cf9b5-57b3-4306-8727-d01c0c26d963|org.kie.kogito.serverless.workflow.devservices.DevModeServerlessWorkflowLogger|Workflow 'saga2-transfer-workflow' (b40cf9b5-57b3-4306-8727-d01c0c26d963) completed
[...]
2026-08-17 16:38:51.730|INFO|c1f42b0b-91d7-49c3-a963-d2364a6ce683|com.example.reconciliation.AuditLogService|[AuditLogService] 成功寫入對帳紀錄! Workflow: saga2-transfer-workflow, BusinessKey: 931592_R, Status: ROLLED_BACK, Rows: 1
2026-08-17 16:38:51.731|INFO|c1f42b0b-91d7-49c3-a963-d2364a6ce683|org.kie.kogito.serverless.workflow.devservices.DevModeServerlessWorkflowLogger|Property 'workflowdata.saved' changed value from: 'null', to: 'true'
2026-08-17 16:38:51.731|INFO|c1f42b0b-91d7-49c3-a963-d2364a6ce683|org.kie.kogito.serverless.workflow.devservices.DevModeServerlessWorkflowLogger|Property 'workflowdata.workflowId' changed value from: 'null', to: '"saga2-transfer-workflow"'
2026-08-17 16:38:51.731|INFO|c1f42b0b-91d7-49c3-a963-d2364a6ce683|org.kie.kogito.serverless.workflow.devservices.DevModeServerlessWorkflowLogger|Property 'workflowdata.status' changed value from: 'null', to: '"ROLLED_BACK"'
2026-08-17 16:38:51.731|INFO|c1f42b0b-91d7-49c3-a963-d2364a6ce683|org.kie.kogito.serverless.workflow.devservices.DevModeServerlessWorkflowLogger|Workflow data change
{
  "status" : "ROLLED_BACK",
  "message" : "AMT > 500 觸發 saga 回沖 (LIFO)",
  "AMT" : 600,
  "a16229Result" : {
    "code" : "100",
    "message" : "成功",
    "Account" : "931592_R",
    "_httpStatus" : 200
  },
  "a16220Result" : {
    "code" : "100",
    "message" : "成功",
    "Account" : "X",
    "_httpStatus" : 200
  },
  "a16229Rollback" : {
    "code" : "100",
    "message" : "成功(EC)",
    "Account" : "931592_R",
    "_httpStatus" : 200
  },
  "a16220Rollback" : {
    "code" : "100",
    "message" : "成功(EC)",
    "Account" : "X",
    "_httpStatus" : 200
  }
}
2026-08-17 16:38:51.731|INFO|c1f42b0b-91d7-49c3-a963-d2364a6ce683|org.kie.kogito.serverless.workflow.devservices.DevModeServerlessWorkflowLogger|Triggered node 'End' for process 'saga2-transfer-workflow' (c1f42b0b-91d7-49c3-a963-d2364a6ce683)
2026-08-17 16:38:51.731|INFO|c1f42b0b-91d7-49c3-a963-d2364a6ce683|org.kie.kogito.serverless.workflow.devservices.DevModeServerlessWorkflowLogger|Workflow 'saga2-transfer-workflow' (c1f42b0b-91d7-49c3-a963-d2364a6ce683) completed
2026-08-17 16:38:51.759|INFO|91ba2003-d7c3-4c9a-850b-69895f19eb6f|org.kie.kogito.serverless.workflow.devservices.DevModeServerlessWorkflowLogger|Property 'workflowdatainput' changed value from: 'null', to: '{"Account_A":"931592_P","Account_B":"X","AMT":2000}'
2026-08-17 16:38:51.759|INFO|91ba2003-d7c3-4c9a-850b-69895f19eb6f|org.kie.kogito.serverless.workflow.devservices.DevModeServerlessWorkflowLogger|Workflow data change
{
  "Account_A" : "931592_P",
  "Account_B" : "X",
  "AMT" : 2000
}
2026-08-17 16:38:51.759|INFO|91ba2003-d7c3-4c9a-850b-69895f19eb6f|org.kie.kogito.serverless.workflow.devservices.DevModeServerlessWorkflowLogger|Starting workflow 'saga2-transfer-workflow' (91ba2003-d7c3-4c9a-850b-69895f19eb6f)
2026-08-17 16:38:51.759|INFO|91ba2003-d7c3-4c9a-850b-69895f19eb6f|org.kie.kogito.serverless.workflow.devservices.DevModeServerlessWorkflowLogger|Workflow data 
{
  "Account_A" : "931592_P",
  "Account_B" : "X",
  "AMT" : 2000
}
2026-08-17 16:38:51.759|INFO|91ba2003-d7c3-4c9a-850b-69895f19eb6f|org.kie.kogito.serverless.workflow.devservices.DevModeServerlessWorkflowLogger|Triggered node 'Start' for process 'saga2-transfer-workflow' (91ba2003-d7c3-4c9a-850b-69895f19eb6f)
2026-08-17 16:38:51.759|INFO|91ba2003-d7c3-4c9a-850b-69895f19eb6f|org.kie.kogito.serverless.workflow.devservices.DevModeServerlessWorkflowLogger|Triggered node 'ValidateInput' for process 'saga2-transfer-workflow' (91ba2003-d7c3-4c9a-850b-69895f19eb6f)
2026-08-17 16:38:51.762|INFO|91ba2003-d7c3-4c9a-850b-69895f19eb6f|org.kie.kogito.serverless.workflow.devservices.DevModeServerlessWorkflowLogger|Triggered node 'CallA16229State' for process 'saga2-transfer-workflow' (91ba2003-d7c3-4c9a-850b-69895f19eb6f)
2026-08-17 16:38:51.763|INFO|91ba2003-d7c3-4c9a-850b-69895f19eb6f|org.kie.kogito.serverless.workflow.devservices.DevModeServerlessWorkflowLogger|Triggered node 'callApiViaOpenAPI' for process 'saga2-transfer-workflow' (91ba2003-d7c3-4c9a-850b-69895f19eb6f)
2026-08-17 16:38:51.767|INFO|91ba2003-d7c3-4c9a-850b-69895f19eb6f|org.kie.kogito.serverless.workflow.devservices.DevModeServerlessWorkflowLogger|Property 'workflowdata.a16229Result' changed value from: 'null', to: '{"code":"100","message":"成功","Account":"931592_P","_httpStatus":200}'
2026-08-17 16:38:51.768|INFO|91ba2003-d7c3-4c9a-850b-69895f19eb6f|org.kie.kogito.serverless.workflow.devservices.DevModeServerlessWorkflowLogger|Triggered node 'CheckA16229Result' for process 'saga2-transfer-workflow' (91ba2003-d7c3-4c9a-850b-69895f19eb6f)
2026-08-17 16:38:51.768|INFO|91ba2003-d7c3-4c9a-850b-69895f19eb6f|org.kie.kogito.serverless.workflow.devservices.DevModeServerlessWorkflowLogger|Triggered node 'CallA16220State' for process 'saga2-transfer-workflow' (91ba2003-d7c3-4c9a-850b-69895f19eb6f)
2026-08-17 16:38:51.768|INFO|91ba2003-d7c3-4c9a-850b-69895f19eb6f|org.kie.kogito.serverless.workflow.devservices.DevModeServerlessWorkflowLogger|Triggered node 'callApiViaOpenAPI' for process 'saga2-transfer-workflow' (91ba2003-d7c3-4c9a-850b-69895f19eb6f)
2026-08-17 16:38:51.773|INFO|91ba2003-d7c3-4c9a-850b-69895f19eb6f|org.kie.kogito.serverless.workflow.devservices.DevModeServerlessWorkflowLogger|Property 'workflowdata.a16220Result' changed value from: 'null', to: '{"code":"999","message":"AMT必須小於1000","Account":"X","_httpStatus":403}'
2026-08-17 16:38:51.773|INFO|91ba2003-d7c3-4c9a-850b-69895f19eb6f|org.kie.kogito.serverless.workflow.devservices.DevModeServerlessWorkflowLogger|Triggered node 'CheckA16220Result' for process 'saga2-transfer-workflow' (91ba2003-d7c3-4c9a-850b-69895f19eb6f)
2026-08-17 16:38:51.773|INFO|91ba2003-d7c3-4c9a-850b-69895f19eb6f|org.kie.kogito.serverless.workflow.devservices.DevModeServerlessWorkflowLogger|Triggered node 'Join-RollbackA16229Only' for process 'saga2-transfer-workflow' (91ba2003-d7c3-4c9a-850b-69895f19eb6f)
2026-08-17 16:38:51.774|INFO|91ba2003-d7c3-4c9a-850b-69895f19eb6f|org.kie.kogito.serverless.workflow.devservices.DevModeServerlessWorkflowLogger|Triggered node 'RollbackA16229Only' for process 'saga2-transfer-workflow' (91ba2003-d7c3-4c9a-850b-69895f19eb6f)
2026-08-17 16:38:51.774|INFO|91ba2003-d7c3-4c9a-850b-69895f19eb6f|org.kie.kogito.serverless.workflow.devservices.DevModeServerlessWorkflowLogger|Triggered node 'callApiViaOpenAPI' for process 'saga2-transfer-workflow' (91ba2003-d7c3-4c9a-850b-69895f19eb6f)
2026-08-17 16:38:51.779|INFO|91ba2003-d7c3-4c9a-850b-69895f19eb6f|org.kie.kogito.serverless.workflow.devservices.DevModeServerlessWorkflowLogger|Property 'workflowdata.a16229Rollback' changed value from: 'null', to: '{"code":"100","message":"成功(EC)","Account":"931592_P","_httpStatus":200}'
2026-08-17 16:38:51.779|INFO|91ba2003-d7c3-4c9a-850b-69895f19eb6f|org.kie.kogito.serverless.workflow.devservices.DevModeServerlessWorkflowLogger|Triggered node 'CheckRollbackA16229OnlyResult' for process 'saga2-transfer-workflow' (91ba2003-d7c3-4c9a-850b-69895f19eb6f)
2026-08-17 16:38:51.780|INFO|91ba2003-d7c3-4c9a-850b-69895f19eb6f|org.kie.kogito.serverless.workflow.devservices.DevModeServerlessWorkflowLogger|Triggered node 'InjectRolledBackOnlyStatus' for process 'saga2-transfer-workflow' (91ba2003-d7c3-4c9a-850b-69895f19eb6f)
2026-08-17 16:38:51.780|INFO|91ba2003-d7c3-4c9a-850b-69895f19eb6f|org.kie.kogito.serverless.workflow.devservices.DevModeServerlessWorkflowLogger|Property 'workflowdata.finalStatus' changed value from: 'null', to: '"ROLLED_BACK"'
2026-08-17 16:38:51.780|INFO|91ba2003-d7c3-4c9a-850b-69895f19eb6f|org.kie.kogito.serverless.workflow.devservices.DevModeServerlessWorkflowLogger|Property 'workflowdata.finalMessage' changed value from: 'null', to: '"A16220 業務失敗,僅回沖 A16229"'
2026-08-17 16:38:51.780|INFO|91ba2003-d7c3-4c9a-850b-69895f19eb6f|org.kie.kogito.serverless.workflow.devservices.DevModeServerlessWorkflowLogger|Triggered node 'Join-FinalAuditAndEnd' for process 'saga2-transfer-workflow' (91ba2003-d7c3-4c9a-850b-69895f19eb6f)
2026-08-17 16:38:51.780|INFO|91ba2003-d7c3-4c9a-850b-69895f19eb6f|org.kie.kogito.serverless.workflow.devservices.DevModeServerlessWorkflowLogger|Triggered node 'FinalAuditAndEnd' for process 'saga2-transfer-workflow' (91ba2003-d7c3-4c9a-850b-69895f19eb6f)
2026-08-17 16:38:51.780|INFO|91ba2003-d7c3-4c9a-850b-69895f19eb6f|org.kie.kogito.serverless.workflow.devservices.DevModeServerlessWorkflowLogger|Triggered node 'recordAuditLog' for process 'saga2-transfer-workflow' (91ba2003-d7c3-4c9a-850b-69895f19eb6f)
2026-08-17 16:38:51.781|INFO|91ba2003-d7c3-4c9a-850b-69895f19eb6f|com.example.reconciliation.AuditLogService|[AuditLogService] 成功寫入對帳紀錄! Workflow: saga2-transfer-workflow, BusinessKey: 931592_P, Status: ROLLED_BACK, Rows: 1
2026-08-17 16:38:51.781|INFO|91ba2003-d7c3-4c9a-850b-69895f19eb6f|org.kie.kogito.serverless.workflow.devservices.DevModeServerlessWorkflowLogger|Property 'workflowdata.saved' changed value from: 'null', to: 'true'
2026-08-17 16:38:51.781|INFO|91ba2003-d7c3-4c9a-850b-69895f19eb6f|org.kie.kogito.serverless.workflow.devservices.DevModeServerlessWorkflowLogger|Property 'workflowdata.workflowId' changed value from: 'null', to: '"saga2-transfer-workflow"'
2026-08-17 16:38:51.782|INFO|91ba2003-d7c3-4c9a-850b-69895f19eb6f|org.kie.kogito.serverless.workflow.devservices.DevModeServerlessWorkflowLogger|Property 'workflowdata.status' changed value from: 'null', to: '"ROLLED_BACK"'
2026-08-17 16:38:51.782|INFO|91ba2003-d7c3-4c9a-850b-69895f19eb6f|org.kie.kogito.serverless.workflow.devservices.DevModeServerlessWorkflowLogger|Workflow data change
{
  "status" : "ROLLED_BACK",
  "message" : "A16220 業務失敗,僅回沖 A16229",
  "AMT" : 2000,
  "a16229Result" : {
    "code" : "100",
    "message" : "成功",
    "Account" : "931592_P",
    "_httpStatus" : 200
  },
  "a16220Result" : {
    "code" : "999",
    "message" : "AMT必須小於1000",
    "Account" : "X",
    "_httpStatus" : 403
  },
  "a16229Rollback" : {
    "code" : "100",
    "message" : "成功(EC)",
    "Account" : "931592_P",
    "_httpStatus" : 200
  },
  "a16220Rollback" : null
}
2026-08-17 16:38:51.782|INFO|91ba2003-d7c3-4c9a-850b-69895f19eb6f|org.kie.kogito.serverless.workflow.devservices.DevModeServerlessWorkflowLogger|Triggered node 'End' for process 'saga2-transfer-workflow' (91ba2003-d7c3-4c9a-850b-69895f19eb6f)
2026-08-17 16:38:51.782|INFO|91ba2003-d7c3-4c9a-850b-69895f19eb6f|org.kie.kogito.serverless.workflow.devservices.DevModeServerlessWorkflowLogger|Workflow 'saga2-transfer-workflow' (91ba2003-d7c3-4c9a-850b-69895f19eb6f) completed
2026-08-17 16:38:51.810|INFO||com.example.reconciliation.ReconciliationCsvExporter|[ReconciliationCsvExporter] 匯出完成: file=reconciliation-20260817-163851.csv, rows=11, bytes=1622
]]></system-out>
    <system-err><![CDATA[8月 17, 2026 4:38:51 下午 com.example.platform.security.SonataFlowSecurityConfig$WorkflowStatusFilter filter
INFO: [HTTP-AUDIT] URI: /A16229 | HTTP: 200 | Cost: 0ms | INPUT: {"Account_A":"931592_S","AMT":100,"EC":false} | OUTPUT: {"code":"100","message":"成功","Account":"931592_S"}
8月 17, 2026 4:38:51 下午 com.example.platform.security.SonataFlowSecurityConfig$WorkflowStatusFilter filter
INFO: [HTTP-AUDIT] URI: /A16220 | HTTP: 200 | Cost: 0ms | INPUT: {"AMT":100,"Account_B":"X","EC":false} | OUTPUT: {"code":"100","message":"成功","Account":"X"}
8月 17, 2026 4:38:51 下午 com.example.platform.security.SonataFlowSecurityConfig$WorkflowStatusFilter filter
INFO: [HTTP-AUDIT] URI: /saga2-transfer-workflow | HTTP: 201 | Cost: 26ms | INPUT: {"Account_A":"931592_S","Account_B":"X","AMT":100} | OUTPUT: {"id":"d4f8d57c-c09f-4d12-930f-8e372b67588c","workflowdata":{"status":"SUCCESS","message":"交易成功","AMT":100,"a16229Result":{"code":"100","message":"成功","Account":"931592_S","_httpStatus":200},"a16220Result":{"code":"100","message":"成功","Account":"X","_httpStatus":200},"a16229Rollback":null,"a16220Rollback":null}}
8月 17, 2026 4:38:51 下午 com.example.platform.security.SonataFlowSecurityConfig$WorkflowStatusFilter filter
INFO: [HTTP-AUDIT] URI: /A16229 | HTTP: 403 | Cost: 0ms | INPUT: {"Account_A":"931592_F","AMT":30,"EC":false} | OUTPUT: {"code":"999","message":"AMT必須大於50","Account":"931592_F"}
8月 17, 2026 4:38:51 下午 com.example.platform.security.SonataFlowSecurityConfig$WorkflowStatusFilter filter
INFO: [HTTP-AUDIT] URI: /saga2-transfer-workflow | HTTP: 201 | Cost: 32ms | INPUT: {"Account_A":"931592_F","Account_B":"X","AMT":30} | OUTPUT: {"id":"b40cf9b5-57b3-4306-8727-d01c0c26d963","workflowdata":{"status":"FAILED","message":"業務失敗或 API 錯誤","AMT":30,"a16229Result":{"code":"999","message":"AMT必須大於50","Account":"931592_F","_httpStatus":403},"a16220Result":null,"a16229Rollback":null,"a16220Rollback":null}}
8月 17, 2026 4:38:51 下午 com.example.platform.security.SonataFlowSecurityConfig$WorkflowStatusFilter filter
INFO: [HTTP-AUDIT] URI: /A16229 | HTTP: 200 | Cost: 0ms | INPUT: {"Account_A":"931592_R","AMT":600,"EC":false} | OUTPUT: {"code":"100","message":"成功","Account":"931592_R"}
8月 17, 2026 4:38:51 下午 com.example.platform.security.SonataFlowSecurityConfig$WorkflowStatusFilter filter
INFO: [HTTP-AUDIT] URI: /A16220 | HTTP: 200 | Cost: 0ms | INPUT: {"AMT":600,"Account_B":"X","EC":false} | OUTPUT: {"code":"100","message":"成功","Account":"X"}
8月 17, 2026 4:38:51 下午 com.example.platform.security.SonataFlowSecurityConfig$WorkflowStatusFilter filter
INFO: [HTTP-AUDIT] URI: /A16220 | HTTP: 200 | Cost: 0ms | INPUT: {"AMT":600,"Account_B":"X","EC":true} | OUTPUT: {"code":"100","message":"成功(EC)","Account":"X"}
8月 17, 2026 4:38:51 下午 com.example.platform.security.SonataFlowSecurityConfig$WorkflowStatusFilter filter
INFO: [HTTP-AUDIT] URI: /A16229 | HTTP: 200 | Cost: 0ms | INPUT: {"Account_A":"931592_R","AMT":600,"EC":true} | OUTPUT: {"code":"100","message":"成功(EC)","Account":"931592_R"}
8月 17, 2026 4:38:51 下午 com.example.platform.security.SonataFlowSecurityConfig$WorkflowStatusFilter filter
INFO: [HTTP-AUDIT] URI: /saga2-transfer-workflow | HTTP: 201 | Cost: 42ms | INPUT: {"Account_A":"931592_R","Account_B":"X","AMT":600} | OUTPUT: {"id":"c1f42b0b-91d7-49c3-a963-d2364a6ce683","workflowdata":{"status":"ROLLED_BACK","message":"AMT > 500 觸發 saga 回沖 (LIFO)","AMT":600,"a16229Result":{"code":"100","message":"成功","Account":"931592_R","_httpStatus":200},"a16220Result":{"code":"100","message":"成功","Account":"X","_httpStatus":200},"a16229Rollback":{"code":"100","message":"成功(EC)","Account":"931592_R","_httpStatus":200},"a16220Rollback":{"code":"100","message":"成功(EC)","Account":"X","_httpStatus":200}}}
8月 17, 2026 4:38:51 下午 com.example.platform.security.SonataFlowSecurityConfig$WorkflowStatusFilter filter
INFO: [HTTP-AUDIT] URI: /A16229 | HTTP: 200 | Cost: 0ms | INPUT: {"Account_A":"931592_P","AMT":2000,"EC":false} | OUTPUT: {"code":"100","message":"成功","Account":"931592_P"}
8月 17, 2026 4:38:51 下午 com.example.platform.security.SonataFlowSecurityConfig$WorkflowStatusFilter filter
INFO: [HTTP-AUDIT] URI: /A16220 | HTTP: 403 | Cost: 0ms | INPUT: {"AMT":2000,"Account_B":"X","EC":false} | OUTPUT: {"code":"999","message":"AMT必須小於1000","Account":"X"}
8月 17, 2026 4:38:51 下午 com.example.platform.security.SonataFlowSecurityConfig$WorkflowStatusFilter filter
INFO: [HTTP-AUDIT] URI: /A16229 | HTTP: 200 | Cost: 0ms | INPUT: {"Account_A":"931592_P","AMT":2000,"EC":true} | OUTPUT: {"code":"100","message":"成功(EC)","Account":"931592_P"}
8月 17, 2026 4:38:51 下午 com.example.platform.security.SonataFlowSecurityConfig$WorkflowStatusFilter filter
INFO: [HTTP-AUDIT] URI: /saga2-transfer-workflow | HTTP: 201 | Cost: 30ms | INPUT: {"Account_A":"931592_P","Account_B":"X","AMT":2000} | OUTPUT: {"id":"91ba2003-d7c3-4c9a-850b-69895f19eb6f","workflowdata":{"status":"ROLLED_BACK","message":"A16220 業務失敗,僅回沖 A16229","AMT":2000,"a16229Result":{"code":"100","message":"成功","Account":"931592_P","_httpStatus":200},"a16220Result":{"code":"999","message":"AMT必須小於1000","Account":"X","_httpStatus":403},"a16229Rollback":{"code":"100","message":"成功(EC)","Account":"931592_P","_httpStatus":200},"a16220Rollback":null}}
8月 17, 2026 4:38:51 下午 com.example.platform.security.SonataFlowSecurityConfig$WorkflowStatusFilter filter
INFO: [HTTP-AUDIT] URI: /reconciliation/export-csv | HTTP: 200 | Cost: 1ms | INPUT: {} | OUTPUT: {"ok":true,"filePath":"/media/op/acer_sata/2026_AI_Hack/SonataFlow/myhello-platform-src-0817/myhello-platform/distribution/transfer-app/data/reconciliation-20260817-163851.csv","fileName":"reconciliation-20260817-163851.csv","rowCount":11,"byteSize":1622,"exportedAt":"2026-08-17T16:38:51.809995470","filters":{"workflowId":"","businessKey":"","status":""}}
]]></system-err>
  </testcase>
  <testcase name="testDConsistentExportResults" classname="Reconciliation CSV 匯出額外驗證" time="0.08">
    <system-out><![CDATA[2026-08-17 16:38:51.833|INFO||com.example.reconciliation.ReconciliationCsvExporter|[ReconciliationCsvExporter] 匯出完成: file=reconciliation-20260817-163851.csv, rows=11, bytes=1622
2026-08-17 16:38:51.853|INFO||com.example.reconciliation.ReconciliationCsvExporter|[ReconciliationCsvExporter] 匯出完成: file=reconciliation-20260817-163851.csv, rows=11, bytes=1622
2026-08-17 16:38:51.873|INFO||com.example.reconciliation.ReconciliationCsvExporter|[ReconciliationCsvExporter] 匯出完成: file=reconciliation-20260817-163851.csv, rows=4, bytes=614
2026-08-17 16:38:51.892|INFO||com.example.reconciliation.ReconciliationCsvExporter|[ReconciliationCsvExporter] 匯出完成: file=reconciliation-20260817-163851.csv, rows=4, bytes=614
]]></system-out>
    <system-err><![CDATA[8月 17, 2026 4:38:51 下午 com.example.platform.security.SonataFlowSecurityConfig$WorkflowStatusFilter filter
INFO: [HTTP-AUDIT] URI: /reconciliation/export-csv | HTTP: 200 | Cost: 1ms | INPUT: {} | OUTPUT: {"ok":true,"filePath":"/media/op/acer_sata/2026_AI_Hack/SonataFlow/myhello-platform-src-0817/myhello-platform/distribution/transfer-app/data/reconciliation-20260817-163851.csv","fileName":"reconciliation-20260817-163851.csv","rowCount":11,"byteSize":1622,"exportedAt":"2026-08-17T16:38:51.833254369","filters":{"workflowId":"","businessKey":"","status":""}}
8月 17, 2026 4:38:51 下午 com.example.platform.security.SonataFlowSecurityConfig$WorkflowStatusFilter filter
INFO: [HTTP-AUDIT] URI: /reconciliation/export-csv | HTTP: 200 | Cost: 1ms | INPUT: {} | OUTPUT: {"ok":true,"filePath":"/media/op/acer_sata/2026_AI_Hack/SonataFlow/myhello-platform-src-0817/myhello-platform/distribution/transfer-app/data/reconciliation-20260817-163851.csv","fileName":"reconciliation-20260817-163851.csv","rowCount":11,"byteSize":1622,"exportedAt":"2026-08-17T16:38:51.853327235","filters":{"workflowId":"","businessKey":"","status":""}}
8月 17, 2026 4:38:51 下午 com.example.platform.security.SonataFlowSecurityConfig$WorkflowStatusFilter filter
INFO: [HTTP-AUDIT] URI: /reconciliation/export-csv | HTTP: 200 | Cost: 1ms | INPUT: {"status":"SUCCESS"} | OUTPUT: {"ok":true,"filePath":"/media/op/acer_sata/2026_AI_Hack/SonataFlow/myhello-platform-src-0817/myhello-platform/distribution/transfer-app/data/reconciliation-20260817-163851.csv","fileName":"reconciliation-20260817-163851.csv","rowCount":4,"byteSize":614,"exportedAt":"2026-08-17T16:38:51.873455642","filters":{"workflowId":"","businessKey":"","status":"SUCCESS"}}
8月 17, 2026 4:38:51 下午 com.example.platform.security.SonataFlowSecurityConfig$WorkflowStatusFilter filter
INFO: [HTTP-AUDIT] URI: /reconciliation/export-csv | HTTP: 200 | Cost: 0ms | INPUT: {"status":"SUCCESS"} | OUTPUT: {"ok":true,"filePath":"/media/op/acer_sata/2026_AI_Hack/SonataFlow/myhello-platform-src-0817/myhello-platform/distribution/transfer-app/data/reconciliation-20260817-163851.csv","fileName":"reconciliation-20260817-163851.csv","rowCount":4,"byteSize":614,"exportedAt":"2026-08-17T16:38:51.892566770","filters":{"workflowId":"","businessKey":"","status":"SUCCESS"}}
]]></system-err>
  </testcase>
</testsuite>