<?xml version="1.0" encoding="UTF-8"?>
<testsuite xmlns:xsi="http://www.w3.org/2001/XMLSchema-instance" xsi:noNamespaceSchemaLocation="https://maven.apache.org/surefire/maven-surefire-plugin/xsd/surefire-test-report.xsd" version="3.0.2" name="com.example.platform.distribution.transfer.ReconciliationCsvTest" time="2.284" tests="14" errors="0" skipped="0" failures="0" flakes="0">
  <properties>
[...]
</properties>
  <testcase name="testACsvFilenameUniqueness" classname="Reconciliation CSV 匯出額外驗證" time="1.195">
    <system-out><![CDATA[2026-08-17 19:40:39.054|INFO|8c563537-9ac8-421e-862f-66e2e51e583f|org.kie.kogito.serverless.workflow.devservices.DevModeServerlessWorkflowLogger|Property 'workflowdatainput' changed value from: 'null', to: '{"Account_A":"A123","Account_B":"B123","AMT":100}'
2026-08-17 19:40:39.055|INFO|8c563537-9ac8-421e-862f-66e2e51e583f|org.kie.kogito.serverless.workflow.devservices.DevModeServerlessWorkflowLogger|Workflow data change
{
  "Account_A" : "A123",
  "Account_B" : "B123",
  "AMT" : 100
}
2026-08-17 19:40:39.056|INFO|8c563537-9ac8-421e-862f-66e2e51e583f|org.kie.kogito.serverless.workflow.devservices.DevModeServerlessWorkflowLogger|Starting workflow 'saga2-transfer-workflow' (8c563537-9ac8-421e-862f-66e2e51e583f)
2026-08-17 19:40:39.056|INFO|8c563537-9ac8-421e-862f-66e2e51e583f|org.kie.kogito.serverless.workflow.devservices.DevModeServerlessWorkflowLogger|Workflow data 
{
  "Account_A" : "A123",
  "Account_B" : "B123",
  "AMT" : 100
}
2026-08-17 19:40:39.064|INFO|8c563537-9ac8-421e-862f-66e2e51e583f|org.kie.kogito.serverless.workflow.devservices.DevModeServerlessWorkflowLogger|Triggered node 'Start' for process 'saga2-transfer-workflow' (8c563537-9ac8-421e-862f-66e2e51e583f)
2026-08-17 19:40:39.065|INFO|8c563537-9ac8-421e-862f-66e2e51e583f|org.kie.kogito.serverless.workflow.devservices.DevModeServerlessWorkflowLogger|Triggered node 'ValidateInput' for process 'saga2-transfer-workflow' (8c563537-9ac8-421e-862f-66e2e51e583f)
2026-08-17 19:40:39.084|INFO|8c563537-9ac8-421e-862f-66e2e51e583f|org.kie.kogito.serverless.workflow.devservices.DevModeServerlessWorkflowLogger|Triggered node 'CallA16229State' for process 'saga2-transfer-workflow' (8c563537-9ac8-421e-862f-66e2e51e583f)
2026-08-17 19:40:39.085|INFO|8c563537-9ac8-421e-862f-66e2e51e583f|org.kie.kogito.serverless.workflow.devservices.DevModeServerlessWorkflowLogger|Triggered node 'callApiViaOpenAPI' for process 'saga2-transfer-workflow' (8c563537-9ac8-421e-862f-66e2e51e583f)
2026-08-17 19:40:39.098|INFO|8c563537-9ac8-421e-862f-66e2e51e583f|org.kie.kogito.serverless.workflow.devservices.DevModeServerlessWorkflowLogger|Property 'workflowdata.a16229Result' changed value from: 'null', to: '{"code":"100","message":"成功","Account":"A123","_httpStatus":200}'
2026-08-17 19:40:39.099|INFO|8c563537-9ac8-421e-862f-66e2e51e583f|org.kie.kogito.serverless.workflow.devservices.DevModeServerlessWorkflowLogger|Triggered node 'CheckA16229Result' for process 'saga2-transfer-workflow' (8c563537-9ac8-421e-862f-66e2e51e583f)
2026-08-17 19:40:39.100|INFO|8c563537-9ac8-421e-862f-66e2e51e583f|org.kie.kogito.serverless.workflow.devservices.DevModeServerlessWorkflowLogger|Triggered node 'CallA16220State' for process 'saga2-transfer-workflow' (8c563537-9ac8-421e-862f-66e2e51e583f)
2026-08-17 19:40:39.101|INFO|8c563537-9ac8-421e-862f-66e2e51e583f|org.kie.kogito.serverless.workflow.devservices.DevModeServerlessWorkflowLogger|Triggered node 'callApiViaOpenAPI' for process 'saga2-transfer-workflow' (8c563537-9ac8-421e-862f-66e2e51e583f)
2026-08-17 19:40:39.109|INFO|8c563537-9ac8-421e-862f-66e2e51e583f|org.kie.kogito.serverless.workflow.devservices.DevModeServerlessWorkflowLogger|Property 'workflowdata.a16220Result' changed value from: 'null', to: '{"code":"100","message":"成功","Account":"B123","_httpStatus":200}'
2026-08-17 19:40:39.109|INFO|8c563537-9ac8-421e-862f-66e2e51e583f|org.kie.kogito.serverless.workflow.devservices.DevModeServerlessWorkflowLogger|Triggered node 'CheckA16220Result' for process 'saga2-transfer-workflow' (8c563537-9ac8-421e-862f-66e2e51e583f)
2026-08-17 19:40:39.110|INFO|8c563537-9ac8-421e-862f-66e2e51e583f|org.kie.kogito.serverless.workflow.devservices.DevModeServerlessWorkflowLogger|Triggered node 'DecideByEvaluation' for process 'saga2-transfer-workflow' (8c563537-9ac8-421e-862f-66e2e51e583f)
2026-08-17 19:40:39.110|INFO|8c563537-9ac8-421e-862f-66e2e51e583f|org.kie.kogito.serverless.workflow.devservices.DevModeServerlessWorkflowLogger|Triggered node 'InjectSuccessStatus' for process 'saga2-transfer-workflow' (8c563537-9ac8-421e-862f-66e2e51e583f)
2026-08-17 19:40:39.111|INFO|8c563537-9ac8-421e-862f-66e2e51e583f|org.kie.kogito.serverless.workflow.devservices.DevModeServerlessWorkflowLogger|Property 'workflowdata.finalStatus' changed value from: 'null', to: '"SUCCESS"'
2026-08-17 19:40:39.111|INFO|8c563537-9ac8-421e-862f-66e2e51e583f|org.kie.kogito.serverless.workflow.devservices.DevModeServerlessWorkflowLogger|Property 'workflowdata.finalMessage' changed value from: 'null', to: '"交易成功"'
2026-08-17 19:40:39.111|INFO|8c563537-9ac8-421e-862f-66e2e51e583f|org.kie.kogito.serverless.workflow.devservices.DevModeServerlessWorkflowLogger|Triggered node 'Join-FinalAuditAndEnd' for process 'saga2-transfer-workflow' (8c563537-9ac8-421e-862f-66e2e51e583f)
2026-08-17 19:40:39.111|INFO|8c563537-9ac8-421e-862f-66e2e51e583f|org.kie.kogito.serverless.workflow.devservices.DevModeServerlessWorkflowLogger|Triggered node 'FinalAuditAndEnd' for process 'saga2-transfer-workflow' (8c563537-9ac8-421e-862f-66e2e51e583f)
2026-08-17 19:40:39.112|INFO|8c563537-9ac8-421e-862f-66e2e51e583f|org.kie.kogito.serverless.workflow.devservices.DevModeServerlessWorkflowLogger|Triggered node 'recordAuditLog' for process 'saga2-transfer-workflow' (8c563537-9ac8-421e-862f-66e2e51e583f)
2026-08-17 19:40:39.113|INFO|8c563537-9ac8-421e-862f-66e2e51e583f|com.example.reconciliation.AuditLogService|[AuditLogService] 成功寫入對帳紀錄! Workflow: saga2-transfer-workflow, BusinessKey: A123, Status: SUCCESS, Rows: 1
2026-08-17 19:40:39.114|INFO|8c563537-9ac8-421e-862f-66e2e51e583f|org.kie.kogito.serverless.workflow.devservices.DevModeServerlessWorkflowLogger|Property 'workflowdata.saved' changed value from: 'null', to: 'true'
2026-08-17 19:40:39.115|INFO|8c563537-9ac8-421e-862f-66e2e51e583f|org.kie.kogito.serverless.workflow.devservices.DevModeServerlessWorkflowLogger|Property 'workflowdata.workflowId' changed value from: 'null', to: '"saga2-transfer-workflow"'
2026-08-17 19:40:39.115|INFO|8c563537-9ac8-421e-862f-66e2e51e583f|org.kie.kogito.serverless.workflow.devservices.DevModeServerlessWorkflowLogger|Property 'workflowdata.status' changed value from: 'null', to: '"SUCCESS"'
2026-08-17 19:40:39.116|INFO|8c563537-9ac8-421e-862f-66e2e51e583f|org.kie.kogito.serverless.workflow.devservices.DevModeServerlessWorkflowLogger|Workflow data change
{
  "status" : "SUCCESS",
  "message" : "交易成功",
  "AMT" : 100,
  "a16229Result" : {
    "code" : "100",
    "message" : "成功",
    "Account" : "A123",
    "_httpStatus" : 200
  },
  "a16220Result" : {
    "code" : "100",
    "message" : "成功",
    "Account" : "B123",
    "_httpStatus" : 200
  },
  "a16229Rollback" : null,
  "a16220Rollback" : null
}
2026-08-17 19:40:39.116|INFO|8c563537-9ac8-421e-862f-66e2e51e583f|org.kie.kogito.serverless.workflow.devservices.DevModeServerlessWorkflowLogger|Triggered node 'End' for process 'saga2-transfer-workflow' (8c563537-9ac8-421e-862f-66e2e51e583f)
2026-08-17 19:40:39.116|INFO|8c563537-9ac8-421e-862f-66e2e51e583f|org.kie.kogito.serverless.workflow.devservices.DevModeServerlessWorkflowLogger|Workflow 'saga2-transfer-workflow' (8c563537-9ac8-421e-862f-66e2e51e583f) completed
2026-08-17 19:40:39.149|INFO|e7f204fe-30a0-449f-a7f5-99e60f7ef2f5|org.kie.kogito.serverless.workflow.devservices.DevModeServerlessWorkflowLogger|Property 'workflowdatainput' changed value from: 'null', to: '{"Account_A":"A123","Account_B":"B123","AMT":30}'
2026-08-17 19:40:39.149|INFO|e7f204fe-30a0-449f-a7f5-99e60f7ef2f5|org.kie.kogito.serverless.workflow.devservices.DevModeServerlessWorkflowLogger|Workflow data change
{
  "Account_A" : "A123",
  "Account_B" : "B123",
  "AMT" : 30
}
2026-08-17 19:40:39.150|INFO|e7f204fe-30a0-449f-a7f5-99e60f7ef2f5|org.kie.kogito.serverless.workflow.devservices.DevModeServerlessWorkflowLogger|Starting workflow 'saga2-transfer-workflow' (e7f204fe-30a0-449f-a7f5-99e60f7ef2f5)
2026-08-17 19:40:39.150|INFO|e7f204fe-30a0-449f-a7f5-99e60f7ef2f5|org.kie.kogito.serverless.workflow.devservices.DevModeServerlessWorkflowLogger|Workflow data 
{
  "Account_A" : "A123",
  "Account_B" : "B123",
  "AMT" : 30
}
2026-08-17 19:40:39.150|INFO|e7f204fe-30a0-449f-a7f5-99e60f7ef2f5|org.kie.kogito.serverless.workflow.devservices.DevModeServerlessWorkflowLogger|Triggered node 'Start' for process 'saga2-transfer-workflow' (e7f204fe-30a0-449f-a7f5-99e60f7ef2f5)
2026-08-17 19:40:39.151|INFO|e7f204fe-30a0-449f-a7f5-99e60f7ef2f5|org.kie.kogito.serverless.workflow.devservices.DevModeServerlessWorkflowLogger|Triggered node 'ValidateInput' for process 'saga2-transfer-workflow' (e7f204fe-30a0-449f-a7f5-99e60f7ef2f5)
2026-08-17 19:40:39.154|INFO|e7f204fe-30a0-449f-a7f5-99e60f7ef2f5|org.kie.kogito.serverless.workflow.devservices.DevModeServerlessWorkflowLogger|Triggered node 'CallA16229State' for process 'saga2-transfer-workflow' (e7f204fe-30a0-449f-a7f5-99e60f7ef2f5)
2026-08-17 19:40:39.155|INFO|e7f204fe-30a0-449f-a7f5-99e60f7ef2f5|org.kie.kogito.serverless.workflow.devservices.DevModeServerlessWorkflowLogger|Triggered node 'callApiViaOpenAPI' for process 'saga2-transfer-workflow' (e7f204fe-30a0-449f-a7f5-99e60f7ef2f5)
2026-08-17 19:40:39.161|INFO|e7f204fe-30a0-449f-a7f5-99e60f7ef2f5|org.kie.kogito.serverless.workflow.devservices.DevModeServerlessWorkflowLogger|Property 'workflowdata.a16229Result' changed value from: 'null', to: '{"code":"999","message":"AMT必須大於50","Account":"A123","_httpStatus":403}'
2026-08-17 19:40:39.161|INFO|e7f204fe-30a0-449f-a7f5-99e60f7ef2f5|org.kie.kogito.serverless.workflow.devservices.DevModeServerlessWorkflowLogger|Triggered node 'CheckA16229Result' for process 'saga2-transfer-workflow' (e7f204fe-30a0-449f-a7f5-99e60f7ef2f5)
2026-08-17 19:40:39.162|INFO|e7f204fe-30a0-449f-a7f5-99e60f7ef2f5|org.kie.kogito.serverless.workflow.devservices.DevModeServerlessWorkflowLogger|Triggered node 'Join-InjectFailedStatus' for process 'saga2-transfer-workflow' (e7f204fe-30a0-449f-a7f5-99e60f7ef2f5)
2026-08-17 19:40:39.162|INFO|e7f204fe-30a0-449f-a7f5-99e60f7ef2f5|org.kie.kogito.serverless.workflow.devservices.DevModeServerlessWorkflowLogger|Triggered node 'InjectFailedStatus' for process 'saga2-transfer-workflow' (e7f204fe-30a0-449f-a7f5-99e60f7ef2f5)
2026-08-17 19:40:39.162|INFO|e7f204fe-30a0-449f-a7f5-99e60f7ef2f5|org.kie.kogito.serverless.workflow.devservices.DevModeServerlessWorkflowLogger|Property 'workflowdata.finalStatus' changed value from: 'null', to: '"FAILED"'
2026-08-17 19:40:39.163|INFO|e7f204fe-30a0-449f-a7f5-99e60f7ef2f5|org.kie.kogito.serverless.workflow.devservices.DevModeServerlessWorkflowLogger|Property 'workflowdata.finalMessage' changed value from: 'null', to: '"業務失敗或 API 錯誤"'
2026-08-17 19:40:39.163|INFO|e7f204fe-30a0-449f-a7f5-99e60f7ef2f5|org.kie.kogito.serverless.workflow.devservices.DevModeServerlessWorkflowLogger|Triggered node 'Join-FinalAuditAndEnd' for process 'saga2-transfer-workflow' (e7f204fe-30a0-449f-a7f5-99e60f7ef2f5)
2026-08-17 19:40:39.163|INFO|e7f204fe-30a0-449f-a7f5-99e60f7ef2f5|org.kie.kogito.serverless.workflow.devservices.DevModeServerlessWorkflowLogger|Triggered node 'FinalAuditAndEnd' for process 'saga2-transfer-workflow' (e7f204fe-30a0-449f-a7f5-99e60f7ef2f5)
2026-08-17 19:40:39.164|INFO|e7f204fe-30a0-449f-a7f5-99e60f7ef2f5|org.kie.kogito.serverless.workflow.devservices.DevModeServerlessWorkflowLogger|Triggered node 'recordAuditLog' for process 'saga2-transfer-workflow' (e7f204fe-30a0-449f-a7f5-99e60f7ef2f5)
2026-08-17 19:40:39.165|INFO|e7f204fe-30a0-449f-a7f5-99e60f7ef2f5|com.example.reconciliation.AuditLogService|[AuditLogService] 成功寫入對帳紀錄! Workflow: saga2-transfer-workflow, BusinessKey: A123, Status: FAILED, Rows: 1
2026-08-17 19:40:39.166|INFO|e7f204fe-30a0-449f-a7f5-99e60f7ef2f5|org.kie.kogito.serverless.workflow.devservices.DevModeServerlessWorkflowLogger|Property 'workflowdata.saved' changed value from: 'null', to: 'true'
2026-08-17 19:40:39.167|INFO|e7f204fe-30a0-449f-a7f5-99e60f7ef2f5|org.kie.kogito.serverless.workflow.devservices.DevModeServerlessWorkflowLogger|Property 'workflowdata.workflowId' changed value from: 'null', to: '"saga2-transfer-workflow"'
2026-08-17 19:40:39.168|INFO|e7f204fe-30a0-449f-a7f5-99e60f7ef2f5|org.kie.kogito.serverless.workflow.devservices.DevModeServerlessWorkflowLogger|Property 'workflowdata.status' changed value from: 'null', to: '"FAILED"'
2026-08-17 19:40:39.169|INFO|e7f204fe-30a0-449f-a7f5-99e60f7ef2f5|org.kie.kogito.serverless.workflow.devservices.DevModeServerlessWorkflowLogger|Workflow data change
{
  "status" : "FAILED",
  "message" : "業務失敗或 API 錯誤",
  "AMT" : 30,
  "a16229Result" : {
    "code" : "999",
    "message" : "AMT必須大於50",
    "Account" : "A123",
    "_httpStatus" : 403
  },
  "a16220Result" : null,
  "a16229Rollback" : null,
  "a16220Rollback" : null
}
2026-08-17 19:40:39.170|INFO|e7f204fe-30a0-449f-a7f5-99e60f7ef2f5|org.kie.kogito.serverless.workflow.devservices.DevModeServerlessWorkflowLogger|Triggered node 'End' for process 'saga2-transfer-workflow' (e7f204fe-30a0-449f-a7f5-99e60f7ef2f5)
2026-08-17 19:40:39.170|INFO|e7f204fe-30a0-449f-a7f5-99e60f7ef2f5|org.kie.kogito.serverless.workflow.devservices.DevModeServerlessWorkflowLogger|Workflow 'saga2-transfer-workflow' (e7f204fe-30a0-449f-a7f5-99e60f7ef2f5) completed
2026-08-17 19:40:39.220|INFO|34bd682f-fa1e-476a-a64a-a20c32064e84|org.kie.kogito.serverless.workflow.devservices.DevModeServerlessWorkflowLogger|Property 'workflowdatainput' changed value from: 'null', to: '{"Account_A":"A123","Account_B":"B123","AMT":600}'
2026-08-17 19:40:39.221|INFO|34bd682f-fa1e-476a-a64a-a20c32064e84|org.kie.kogito.serverless.workflow.devservices.DevModeServerlessWorkflowLogger|Workflow data change
{
  "Account_A" : "A123",
  "Account_B" : "B123",
  "AMT" : 600
}
2026-08-17 19:40:39.222|INFO|34bd682f-fa1e-476a-a64a-a20c32064e84|org.kie.kogito.serverless.workflow.devservices.DevModeServerlessWorkflowLogger|Starting workflow 'saga2-transfer-workflow' (34bd682f-fa1e-476a-a64a-a20c32064e84)
2026-08-17 19:40:39.222|INFO|34bd682f-fa1e-476a-a64a-a20c32064e84|org.kie.kogito.serverless.workflow.devservices.DevModeServerlessWorkflowLogger|Workflow data 
{
  "Account_A" : "A123",
  "Account_B" : "B123",
  "AMT" : 600
}
2026-08-17 19:40:39.223|INFO|34bd682f-fa1e-476a-a64a-a20c32064e84|org.kie.kogito.serverless.workflow.devservices.DevModeServerlessWorkflowLogger|Triggered node 'Start' for process 'saga2-transfer-workflow' (34bd682f-fa1e-476a-a64a-a20c32064e84)
2026-08-17 19:40:39.223|INFO|34bd682f-fa1e-476a-a64a-a20c32064e84|org.kie.kogito.serverless.workflow.devservices.DevModeServerlessWorkflowLogger|Triggered node 'ValidateInput' for process 'saga2-transfer-workflow' (34bd682f-fa1e-476a-a64a-a20c32064e84)
2026-08-17 19:40:39.233|INFO|34bd682f-fa1e-476a-a64a-a20c32064e84|org.kie.kogito.serverless.workflow.devservices.DevModeServerlessWorkflowLogger|Triggered node 'CallA16229State' for process 'saga2-transfer-workflow' (34bd682f-fa1e-476a-a64a-a20c32064e84)
2026-08-17 19:40:39.234|INFO|34bd682f-fa1e-476a-a64a-a20c32064e84|org.kie.kogito.serverless.workflow.devservices.DevModeServerlessWorkflowLogger|Triggered node 'callApiViaOpenAPI' for process 'saga2-transfer-workflow' (34bd682f-fa1e-476a-a64a-a20c32064e84)
2026-08-17 19:40:39.243|INFO|34bd682f-fa1e-476a-a64a-a20c32064e84|org.kie.kogito.serverless.workflow.devservices.DevModeServerlessWorkflowLogger|Property 'workflowdata.a16229Result' changed value from: 'null', to: '{"code":"100","message":"成功","Account":"A123","_httpStatus":200}'
2026-08-17 19:40:39.244|INFO|34bd682f-fa1e-476a-a64a-a20c32064e84|org.kie.kogito.serverless.workflow.devservices.DevModeServerlessWorkflowLogger|Triggered node 'CheckA16229Result' for process 'saga2-transfer-workflow' (34bd682f-fa1e-476a-a64a-a20c32064e84)
2026-08-17 19:40:39.244|INFO|34bd682f-fa1e-476a-a64a-a20c32064e84|org.kie.kogito.serverless.workflow.devservices.DevModeServerlessWorkflowLogger|Triggered node 'CallA16220State' for process 'saga2-transfer-workflow' (34bd682f-fa1e-476a-a64a-a20c32064e84)
2026-08-17 19:40:39.245|INFO|34bd682f-fa1e-476a-a64a-a20c32064e84|org.kie.kogito.serverless.workflow.devservices.DevModeServerlessWorkflowLogger|Triggered node 'callApiViaOpenAPI' for process 'saga2-transfer-workflow' (34bd682f-fa1e-476a-a64a-a20c32064e84)
2026-08-17 19:40:39.252|INFO|34bd682f-fa1e-476a-a64a-a20c32064e84|org.kie.kogito.serverless.workflow.devservices.DevModeServerlessWorkflowLogger|Property 'workflowdata.a16220Result' changed value from: 'null', to: '{"code":"100","message":"成功","Account":"B123","_httpStatus":200}'
2026-08-17 19:40:39.253|INFO|34bd682f-fa1e-476a-a64a-a20c32064e84|org.kie.kogito.serverless.workflow.devservices.DevModeServerlessWorkflowLogger|Triggered node 'CheckA16220Result' for process 'saga2-transfer-workflow' (34bd682f-fa1e-476a-a64a-a20c32064e84)
2026-08-17 19:40:39.253|INFO|34bd682f-fa1e-476a-a64a-a20c32064e84|org.kie.kogito.serverless.workflow.devservices.DevModeServerlessWorkflowLogger|Triggered node 'DecideByEvaluation' for process 'saga2-transfer-workflow' (34bd682f-fa1e-476a-a64a-a20c32064e84)
2026-08-17 19:40:39.254|INFO|34bd682f-fa1e-476a-a64a-a20c32064e84|org.kie.kogito.serverless.workflow.devservices.DevModeServerlessWorkflowLogger|Triggered node 'Join-RollbackA16220' for process 'saga2-transfer-workflow' (34bd682f-fa1e-476a-a64a-a20c32064e84)
2026-08-17 19:40:39.254|INFO|34bd682f-fa1e-476a-a64a-a20c32064e84|org.kie.kogito.serverless.workflow.devservices.DevModeServerlessWorkflowLogger|Triggered node 'RollbackA16220' for process 'saga2-transfer-workflow' (34bd682f-fa1e-476a-a64a-a20c32064e84)
2026-08-17 19:40:39.255|INFO|34bd682f-fa1e-476a-a64a-a20c32064e84|org.kie.kogito.serverless.workflow.devservices.DevModeServerlessWorkflowLogger|Triggered node 'callApiViaOpenAPI' for process 'saga2-transfer-workflow' (34bd682f-fa1e-476a-a64a-a20c32064e84)
2026-08-17 19:40:39.262|INFO|34bd682f-fa1e-476a-a64a-a20c32064e84|org.kie.kogito.serverless.workflow.devservices.DevModeServerlessWorkflowLogger|Property 'workflowdata.a16220Rollback' changed value from: 'null', to: '{"code":"100","message":"成功(EC)","Account":"B123","_httpStatus":200}'
2026-08-17 19:40:39.263|INFO|34bd682f-fa1e-476a-a64a-a20c32064e84|org.kie.kogito.serverless.workflow.devservices.DevModeServerlessWorkflowLogger|Triggered node 'RollbackA16229' for process 'saga2-transfer-workflow' (34bd682f-fa1e-476a-a64a-a20c32064e84)
2026-08-17 19:40:39.263|INFO|34bd682f-fa1e-476a-a64a-a20c32064e84|org.kie.kogito.serverless.workflow.devservices.DevModeServerlessWorkflowLogger|Triggered node 'callApiViaOpenAPI' for process 'saga2-transfer-workflow' (34bd682f-fa1e-476a-a64a-a20c32064e84)
2026-08-17 19:40:39.270|INFO|34bd682f-fa1e-476a-a64a-a20c32064e84|org.kie.kogito.serverless.workflow.devservices.DevModeServerlessWorkflowLogger|Property 'workflowdata.a16229Rollback' changed value from: 'null', to: '{"code":"100","message":"成功(EC)","Account":"A123","_httpStatus":200}'
2026-08-17 19:40:39.271|INFO|34bd682f-fa1e-476a-a64a-a20c32064e84|org.kie.kogito.serverless.workflow.devservices.DevModeServerlessWorkflowLogger|Triggered node 'CheckRollbackResults' for process 'saga2-transfer-workflow' (34bd682f-fa1e-476a-a64a-a20c32064e84)
2026-08-17 19:40:39.271|INFO|34bd682f-fa1e-476a-a64a-a20c32064e84|org.kie.kogito.serverless.workflow.devservices.DevModeServerlessWorkflowLogger|Triggered node 'InjectRolledBackStatus' for process 'saga2-transfer-workflow' (34bd682f-fa1e-476a-a64a-a20c32064e84)
2026-08-17 19:40:39.271|INFO|34bd682f-fa1e-476a-a64a-a20c32064e84|org.kie.kogito.serverless.workflow.devservices.DevModeServerlessWorkflowLogger|Property 'workflowdata.finalStatus' changed value from: 'null', to: '"ROLLED_BACK"'
2026-08-17 19:40:39.272|INFO|34bd682f-fa1e-476a-a64a-a20c32064e84|org.kie.kogito.serverless.workflow.devservices.DevModeServerlessWorkflowLogger|Property 'workflowdata.finalMessage' changed value from: 'null', to: '"AMT > 500 觸發 saga 回沖 (LIFO)"'
2026-08-17 19:40:39.272|INFO|34bd682f-fa1e-476a-a64a-a20c32064e84|org.kie.kogito.serverless.workflow.devservices.DevModeServerlessWorkflowLogger|Triggered node 'Join-FinalAuditAndEnd' for process 'saga2-transfer-workflow' (34bd682f-fa1e-476a-a64a-a20c32064e84)
2026-08-17 19:40:39.272|INFO|34bd682f-fa1e-476a-a64a-a20c32064e84|org.kie.kogito.serverless.workflow.devservices.DevModeServerlessWorkflowLogger|Triggered node 'FinalAuditAndEnd' for process 'saga2-transfer-workflow' (34bd682f-fa1e-476a-a64a-a20c32064e84)
2026-08-17 19:40:39.273|INFO|34bd682f-fa1e-476a-a64a-a20c32064e84|org.kie.kogito.serverless.workflow.devservices.DevModeServerlessWorkflowLogger|Triggered node 'recordAuditLog' for process 'saga2-transfer-workflow' (34bd682f-fa1e-476a-a64a-a20c32064e84)
2026-08-17 19:40:39.274|INFO|34bd682f-fa1e-476a-a64a-a20c32064e84|com.example.reconciliation.AuditLogService|[AuditLogService] 成功寫入對帳紀錄! Workflow: saga2-transfer-workflow, BusinessKey: A123, Status: ROLLED_BACK, Rows: 1
2026-08-17 19:40:39.274|INFO|34bd682f-fa1e-476a-a64a-a20c32064e84|org.kie.kogito.serverless.workflow.devservices.DevModeServerlessWorkflowLogger|Property 'workflowdata.saved' changed value from: 'null', to: 'true'
2026-08-17 19:40:39.275|INFO|34bd682f-fa1e-476a-a64a-a20c32064e84|org.kie.kogito.serverless.workflow.devservices.DevModeServerlessWorkflowLogger|Property 'workflowdata.workflowId' changed value from: 'null', to: '"saga2-transfer-workflow"'
2026-08-17 19:40:39.275|INFO|34bd682f-fa1e-476a-a64a-a20c32064e84|org.kie.kogito.serverless.workflow.devservices.DevModeServerlessWorkflowLogger|Property 'workflowdata.status' changed value from: 'null', to: '"ROLLED_BACK"'
2026-08-17 19:40:39.275|INFO|34bd682f-fa1e-476a-a64a-a20c32064e84|org.kie.kogito.serverless.workflow.devservices.DevModeServerlessWorkflowLogger|Workflow data change
{
  "status" : "ROLLED_BACK",
  "message" : "AMT > 500 觸發 saga 回沖 (LIFO)",
  "AMT" : 600,
  "a16229Result" : {
    "code" : "100",
    "message" : "成功",
    "Account" : "A123",
    "_httpStatus" : 200
  },
  "a16220Result" : {
    "code" : "100",
    "message" : "成功",
    "Account" : "B123",
    "_httpStatus" : 200
  },
  "a16229Rollback" : {
    "code" : "100",
    "message" : "成功(EC)",
    "Account" : "A123",
    "_httpStatus" : 200
  },
  "a16220Rollback" : {
    "code" : "100",
    "message" : "成功(EC)",
    "Account" : "B123",
    "_httpStatus" : 200
  }
}
2026-08-17 19:40:39.276|INFO|34bd682f-fa1e-476a-a64a-a20c32064e84|org.kie.kogito.serverless.workflow.devservices.DevModeServerlessWorkflowLogger|Triggered node 'End' for process 'saga2-transfer-workflow' (34bd682f-fa1e-476a-a64a-a20c32064e84)
2026-08-17 19:40:39.276|INFO|34bd682f-fa1e-476a-a64a-a20c32064e84|org.kie.kogito.serverless.workflow.devservices.DevModeServerlessWorkflowLogger|Workflow 'saga2-transfer-workflow' (34bd682f-fa1e-476a-a64a-a20c32064e84) completed
2026-08-17 19:40:39.311|INFO|ee958057-e3ab-4ba6-b91a-e2f00a013c7c|org.kie.kogito.serverless.workflow.devservices.DevModeServerlessWorkflowLogger|Property 'workflowdatainput' changed value from: 'null', to: '{"Account_A":"A123","Account_B":"B123","AMT":2000}'
2026-08-17 19:40:39.312|INFO|ee958057-e3ab-4ba6-b91a-e2f00a013c7c|org.kie.kogito.serverless.workflow.devservices.DevModeServerlessWorkflowLogger|Workflow data change
{
  "Account_A" : "A123",
  "Account_B" : "B123",
  "AMT" : 2000
}
2026-08-17 19:40:39.312|INFO|ee958057-e3ab-4ba6-b91a-e2f00a013c7c|org.kie.kogito.serverless.workflow.devservices.DevModeServerlessWorkflowLogger|Starting workflow 'saga2-transfer-workflow' (ee958057-e3ab-4ba6-b91a-e2f00a013c7c)
2026-08-17 19:40:39.312|INFO|ee958057-e3ab-4ba6-b91a-e2f00a013c7c|org.kie.kogito.serverless.workflow.devservices.DevModeServerlessWorkflowLogger|Workflow data 
{
  "Account_A" : "A123",
  "Account_B" : "B123",
  "AMT" : 2000
}
2026-08-17 19:40:39.313|INFO|ee958057-e3ab-4ba6-b91a-e2f00a013c7c|org.kie.kogito.serverless.workflow.devservices.DevModeServerlessWorkflowLogger|Triggered node 'Start' for process 'saga2-transfer-workflow' (ee958057-e3ab-4ba6-b91a-e2f00a013c7c)
2026-08-17 19:40:39.313|INFO|ee958057-e3ab-4ba6-b91a-e2f00a013c7c|org.kie.kogito.serverless.workflow.devservices.DevModeServerlessWorkflowLogger|Triggered node 'ValidateInput' for process 'saga2-transfer-workflow' (ee958057-e3ab-4ba6-b91a-e2f00a013c7c)
2026-08-17 19:40:39.316|INFO|ee958057-e3ab-4ba6-b91a-e2f00a013c7c|org.kie.kogito.serverless.workflow.devservices.DevModeServerlessWorkflowLogger|Triggered node 'CallA16229State' for process 'saga2-transfer-workflow' (ee958057-e3ab-4ba6-b91a-e2f00a013c7c)
2026-08-17 19:40:39.317|INFO|ee958057-e3ab-4ba6-b91a-e2f00a013c7c|org.kie.kogito.serverless.workflow.devservices.DevModeServerlessWorkflowLogger|Triggered node 'callApiViaOpenAPI' for process 'saga2-transfer-workflow' (ee958057-e3ab-4ba6-b91a-e2f00a013c7c)
2026-08-17 19:40:39.325|INFO|ee958057-e3ab-4ba6-b91a-e2f00a013c7c|org.kie.kogito.serverless.workflow.devservices.DevModeServerlessWorkflowLogger|Property 'workflowdata.a16229Result' changed value from: 'null', to: '{"code":"100","message":"成功","Account":"A123","_httpStatus":200}'
2026-08-17 19:40:39.326|INFO|ee958057-e3ab-4ba6-b91a-e2f00a013c7c|org.kie.kogito.serverless.workflow.devservices.DevModeServerlessWorkflowLogger|Triggered node 'CheckA16229Result' for process 'saga2-transfer-workflow' (ee958057-e3ab-4ba6-b91a-e2f00a013c7c)
2026-08-17 19:40:39.326|INFO|ee958057-e3ab-4ba6-b91a-e2f00a013c7c|org.kie.kogito.serverless.workflow.devservices.DevModeServerlessWorkflowLogger|Triggered node 'CallA16220State' for process 'saga2-transfer-workflow' (ee958057-e3ab-4ba6-b91a-e2f00a013c7c)
2026-08-17 19:40:39.327|INFO|ee958057-e3ab-4ba6-b91a-e2f00a013c7c|org.kie.kogito.serverless.workflow.devservices.DevModeServerlessWorkflowLogger|Triggered node 'callApiViaOpenAPI' for process 'saga2-transfer-workflow' (ee958057-e3ab-4ba6-b91a-e2f00a013c7c)
2026-08-17 19:40:39.334|INFO|ee958057-e3ab-4ba6-b91a-e2f00a013c7c|org.kie.kogito.serverless.workflow.devservices.DevModeServerlessWorkflowLogger|Property 'workflowdata.a16220Result' changed value from: 'null', to: '{"code":"999","message":"AMT必須小於1000","Account":"B123","_httpStatus":403}'
2026-08-17 19:40:39.335|INFO|ee958057-e3ab-4ba6-b91a-e2f00a013c7c|org.kie.kogito.serverless.workflow.devservices.DevModeServerlessWorkflowLogger|Triggered node 'CheckA16220Result' for process 'saga2-transfer-workflow' (ee958057-e3ab-4ba6-b91a-e2f00a013c7c)
2026-08-17 19:40:39.335|INFO|ee958057-e3ab-4ba6-b91a-e2f00a013c7c|org.kie.kogito.serverless.workflow.devservices.DevModeServerlessWorkflowLogger|Triggered node 'Join-RollbackA16229Only' for process 'saga2-transfer-workflow' (ee958057-e3ab-4ba6-b91a-e2f00a013c7c)
2026-08-17 19:40:39.336|INFO|ee958057-e3ab-4ba6-b91a-e2f00a013c7c|org.kie.kogito.serverless.workflow.devservices.DevModeServerlessWorkflowLogger|Triggered node 'RollbackA16229Only' for process 'saga2-transfer-workflow' (ee958057-e3ab-4ba6-b91a-e2f00a013c7c)
2026-08-17 19:40:39.336|INFO|ee958057-e3ab-4ba6-b91a-e2f00a013c7c|org.kie.kogito.serverless.workflow.devservices.DevModeServerlessWorkflowLogger|Triggered node 'callApiViaOpenAPI' for process 'saga2-transfer-workflow' (ee958057-e3ab-4ba6-b91a-e2f00a013c7c)
2026-08-17 19:40:39.342|INFO|ee958057-e3ab-4ba6-b91a-e2f00a013c7c|org.kie.kogito.serverless.workflow.devservices.DevModeServerlessWorkflowLogger|Property 'workflowdata.a16229Rollback' changed value from: 'null', to: '{"code":"100","message":"成功(EC)","Account":"A123","_httpStatus":200}'
2026-08-17 19:40:39.342|INFO|ee958057-e3ab-4ba6-b91a-e2f00a013c7c|org.kie.kogito.serverless.workflow.devservices.DevModeServerlessWorkflowLogger|Triggered node 'CheckRollbackA16229OnlyResult' for process 'saga2-transfer-workflow' (ee958057-e3ab-4ba6-b91a-e2f00a013c7c)
2026-08-17 19:40:39.343|INFO|ee958057-e3ab-4ba6-b91a-e2f00a013c7c|org.kie.kogito.serverless.workflow.devservices.DevModeServerlessWorkflowLogger|Triggered node 'InjectRolledBackOnlyStatus' for process 'saga2-transfer-workflow' (ee958057-e3ab-4ba6-b91a-e2f00a013c7c)
2026-08-17 19:40:39.343|INFO|ee958057-e3ab-4ba6-b91a-e2f00a013c7c|org.kie.kogito.serverless.workflow.devservices.DevModeServerlessWorkflowLogger|Property 'workflowdata.finalStatus' changed value from: 'null', to: '"ROLLED_BACK"'
2026-08-17 19:40:39.343|INFO|ee958057-e3ab-4ba6-b91a-e2f00a013c7c|org.kie.kogito.serverless.workflow.devservices.DevModeServerlessWorkflowLogger|Property 'workflowdata.finalMessage' changed value from: 'null', to: '"A16220 業務失敗,僅回沖 A16229"'
2026-08-17 19:40:39.343|INFO|ee958057-e3ab-4ba6-b91a-e2f00a013c7c|org.kie.kogito.serverless.workflow.devservices.DevModeServerlessWorkflowLogger|Triggered node 'Join-FinalAuditAndEnd' for process 'saga2-transfer-workflow' (ee958057-e3ab-4ba6-b91a-e2f00a013c7c)
2026-08-17 19:40:39.344|INFO|ee958057-e3ab-4ba6-b91a-e2f00a013c7c|org.kie.kogito.serverless.workflow.devservices.DevModeServerlessWorkflowLogger|Triggered node 'FinalAuditAndEnd' for process 'saga2-transfer-workflow' (ee958057-e3ab-4ba6-b91a-e2f00a013c7c)
2026-08-17 19:40:39.344|INFO|ee958057-e3ab-4ba6-b91a-e2f00a013c7c|org.kie.kogito.serverless.workflow.devservices.DevModeServerlessWorkflowLogger|Triggered node 'recordAuditLog' for process 'saga2-transfer-workflow' (ee958057-e3ab-4ba6-b91a-e2f00a013c7c)
2026-08-17 19:40:39.346|INFO|ee958057-e3ab-4ba6-b91a-e2f00a013c7c|com.example.reconciliation.AuditLogService|[AuditLogService] 成功寫入對帳紀錄! Workflow: saga2-transfer-workflow, BusinessKey: A123, Status: ROLLED_BACK, Rows: 1
2026-08-17 19:40:39.347|INFO|ee958057-e3ab-4ba6-b91a-e2f00a013c7c|org.kie.kogito.serverless.workflow.devservices.DevModeServerlessWorkflowLogger|Property 'workflowdata.saved' changed value from: 'null', to: 'true'
2026-08-17 19:40:39.347|INFO|ee958057-e3ab-4ba6-b91a-e2f00a013c7c|org.kie.kogito.serverless.workflow.devservices.DevModeServerlessWorkflowLogger|Property 'workflowdata.workflowId' changed value from: 'null', to: '"saga2-transfer-workflow"'
2026-08-17 19:40:39.348|INFO|ee958057-e3ab-4ba6-b91a-e2f00a013c7c|org.kie.kogito.serverless.workflow.devservices.DevModeServerlessWorkflowLogger|Property 'workflowdata.status' changed value from: 'null', to: '"ROLLED_BACK"'
2026-08-17 19:40:39.348|INFO|ee958057-e3ab-4ba6-b91a-e2f00a013c7c|org.kie.kogito.serverless.workflow.devservices.DevModeServerlessWorkflowLogger|Workflow data change
{
  "status" : "ROLLED_BACK",
  "message" : "A16220 業務失敗,僅回沖 A16229",
  "AMT" : 2000,
  "a16229Result" : {
    "code" : "100",
    "message" : "成功",
    "Account" : "A123",
    "_httpStatus" : 200
  },
  "a16220Result" : {
    "code" : "999",
    "message" : "AMT必須小於1000",
    "Account" : "B123",
    "_httpStatus" : 403
  },
  "a16229Rollback" : {
    "code" : "100",
    "message" : "成功(EC)",
    "Account" : "A123",
    "_httpStatus" : 200
  },
  "a16220Rollback" : null
}
2026-08-17 19:40:39.349|INFO|ee958057-e3ab-4ba6-b91a-e2f00a013c7c|org.kie.kogito.serverless.workflow.devservices.DevModeServerlessWorkflowLogger|Triggered node 'End' for process 'saga2-transfer-workflow' (ee958057-e3ab-4ba6-b91a-e2f00a013c7c)
2026-08-17 19:40:39.349|INFO|ee958057-e3ab-4ba6-b91a-e2f00a013c7c|org.kie.kogito.serverless.workflow.devservices.DevModeServerlessWorkflowLogger|Workflow 'saga2-transfer-workflow' (ee958057-e3ab-4ba6-b91a-e2f00a013c7c) completed
2026-08-17 19:40:39.381|INFO|bdc37517-ed40-4e76-bba4-1d78388b37db|org.kie.kogito.serverless.workflow.devservices.DevModeServerlessWorkflowLogger|Property 'workflowdatainput' changed value from: 'null', to: '{"Account_A":"A123","Account_B":"B123","AMT":500}'
2026-08-17 19:40:39.382|INFO|bdc37517-ed40-4e76-bba4-1d78388b37db|org.kie.kogito.serverless.workflow.devservices.DevModeServerlessWorkflowLogger|Workflow data change
{
  "Account_A" : "A123",
  "Account_B" : "B123",
  "AMT" : 500
}
2026-08-17 19:40:39.382|INFO|bdc37517-ed40-4e76-bba4-1d78388b37db|org.kie.kogito.serverless.workflow.devservices.DevModeServerlessWorkflowLogger|Starting workflow 'saga2-transfer-workflow' (bdc37517-ed40-4e76-bba4-1d78388b37db)
2026-08-17 19:40:39.382|INFO|bdc37517-ed40-4e76-bba4-1d78388b37db|org.kie.kogito.serverless.workflow.devservices.DevModeServerlessWorkflowLogger|Workflow data 
{
  "Account_A" : "A123",
  "Account_B" : "B123",
  "AMT" : 500
}
2026-08-17 19:40:39.382|INFO|bdc37517-ed40-4e76-bba4-1d78388b37db|org.kie.kogito.serverless.workflow.devservices.DevModeServerlessWorkflowLogger|Triggered node 'Start' for process 'saga2-transfer-workflow' (bdc37517-ed40-4e76-bba4-1d78388b37db)
2026-08-17 19:40:39.383|INFO|bdc37517-ed40-4e76-bba4-1d78388b37db|org.kie.kogito.serverless.workflow.devservices.DevModeServerlessWorkflowLogger|Triggered node 'ValidateInput' for process 'saga2-transfer-workflow' (bdc37517-ed40-4e76-bba4-1d78388b37db)
2026-08-17 19:40:39.387|INFO|bdc37517-ed40-4e76-bba4-1d78388b37db|org.kie.kogito.serverless.workflow.devservices.DevModeServerlessWorkflowLogger|Triggered node 'CallA16229State' for process 'saga2-transfer-workflow' (bdc37517-ed40-4e76-bba4-1d78388b37db)
2026-08-17 19:40:39.387|INFO|bdc37517-ed40-4e76-bba4-1d78388b37db|org.kie.kogito.serverless.workflow.devservices.DevModeServerlessWorkflowLogger|Triggered node 'callApiViaOpenAPI' for process 'saga2-transfer-workflow' (bdc37517-ed40-4e76-bba4-1d78388b37db)
2026-08-17 19:40:39.393|INFO|bdc37517-ed40-4e76-bba4-1d78388b37db|org.kie.kogito.serverless.workflow.devservices.DevModeServerlessWorkflowLogger|Property 'workflowdata.a16229Result' changed value from: 'null', to: '{"code":"100","message":"成功","Account":"A123","_httpStatus":200}'
2026-08-17 19:40:39.394|INFO|bdc37517-ed40-4e76-bba4-1d78388b37db|org.kie.kogito.serverless.workflow.devservices.DevModeServerlessWorkflowLogger|Triggered node 'CheckA16229Result' for process 'saga2-transfer-workflow' (bdc37517-ed40-4e76-bba4-1d78388b37db)
2026-08-17 19:40:39.394|INFO|bdc37517-ed40-4e76-bba4-1d78388b37db|org.kie.kogito.serverless.workflow.devservices.DevModeServerlessWorkflowLogger|Triggered node 'CallA16220State' for process 'saga2-transfer-workflow' (bdc37517-ed40-4e76-bba4-1d78388b37db)
2026-08-17 19:40:39.395|INFO|bdc37517-ed40-4e76-bba4-1d78388b37db|org.kie.kogito.serverless.workflow.devservices.DevModeServerlessWorkflowLogger|Triggered node 'callApiViaOpenAPI' for process 'saga2-transfer-workflow' (bdc37517-ed40-4e76-bba4-1d78388b37db)
2026-08-17 19:40:39.401|INFO|bdc37517-ed40-4e76-bba4-1d78388b37db|org.kie.kogito.serverless.workflow.devservices.DevModeServerlessWorkflowLogger|Property 'workflowdata.a16220Result' changed value from: 'null', to: '{"code":"100","message":"成功","Account":"B123","_httpStatus":200}'
2026-08-17 19:40:39.401|INFO|bdc37517-ed40-4e76-bba4-1d78388b37db|org.kie.kogito.serverless.workflow.devservices.DevModeServerlessWorkflowLogger|Triggered node 'CheckA16220Result' for process 'saga2-transfer-workflow' (bdc37517-ed40-4e76-bba4-1d78388b37db)
2026-08-17 19:40:39.402|INFO|bdc37517-ed40-4e76-bba4-1d78388b37db|org.kie.kogito.serverless.workflow.devservices.DevModeServerlessWorkflowLogger|Triggered node 'DecideByEvaluation' for process 'saga2-transfer-workflow' (bdc37517-ed40-4e76-bba4-1d78388b37db)
2026-08-17 19:40:39.402|INFO|bdc37517-ed40-4e76-bba4-1d78388b37db|org.kie.kogito.serverless.workflow.devservices.DevModeServerlessWorkflowLogger|Triggered node 'InjectSuccessStatus' for process 'saga2-transfer-workflow' (bdc37517-ed40-4e76-bba4-1d78388b37db)
2026-08-17 19:40:39.402|INFO|bdc37517-ed40-4e76-bba4-1d78388b37db|org.kie.kogito.serverless.workflow.devservices.DevModeServerlessWorkflowLogger|Property 'workflowdata.finalStatus' changed value from: 'null', to: '"SUCCESS"'
2026-08-17 19:40:39.402|INFO|bdc37517-ed40-4e76-bba4-1d78388b37db|org.kie.kogito.serverless.workflow.devservices.DevModeServerlessWorkflowLogger|Property 'workflowdata.finalMessage' changed value from: 'null', to: '"交易成功"'
2026-08-17 19:40:39.403|INFO|bdc37517-ed40-4e76-bba4-1d78388b37db|org.kie.kogito.serverless.workflow.devservices.DevModeServerlessWorkflowLogger|Triggered node 'Join-FinalAuditAndEnd' for process 'saga2-transfer-workflow' (bdc37517-ed40-4e76-bba4-1d78388b37db)
2026-08-17 19:40:39.403|INFO|bdc37517-ed40-4e76-bba4-1d78388b37db|org.kie.kogito.serverless.workflow.devservices.DevModeServerlessWorkflowLogger|Triggered node 'FinalAuditAndEnd' for process 'saga2-transfer-workflow' (bdc37517-ed40-4e76-bba4-1d78388b37db)
2026-08-17 19:40:39.403|INFO|bdc37517-ed40-4e76-bba4-1d78388b37db|org.kie.kogito.serverless.workflow.devservices.DevModeServerlessWorkflowLogger|Triggered node 'recordAuditLog' for process 'saga2-transfer-workflow' (bdc37517-ed40-4e76-bba4-1d78388b37db)
2026-08-17 19:40:39.404|INFO|bdc37517-ed40-4e76-bba4-1d78388b37db|com.example.reconciliation.AuditLogService|[AuditLogService] 成功寫入對帳紀錄! Workflow: saga2-transfer-workflow, BusinessKey: A123, Status: SUCCESS, Rows: 1
2026-08-17 19:40:39.406|INFO|bdc37517-ed40-4e76-bba4-1d78388b37db|org.kie.kogito.serverless.workflow.devservices.DevModeServerlessWorkflowLogger|Property 'workflowdata.saved' changed value from: 'null', to: 'true'
2026-08-17 19:40:39.406|INFO|bdc37517-ed40-4e76-bba4-1d78388b37db|org.kie.kogito.serverless.workflow.devservices.DevModeServerlessWorkflowLogger|Property 'workflowdata.workflowId' changed value from: 'null', to: '"saga2-transfer-workflow"'
2026-08-17 19:40:39.407|INFO|bdc37517-ed40-4e76-bba4-1d78388b37db|org.kie.kogito.serverless.workflow.devservices.DevModeServerlessWorkflowLogger|Property 'workflowdata.status' changed value from: 'null', to: '"SUCCESS"'
2026-08-17 19:40:39.407|INFO|bdc37517-ed40-4e76-bba4-1d78388b37db|org.kie.kogito.serverless.workflow.devservices.DevModeServerlessWorkflowLogger|Workflow data change
{
  "status" : "SUCCESS",
  "message" : "交易成功",
  "AMT" : 500,
  "a16229Result" : {
    "code" : "100",
    "message" : "成功",
    "Account" : "A123",
    "_httpStatus" : 200
  },
  "a16220Result" : {
    "code" : "100",
    "message" : "成功",
    "Account" : "B123",
    "_httpStatus" : 200
  },
  "a16229Rollback" : null,
  "a16220Rollback" : null
}
2026-08-17 19:40:39.408|INFO|bdc37517-ed40-4e76-bba4-1d78388b37db|org.kie.kogito.serverless.workflow.devservices.DevModeServerlessWorkflowLogger|Triggered node 'End' for process 'saga2-transfer-workflow' (bdc37517-ed40-4e76-bba4-1d78388b37db)
2026-08-17 19:40:39.408|INFO|bdc37517-ed40-4e76-bba4-1d78388b37db|org.kie.kogito.serverless.workflow.devservices.DevModeServerlessWorkflowLogger|Workflow 'saga2-transfer-workflow' (bdc37517-ed40-4e76-bba4-1d78388b37db) completed
2026-08-17 19:40:39.435|INFO|f3fea495-e6f8-4a68-970d-8a577ac94d73|org.kie.kogito.serverless.workflow.devservices.DevModeServerlessWorkflowLogger|Property 'workflowdatainput' changed value from: 'null', to: '{"Account_A":"A123","Account_B":"B123","AMT":501}'
2026-08-17 19:40:39.436|INFO|f3fea495-e6f8-4a68-970d-8a577ac94d73|org.kie.kogito.serverless.workflow.devservices.DevModeServerlessWorkflowLogger|Workflow data change
{
  "Account_A" : "A123",
  "Account_B" : "B123",
  "AMT" : 501
}
2026-08-17 19:40:39.436|INFO|f3fea495-e6f8-4a68-970d-8a577ac94d73|org.kie.kogito.serverless.workflow.devservices.DevModeServerlessWorkflowLogger|Starting workflow 'saga2-transfer-workflow' (f3fea495-e6f8-4a68-970d-8a577ac94d73)
2026-08-17 19:40:39.436|INFO|f3fea495-e6f8-4a68-970d-8a577ac94d73|org.kie.kogito.serverless.workflow.devservices.DevModeServerlessWorkflowLogger|Workflow data 
{
  "Account_A" : "A123",
  "Account_B" : "B123",
  "AMT" : 501
}
2026-08-17 19:40:39.436|INFO|f3fea495-e6f8-4a68-970d-8a577ac94d73|org.kie.kogito.serverless.workflow.devservices.DevModeServerlessWorkflowLogger|Triggered node 'Start' for process 'saga2-transfer-workflow' (f3fea495-e6f8-4a68-970d-8a577ac94d73)
2026-08-17 19:40:39.437|INFO|f3fea495-e6f8-4a68-970d-8a577ac94d73|org.kie.kogito.serverless.workflow.devservices.DevModeServerlessWorkflowLogger|Triggered node 'ValidateInput' for process 'saga2-transfer-workflow' (f3fea495-e6f8-4a68-970d-8a577ac94d73)
2026-08-17 19:40:39.439|INFO|f3fea495-e6f8-4a68-970d-8a577ac94d73|org.kie.kogito.serverless.workflow.devservices.DevModeServerlessWorkflowLogger|Triggered node 'CallA16229State' for process 'saga2-transfer-workflow' (f3fea495-e6f8-4a68-970d-8a577ac94d73)
2026-08-17 19:40:39.439|INFO|f3fea495-e6f8-4a68-970d-8a577ac94d73|org.kie.kogito.serverless.workflow.devservices.DevModeServerlessWorkflowLogger|Triggered node 'callApiViaOpenAPI' for process 'saga2-transfer-workflow' (f3fea495-e6f8-4a68-970d-8a577ac94d73)
2026-08-17 19:40:39.449|INFO|f3fea495-e6f8-4a68-970d-8a577ac94d73|org.kie.kogito.serverless.workflow.devservices.DevModeServerlessWorkflowLogger|Property 'workflowdata.a16229Result' changed value from: 'null', to: '{"code":"100","message":"成功","Account":"A123","_httpStatus":200}'
2026-08-17 19:40:39.449|INFO|f3fea495-e6f8-4a68-970d-8a577ac94d73|org.kie.kogito.serverless.workflow.devservices.DevModeServerlessWorkflowLogger|Triggered node 'CheckA16229Result' for process 'saga2-transfer-workflow' (f3fea495-e6f8-4a68-970d-8a577ac94d73)
2026-08-17 19:40:39.449|INFO|f3fea495-e6f8-4a68-970d-8a577ac94d73|org.kie.kogito.serverless.workflow.devservices.DevModeServerlessWorkflowLogger|Triggered node 'CallA16220State' for process 'saga2-transfer-workflow' (f3fea495-e6f8-4a68-970d-8a577ac94d73)
2026-08-17 19:40:39.449|INFO|f3fea495-e6f8-4a68-970d-8a577ac94d73|org.kie.kogito.serverless.workflow.devservices.DevModeServerlessWorkflowLogger|Triggered node 'callApiViaOpenAPI' for process 'saga2-transfer-workflow' (f3fea495-e6f8-4a68-970d-8a577ac94d73)
2026-08-17 19:40:39.455|INFO|f3fea495-e6f8-4a68-970d-8a577ac94d73|org.kie.kogito.serverless.workflow.devservices.DevModeServerlessWorkflowLogger|Property 'workflowdata.a16220Result' changed value from: 'null', to: '{"code":"100","message":"成功","Account":"B123","_httpStatus":200}'
2026-08-17 19:40:39.456|INFO|f3fea495-e6f8-4a68-970d-8a577ac94d73|org.kie.kogito.serverless.workflow.devservices.DevModeServerlessWorkflowLogger|Triggered node 'CheckA16220Result' for process 'saga2-transfer-workflow' (f3fea495-e6f8-4a68-970d-8a577ac94d73)
2026-08-17 19:40:39.456|INFO|f3fea495-e6f8-4a68-970d-8a577ac94d73|org.kie.kogito.serverless.workflow.devservices.DevModeServerlessWorkflowLogger|Triggered node 'DecideByEvaluation' for process 'saga2-transfer-workflow' (f3fea495-e6f8-4a68-970d-8a577ac94d73)
2026-08-17 19:40:39.456|INFO|f3fea495-e6f8-4a68-970d-8a577ac94d73|org.kie.kogito.serverless.workflow.devservices.DevModeServerlessWorkflowLogger|Triggered node 'Join-RollbackA16220' for process 'saga2-transfer-workflow' (f3fea495-e6f8-4a68-970d-8a577ac94d73)
2026-08-17 19:40:39.456|INFO|f3fea495-e6f8-4a68-970d-8a577ac94d73|org.kie.kogito.serverless.workflow.devservices.DevModeServerlessWorkflowLogger|Triggered node 'RollbackA16220' for process 'saga2-transfer-workflow' (f3fea495-e6f8-4a68-970d-8a577ac94d73)
2026-08-17 19:40:39.456|INFO|f3fea495-e6f8-4a68-970d-8a577ac94d73|org.kie.kogito.serverless.workflow.devservices.DevModeServerlessWorkflowLogger|Triggered node 'callApiViaOpenAPI' for process 'saga2-transfer-workflow' (f3fea495-e6f8-4a68-970d-8a577ac94d73)
2026-08-17 19:40:39.468|INFO|f3fea495-e6f8-4a68-970d-8a577ac94d73|org.kie.kogito.serverless.workflow.devservices.DevModeServerlessWorkflowLogger|Property 'workflowdata.a16220Rollback' changed value from: 'null', to: '{"code":"100","message":"成功(EC)","Account":"B123","_httpStatus":200}'
2026-08-17 19:40:39.469|INFO|f3fea495-e6f8-4a68-970d-8a577ac94d73|org.kie.kogito.serverless.workflow.devservices.DevModeServerlessWorkflowLogger|Triggered node 'RollbackA16229' for process 'saga2-transfer-workflow' (f3fea495-e6f8-4a68-970d-8a577ac94d73)
2026-08-17 19:40:39.469|INFO|f3fea495-e6f8-4a68-970d-8a577ac94d73|org.kie.kogito.serverless.workflow.devservices.DevModeServerlessWorkflowLogger|Triggered node 'callApiViaOpenAPI' for process 'saga2-transfer-workflow' (f3fea495-e6f8-4a68-970d-8a577ac94d73)
2026-08-17 19:40:39.479|INFO|f3fea495-e6f8-4a68-970d-8a577ac94d73|org.kie.kogito.serverless.workflow.devservices.DevModeServerlessWorkflowLogger|Property 'workflowdata.a16229Rollback' changed value from: 'null', to: '{"code":"100","message":"成功(EC)","Account":"A123","_httpStatus":200}'
2026-08-17 19:40:39.479|INFO|f3fea495-e6f8-4a68-970d-8a577ac94d73|org.kie.kogito.serverless.workflow.devservices.DevModeServerlessWorkflowLogger|Triggered node 'CheckRollbackResults' for process 'saga2-transfer-workflow' (f3fea495-e6f8-4a68-970d-8a577ac94d73)
2026-08-17 19:40:39.480|INFO|f3fea495-e6f8-4a68-970d-8a577ac94d73|org.kie.kogito.serverless.workflow.devservices.DevModeServerlessWorkflowLogger|Triggered node 'InjectRolledBackStatus' for process 'saga2-transfer-workflow' (f3fea495-e6f8-4a68-970d-8a577ac94d73)
2026-08-17 19:40:39.481|INFO|f3fea495-e6f8-4a68-970d-8a577ac94d73|org.kie.kogito.serverless.workflow.devservices.DevModeServerlessWorkflowLogger|Property 'workflowdata.finalStatus' changed value from: 'null', to: '"ROLLED_BACK"'
2026-08-17 19:40:39.481|INFO|f3fea495-e6f8-4a68-970d-8a577ac94d73|org.kie.kogito.serverless.workflow.devservices.DevModeServerlessWorkflowLogger|Property 'workflowdata.finalMessage' changed value from: 'null', to: '"AMT > 500 觸發 saga 回沖 (LIFO)"'
2026-08-17 19:40:39.481|INFO|f3fea495-e6f8-4a68-970d-8a577ac94d73|org.kie.kogito.serverless.workflow.devservices.DevModeServerlessWorkflowLogger|Triggered node 'Join-FinalAuditAndEnd' for process 'saga2-transfer-workflow' (f3fea495-e6f8-4a68-970d-8a577ac94d73)
2026-08-17 19:40:39.482|INFO|f3fea495-e6f8-4a68-970d-8a577ac94d73|org.kie.kogito.serverless.workflow.devservices.DevModeServerlessWorkflowLogger|Triggered node 'FinalAuditAndEnd' for process 'saga2-transfer-workflow' (f3fea495-e6f8-4a68-970d-8a577ac94d73)
2026-08-17 19:40:39.482|INFO|f3fea495-e6f8-4a68-970d-8a577ac94d73|org.kie.kogito.serverless.workflow.devservices.DevModeServerlessWorkflowLogger|Triggered node 'recordAuditLog' for process 'saga2-transfer-workflow' (f3fea495-e6f8-4a68-970d-8a577ac94d73)
2026-08-17 19:40:39.484|INFO|f3fea495-e6f8-4a68-970d-8a577ac94d73|com.example.reconciliation.AuditLogService|[AuditLogService] 成功寫入對帳紀錄! Workflow: saga2-transfer-workflow, BusinessKey: A123, Status: ROLLED_BACK, Rows: 1
2026-08-17 19:40:39.485|INFO|f3fea495-e6f8-4a68-970d-8a577ac94d73|org.kie.kogito.serverless.workflow.devservices.DevModeServerlessWorkflowLogger|Property 'workflowdata.saved' changed value from: 'null', to: 'true'
2026-08-17 19:40:39.485|INFO|f3fea495-e6f8-4a68-970d-8a577ac94d73|org.kie.kogito.serverless.workflow.devservices.DevModeServerlessWorkflowLogger|Property 'workflowdata.workflowId' changed value from: 'null', to: '"saga2-transfer-workflow"'
2026-08-17 19:40:39.486|INFO|f3fea495-e6f8-4a68-970d-8a577ac94d73|org.kie.kogito.serverless.workflow.devservices.DevModeServerlessWorkflowLogger|Property 'workflowdata.status' changed value from: 'null', to: '"ROLLED_BACK"'
2026-08-17 19:40:39.486|INFO|f3fea495-e6f8-4a68-970d-8a577ac94d73|org.kie.kogito.serverless.workflow.devservices.DevModeServerlessWorkflowLogger|Workflow data change
{
  "status" : "ROLLED_BACK",
  "message" : "AMT > 500 觸發 saga 回沖 (LIFO)",
  "AMT" : 501,
  "a16229Result" : {
    "code" : "100",
    "message" : "成功",
    "Account" : "A123",
    "_httpStatus" : 200
  },
  "a16220Result" : {
    "code" : "100",
    "message" : "成功",
    "Account" : "B123",
    "_httpStatus" : 200
  },
  "a16229Rollback" : {
    "code" : "100",
    "message" : "成功(EC)",
    "Account" : "A123",
    "_httpStatus" : 200
  },
  "a16220Rollback" : {
    "code" : "100",
    "message" : "成功(EC)",
    "Account" : "B123",
    "_httpStatus" : 200
  }
}
2026-08-17 19:40:39.487|INFO|f3fea495-e6f8-4a68-970d-8a577ac94d73|org.kie.kogito.serverless.workflow.devservices.DevModeServerlessWorkflowLogger|Triggered node 'End' for process 'saga2-transfer-workflow' (f3fea495-e6f8-4a68-970d-8a577ac94d73)
2026-08-17 19:40:39.488|INFO|f3fea495-e6f8-4a68-970d-8a577ac94d73|org.kie.kogito.serverless.workflow.devservices.DevModeServerlessWorkflowLogger|Workflow 'saga2-transfer-workflow' (f3fea495-e6f8-4a68-970d-8a577ac94d73) completed
2026-08-17 19:40:39.524|INFO||com.example.reconciliation.ReconciliationCsvExporter|[ReconciliationCsvExporter] 匯出完成: file=reconciliation-20260817-194039.csv, rows=7, bytes=1066
2026-08-17 19:40:40.676|INFO||com.example.reconciliation.ReconciliationCsvExporter|[ReconciliationCsvExporter] 匯出完成: file=reconciliation-20260817-194040.csv, rows=7, bytes=1066
]]></system-out>
    <system-err><![CDATA[8月 17, 2026 7:40:39 下午 com.example.platform.security.SonataFlowSecurityConfig$WorkflowStatusFilter filter
INFO: [HTTP-AUDIT] URI: /A16229 | HTTP: 200 | Cost: 0ms | INPUT: {"Account_A":"A123","AMT":100,"EC":false} | OUTPUT: {"code":"100","message":"成功","Account":"A123"}
8月 17, 2026 7:40:39 下午 com.example.platform.security.SonataFlowSecurityConfig$WorkflowStatusFilter filter
INFO: [HTTP-AUDIT] URI: /A16220 | HTTP: 200 | Cost: 0ms | INPUT: {"AMT":100,"Account_B":"B123","EC":false} | OUTPUT: {"code":"100","message":"成功","Account":"B123"}
8月 17, 2026 7:40:39 下午 com.example.platform.security.SonataFlowSecurityConfig$WorkflowStatusFilter filter
INFO: [HTTP-AUDIT] URI: /saga2-transfer-workflow | HTTP: 201 | Cost: 84ms | INPUT: {"Account_A":"A123","Account_B":"B123","AMT":100} | OUTPUT: {"id":"8c563537-9ac8-421e-862f-66e2e51e583f","workflowdata":{"status":"SUCCESS","message":"交易成功","AMT":100,"a16229Result":{"code":"100","message":"成功","Account":"A123","_httpStatus":200},"a16220Result":{"code":"100","message":"成功","Account":"B123","_httpStatus":200},"a16229Rollback":null,"a16220Rollback":null}}
8月 17, 2026 7:40:39 下午 com.example.platform.security.SonataFlowSecurityConfig$WorkflowStatusFilter filter
INFO: [HTTP-AUDIT] URI: /A16229 | HTTP: 403 | Cost: 0ms | INPUT: {"Account_A":"A123","AMT":30,"EC":false} | OUTPUT: {"code":"999","message":"AMT必須大於50","Account":"A123"}
8月 17, 2026 7:40:39 下午 com.example.platform.security.SonataFlowSecurityConfig$WorkflowStatusFilter filter
INFO: [HTTP-AUDIT] URI: /saga2-transfer-workflow | HTTP: 201 | Cost: 43ms | INPUT: {"Account_A":"A123","Account_B":"B123","AMT":30} | OUTPUT: {"id":"e7f204fe-30a0-449f-a7f5-99e60f7ef2f5","workflowdata":{"status":"FAILED","message":"業務失敗或 API 錯誤","AMT":30,"a16229Result":{"code":"999","message":"AMT必須大於50","Account":"A123","_httpStatus":403},"a16220Result":null,"a16229Rollback":null,"a16220Rollback":null}}
8月 17, 2026 7:40:39 下午 com.example.platform.security.SonataFlowSecurityConfig$WorkflowStatusFilter filter
INFO: [HTTP-AUDIT] URI: /A16229 | HTTP: 200 | Cost: 0ms | INPUT: {"Account_A":"A123","AMT":600,"EC":false} | OUTPUT: {"code":"100","message":"成功","Account":"A123"}
8月 17, 2026 7:40:39 下午 com.example.platform.security.SonataFlowSecurityConfig$WorkflowStatusFilter filter
INFO: [HTTP-AUDIT] URI: /A16220 | HTTP: 200 | Cost: 0ms | INPUT: {"AMT":600,"Account_B":"B123","EC":false} | OUTPUT: {"code":"100","message":"成功","Account":"B123"}
8月 17, 2026 7:40:39 下午 com.example.platform.security.SonataFlowSecurityConfig$WorkflowStatusFilter filter
INFO: [HTTP-AUDIT] URI: /A16220 | HTTP: 200 | Cost: 0ms | INPUT: {"AMT":600,"Account_B":"B123","EC":true} | OUTPUT: {"code":"100","message":"成功(EC)","Account":"B123"}
8月 17, 2026 7:40:39 下午 com.example.platform.security.SonataFlowSecurityConfig$WorkflowStatusFilter filter
INFO: [HTTP-AUDIT] URI: /A16229 | HTTP: 200 | Cost: 0ms | INPUT: {"Account_A":"A123","AMT":600,"EC":true} | OUTPUT: {"code":"100","message":"成功(EC)","Account":"A123"}
8月 17, 2026 7:40:39 下午 com.example.platform.security.SonataFlowSecurityConfig$WorkflowStatusFilter filter
INFO: [HTTP-AUDIT] URI: /saga2-transfer-workflow | HTTP: 201 | Cost: 79ms | INPUT: {"Account_A":"A123","Account_B":"B123","AMT":600} | OUTPUT: {"id":"34bd682f-fa1e-476a-a64a-a20c32064e84","workflowdata":{"status":"ROLLED_BACK","message":"AMT > 500 觸發 saga 回沖 (LIFO)","AMT":600,"a16229Result":{"code":"100","message":"成功","Account":"A123","_httpStatus":200},"a16220Result":{"code":"100","message":"成功","Account":"B123","_httpStatus":200},"a16229Rollback":{"code":"100","message":"成功(EC)","Account":"A123","_httpStatus":200},"a16220Rollback":{"code":"100","message":"成功(EC)","Account":"B123","_httpStatus":200}}}
8月 17, 2026 7:40:39 下午 com.example.platform.security.SonataFlowSecurityConfig$WorkflowStatusFilter filter
INFO: [HTTP-AUDIT] URI: /A16229 | HTTP: 200 | Cost: 0ms | INPUT: {"Account_A":"A123","AMT":2000,"EC":false} | OUTPUT: {"code":"100","message":"成功","Account":"A123"}
8月 17, 2026 7:40:39 下午 com.example.platform.security.SonataFlowSecurityConfig$WorkflowStatusFilter filter
INFO: [HTTP-AUDIT] URI: /A16220 | HTTP: 403 | Cost: 0ms | INPUT: {"AMT":2000,"Account_B":"B123","EC":false} | OUTPUT: {"code":"999","message":"AMT必須小於1000","Account":"B123"}
8月 17, 2026 7:40:39 下午 com.example.platform.security.SonataFlowSecurityConfig$WorkflowStatusFilter filter
INFO: [HTTP-AUDIT] URI: /A16229 | HTTP: 200 | Cost: 0ms | INPUT: {"Account_A":"A123","AMT":2000,"EC":true} | OUTPUT: {"code":"100","message":"成功(EC)","Account":"A123"}
8月 17, 2026 7:40:39 下午 com.example.platform.security.SonataFlowSecurityConfig$WorkflowStatusFilter filter
INFO: [HTTP-AUDIT] URI: /saga2-transfer-workflow | HTTP: 201 | Cost: 58ms | INPUT: {"Account_A":"A123","Account_B":"B123","AMT":2000} | OUTPUT: {"id":"ee958057-e3ab-4ba6-b91a-e2f00a013c7c","workflowdata":{"status":"ROLLED_BACK","message":"A16220 業務失敗,僅回沖 A16229","AMT":2000,"a16229Result":{"code":"100","message":"成功","Account":"A123","_httpStatus":200},"a16220Result":{"code":"999","message":"AMT必須小於1000","Account":"B123","_httpStatus":403},"a16229Rollback":{"code":"100","message":"成功(EC)","Account":"A123","_httpStatus":200},"a16220Rollback":null}}
8月 17, 2026 7:40:39 下午 com.example.platform.security.SonataFlowSecurityConfig$WorkflowStatusFilter filter
INFO: [HTTP-AUDIT] URI: /A16229 | HTTP: 200 | Cost: 0ms | INPUT: {"Account_A":"A123","AMT":500,"EC":false} | OUTPUT: {"code":"100","message":"成功","Account":"A123"}
8月 17, 2026 7:40:39 下午 com.example.platform.security.SonataFlowSecurityConfig$WorkflowStatusFilter filter
INFO: [HTTP-AUDIT] URI: /A16220 | HTTP: 200 | Cost: 0ms | INPUT: {"AMT":500,"Account_B":"B123","EC":false} | OUTPUT: {"code":"100","message":"成功","Account":"B123"}
8月 17, 2026 7:40:39 下午 com.example.platform.security.SonataFlowSecurityConfig$WorkflowStatusFilter filter
INFO: [HTTP-AUDIT] URI: /saga2-transfer-workflow | HTTP: 201 | Cost: 38ms | INPUT: {"Account_A":"A123","Account_B":"B123","AMT":500} | OUTPUT: {"id":"bdc37517-ed40-4e76-bba4-1d78388b37db","workflowdata":{"status":"SUCCESS","message":"交易成功","AMT":500,"a16229Result":{"code":"100","message":"成功","Account":"A123","_httpStatus":200},"a16220Result":{"code":"100","message":"成功","Account":"B123","_httpStatus":200},"a16229Rollback":null,"a16220Rollback":null}}
8月 17, 2026 7:40:39 下午 com.example.platform.security.SonataFlowSecurityConfig$WorkflowStatusFilter filter
INFO: [HTTP-AUDIT] URI: /A16229 | HTTP: 200 | Cost: 0ms | INPUT: {"Account_A":"A123","AMT":501,"EC":false} | OUTPUT: {"code":"100","message":"成功","Account":"A123"}
8月 17, 2026 7:40:39 下午 com.example.platform.security.SonataFlowSecurityConfig$WorkflowStatusFilter filter
INFO: [HTTP-AUDIT] URI: /A16220 | HTTP: 200 | Cost: 0ms | INPUT: {"AMT":501,"Account_B":"B123","EC":false} | OUTPUT: {"code":"100","message":"成功","Account":"B123"}
8月 17, 2026 7:40:39 下午 com.example.platform.security.SonataFlowSecurityConfig$WorkflowStatusFilter filter
INFO: [HTTP-AUDIT] URI: /A16220 | HTTP: 200 | Cost: 1ms | INPUT: {"AMT":501,"Account_B":"B123","EC":true} | OUTPUT: {"code":"100","message":"成功(EC)","Account":"B123"}
8月 17, 2026 7:40:39 下午 com.example.platform.security.SonataFlowSecurityConfig$WorkflowStatusFilter filter
INFO: [HTTP-AUDIT] URI: /A16229 | HTTP: 200 | Cost: 0ms | INPUT: {"Account_A":"A123","AMT":501,"EC":true} | OUTPUT: {"code":"100","message":"成功(EC)","Account":"A123"}
8月 17, 2026 7:40:39 下午 com.example.platform.security.SonataFlowSecurityConfig$WorkflowStatusFilter filter
INFO: [HTTP-AUDIT] URI: /saga2-transfer-workflow | HTTP: 201 | Cost: 67ms | INPUT: {"Account_A":"A123","Account_B":"B123","AMT":501} | OUTPUT: {"id":"f3fea495-e6f8-4a68-970d-8a577ac94d73","workflowdata":{"status":"ROLLED_BACK","message":"AMT > 500 觸發 saga 回沖 (LIFO)","AMT":501,"a16229Result":{"code":"100","message":"成功","Account":"A123","_httpStatus":200},"a16220Result":{"code":"100","message":"成功","Account":"B123","_httpStatus":200},"a16229Rollback":{"code":"100","message":"成功(EC)","Account":"A123","_httpStatus":200},"a16220Rollback":{"code":"100","message":"成功(EC)","Account":"B123","_httpStatus":200}}}
8月 17, 2026 7:40:39 下午 com.example.platform.security.SonataFlowSecurityConfig$WorkflowStatusFilter filter
INFO: [HTTP-AUDIT] URI: /reconciliation/export-csv | HTTP: 200 | Cost: 4ms | INPUT: {} | OUTPUT: {"ok":true,"filePath":"/media/op/acer_sata/2026_AI_Hack/SonataFlow/myhello-platform-src-0817/myhello-platform/distribution/transfer-app/data/reconciliation-20260817-194039.csv","fileName":"reconciliation-20260817-194039.csv","rowCount":7,"byteSize":1066,"exportedAt":"2026-08-17T19:40:39.524462623","filters":{"workflowId":"","businessKey":"","status":""}}
8月 17, 2026 7:40:40 下午 com.example.platform.security.SonataFlowSecurityConfig$WorkflowStatusFilter filter
INFO: [HTTP-AUDIT] URI: /reconciliation/export-csv | HTTP: 200 | Cost: 2ms | INPUT: {} | OUTPUT: {"ok":true,"filePath":"/media/op/acer_sata/2026_AI_Hack/SonataFlow/myhello-platform-src-0817/myhello-platform/distribution/transfer-app/data/reconciliation-20260817-194040.csv","fileName":"reconciliation-20260817-194040.csv","rowCount":7,"byteSize":1066,"exportedAt":"2026-08-17T19:40:40.676445315","filters":{"workflowId":"","businessKey":"","status":""}}
]]></system-err>
  </testcase>
  <testcase name="testAEmptyCsvStillHasHeader" classname="Reconciliation CSV 匯出額外驗證" time="0.029">
    <system-out><![CDATA[2026-08-17 19:40:40.710|INFO||com.example.reconciliation.ReconciliationCsvExporter|[ReconciliationCsvExporter] 匯出完成: file=reconciliation-20260817-194040.csv, rows=0, bytes=169
]]></system-out>
    <system-err><![CDATA[8月 17, 2026 7:40:40 下午 com.example.platform.security.SonataFlowSecurityConfig$WorkflowStatusFilter filter
INFO: [HTTP-AUDIT] URI: /reconciliation/export-csv | HTTP: 200 | Cost: 1ms | INPUT: {"workflowId":"non-existent-xyz"} | OUTPUT: {"ok":true,"filePath":"/media/op/acer_sata/2026_AI_Hack/SonataFlow/myhello-platform-src-0817/myhello-platform/distribution/transfer-app/data/reconciliation-20260817-194040.csv","fileName":"reconciliation-20260817-194040.csv","rowCount":0,"byteSize":169,"exportedAt":"2026-08-17T19:40:40.710839376","filters":{"workflowId":"non-existent-xyz","businessKey":"","status":""}}
]]></system-err>
  </testcase>
  <testcase name="testANullFieldsAsEmptyString" classname="Reconciliation CSV 匯出額外驗證" time="0.029">
    <system-out><![CDATA[2026-08-17 19:40:40.736|INFO||com.example.reconciliation.ReconciliationCsvExporter|[ReconciliationCsvExporter] 匯出完成: file=reconciliation-20260817-194040.csv, rows=1, bytes=293
]]></system-out>
    <system-err><![CDATA[8月 17, 2026 7:40:40 下午 com.example.platform.security.SonataFlowSecurityConfig$WorkflowStatusFilter filter
INFO: [HTTP-AUDIT] URI: /reconciliation/export-csv | HTTP: 200 | Cost: 1ms | INPUT: {"status":"FAILED"} | OUTPUT: {"ok":true,"filePath":"/media/op/acer_sata/2026_AI_Hack/SonataFlow/myhello-platform-src-0817/myhello-platform/distribution/transfer-app/data/reconciliation-20260817-194040.csv","fileName":"reconciliation-20260817-194040.csv","rowCount":1,"byteSize":293,"exportedAt":"2026-08-17T19:40:40.736562863","filters":{"workflowId":"","businessKey":"","status":"FAILED"}}
]]></system-err>
  </testcase>
  <testcase name="testACsvEscapeForCommas" classname="Reconciliation CSV 匯出額外驗證" time="0.029">
    <system-out><![CDATA[2026-08-17 19:40:40.771|INFO||com.example.reconciliation.ReconciliationCsvExporter|[ReconciliationCsvExporter] 匯出完成: file=reconciliation-20260817-194040.csv, rows=3, bytes=612
]]></system-out>
    <system-err><![CDATA[8月 17, 2026 7:40:40 下午 com.example.platform.security.SonataFlowSecurityConfig$WorkflowStatusFilter filter
INFO: [HTTP-AUDIT] URI: /reconciliation/export-csv | HTTP: 200 | Cost: 1ms | INPUT: {"status":"ROLLED_BACK"} | OUTPUT: {"ok":true,"filePath":"/media/op/acer_sata/2026_AI_Hack/SonataFlow/myhello-platform-src-0817/myhello-platform/distribution/transfer-app/data/reconciliation-20260817-194040.csv","fileName":"reconciliation-20260817-194040.csv","rowCount":3,"byteSize":612,"exportedAt":"2026-08-17T19:40:40.771156607","filters":{"workflowId":"","businessKey":"","status":"ROLLED_BACK"}}
]]></system-err>
  </testcase>
  <testcase name="testAContentType" classname="Reconciliation CSV 匯出額外驗證" time="0.025">
    <system-out><![CDATA[2026-08-17 19:40:40.798|INFO||com.example.reconciliation.ReconciliationCsvExporter|[ReconciliationCsvExporter] 匯出完成: file=reconciliation-20260817-194040.csv, rows=7, bytes=1066
]]></system-out>
    <system-err><![CDATA[8月 17, 2026 7:40:40 下午 com.example.platform.security.SonataFlowSecurityConfig$WorkflowStatusFilter filter
INFO: [HTTP-AUDIT] URI: /reconciliation/export-csv | HTTP: 200 | Cost: 1ms | INPUT: {} | OUTPUT: {"ok":true,"filePath":"/media/op/acer_sata/2026_AI_Hack/SonataFlow/myhello-platform-src-0817/myhello-platform/distribution/transfer-app/data/reconciliation-20260817-194040.csv","fileName":"reconciliation-20260817-194040.csv","rowCount":7,"byteSize":1066,"exportedAt":"2026-08-17T19:40:40.798488552","filters":{"workflowId":"","businessKey":"","status":""}}
]]></system-err>
  </testcase>
  <testcase name="testBCsvRowCountMatchesDbTotal" classname="Reconciliation CSV 匯出額外驗證" time="0.031">
    <system-out><![CDATA[2026-08-17 19:40:40.823|INFO||com.example.reconciliation.ReconciliationCsvExporter|[ReconciliationCsvExporter] 匯出完成: file=reconciliation-20260817-194040.csv, rows=7, bytes=1066
]]></system-out>
    <system-err><![CDATA[8月 17, 2026 7:40:40 下午 com.example.platform.security.SonataFlowSecurityConfig$WorkflowStatusFilter filter
INFO: [HTTP-AUDIT] URI: /reconciliation/export-csv | HTTP: 200 | Cost: 1ms | INPUT: {} | OUTPUT: {"ok":true,"filePath":"/media/op/acer_sata/2026_AI_Hack/SonataFlow/myhello-platform-src-0817/myhello-platform/distribution/transfer-app/data/reconciliation-20260817-194040.csv","fileName":"reconciliation-20260817-194040.csv","rowCount":7,"byteSize":1066,"exportedAt":"2026-08-17T19:40:40.823709014","filters":{"workflowId":"","businessKey":"","status":""}}
]]></system-err>
  </testcase>
  <testcase name="testBFilteredCsvMatchesDb" classname="Reconciliation CSV 匯出額外驗證" time="0.098">
    <system-out><![CDATA[2026-08-17 19:40:40.858|INFO||com.example.reconciliation.ReconciliationCsvExporter|[ReconciliationCsvExporter] 匯出完成: file=reconciliation-20260817-194040.csv, rows=3, bytes=612
2026-08-17 19:40:40.890|INFO||com.example.reconciliation.ReconciliationCsvExporter|[ReconciliationCsvExporter] 匯出完成: file=reconciliation-20260817-194040.csv, rows=3, bytes=499
2026-08-17 19:40:40.921|INFO||com.example.reconciliation.ReconciliationCsvExporter|[ReconciliationCsvExporter] 匯出完成: file=reconciliation-20260817-194040.csv, rows=1, bytes=293
]]></system-out>
    <system-err><![CDATA[8月 17, 2026 7:40:40 下午 com.example.platform.security.SonataFlowSecurityConfig$WorkflowStatusFilter filter
INFO: [HTTP-AUDIT] URI: /reconciliation/export-csv | HTTP: 200 | Cost: 1ms | INPUT: {"status":"ROLLED_BACK"} | OUTPUT: {"ok":true,"filePath":"/media/op/acer_sata/2026_AI_Hack/SonataFlow/myhello-platform-src-0817/myhello-platform/distribution/transfer-app/data/reconciliation-20260817-194040.csv","fileName":"reconciliation-20260817-194040.csv","rowCount":3,"byteSize":612,"exportedAt":"2026-08-17T19:40:40.858792033","filters":{"workflowId":"","businessKey":"","status":"ROLLED_BACK"}}
8月 17, 2026 7:40:40 下午 com.example.platform.security.SonataFlowSecurityConfig$WorkflowStatusFilter filter
INFO: [HTTP-AUDIT] URI: /reconciliation/export-csv | HTTP: 200 | Cost: 1ms | INPUT: {"status":"SUCCESS"} | OUTPUT: {"ok":true,"filePath":"/media/op/acer_sata/2026_AI_Hack/SonataFlow/myhello-platform-src-0817/myhello-platform/distribution/transfer-app/data/reconciliation-20260817-194040.csv","fileName":"reconciliation-20260817-194040.csv","rowCount":3,"byteSize":499,"exportedAt":"2026-08-17T19:40:40.890621354","filters":{"workflowId":"","businessKey":"","status":"SUCCESS"}}
8月 17, 2026 7:40:40 下午 com.example.platform.security.SonataFlowSecurityConfig$WorkflowStatusFilter filter
INFO: [HTTP-AUDIT] URI: /reconciliation/export-csv | HTTP: 200 | Cost: 1ms | INPUT: {"status":"FAILED"} | OUTPUT: {"ok":true,"filePath":"/media/op/acer_sata/2026_AI_Hack/SonataFlow/myhello-platform-src-0817/myhello-platform/distribution/transfer-app/data/reconciliation-20260817-194040.csv","fileName":"reconciliation-20260817-194040.csv","rowCount":1,"byteSize":293,"exportedAt":"2026-08-17T19:40:40.921109247","filters":{"workflowId":"","businessKey":"","status":"FAILED"}}
]]></system-err>
  </testcase>
  <testcase name="testBCsvContentMatchesDbFieldByField" classname="Reconciliation CSV 匯出額外驗證" time="0.034">
    <system-out><![CDATA[2026-08-17 19:40:40.957|INFO||com.example.reconciliation.ReconciliationCsvExporter|[ReconciliationCsvExporter] 匯出完成: file=reconciliation-20260817-194040.csv, rows=7, bytes=1066
]]></system-out>
    <system-err><![CDATA[8月 17, 2026 7:40:40 下午 com.example.platform.security.SonataFlowSecurityConfig$WorkflowStatusFilter filter
INFO: [HTTP-AUDIT] URI: /reconciliation/export-csv | HTTP: 200 | Cost: 1ms | INPUT: {} | OUTPUT: {"ok":true,"filePath":"/media/op/acer_sata/2026_AI_Hack/SonataFlow/myhello-platform-src-0817/myhello-platform/distribution/transfer-app/data/reconciliation-20260817-194040.csv","fileName":"reconciliation-20260817-194040.csv","rowCount":7,"byteSize":1066,"exportedAt":"2026-08-17T19:40:40.957271568","filters":{"workflowId":"","businessKey":"","status":""}}
]]></system-err>
  </testcase>
  <testcase name="testCAmtGreaterThan500" classname="Reconciliation CSV 匯出額外驗證" time="0.002"/>
  <testcase name="testCSuccessHasNoRollback" classname="Reconciliation CSV 匯出額外驗證" time="0.003"/>
  <testcase name="testCFailedShortCircuit" classname="Reconciliation CSV 匯出額外驗證" time="0.002"/>
  <testcase name="testCA16220FailedOnlyRollbackA16229" classname="Reconciliation CSV 匯出額外驗證" time="0.002"/>
  <testcase name="testDEndToEndAllFourStatuses" classname="Reconciliation CSV 匯出額外驗證" time="0.226">
    <system-out><![CDATA[2026-08-17 19:40:41.001|INFO|824a61f8-fd9a-4ca0-803f-288860800a7e|org.kie.kogito.serverless.workflow.devservices.DevModeServerlessWorkflowLogger|Property 'workflowdatainput' changed value from: 'null', to: '{"Account_A":"840991_S","Account_B":"X","AMT":100}'
2026-08-17 19:40:41.001|INFO|824a61f8-fd9a-4ca0-803f-288860800a7e|org.kie.kogito.serverless.workflow.devservices.DevModeServerlessWorkflowLogger|Workflow data change
{
  "Account_A" : "840991_S",
  "Account_B" : "X",
  "AMT" : 100
}
2026-08-17 19:40:41.001|INFO|824a61f8-fd9a-4ca0-803f-288860800a7e|org.kie.kogito.serverless.workflow.devservices.DevModeServerlessWorkflowLogger|Starting workflow 'saga2-transfer-workflow' (824a61f8-fd9a-4ca0-803f-288860800a7e)
2026-08-17 19:40:41.002|INFO|824a61f8-fd9a-4ca0-803f-288860800a7e|org.kie.kogito.serverless.workflow.devservices.DevModeServerlessWorkflowLogger|Workflow data 
{
  "Account_A" : "840991_S",
  "Account_B" : "X",
  "AMT" : 100
}
2026-08-17 19:40:41.002|INFO|824a61f8-fd9a-4ca0-803f-288860800a7e|org.kie.kogito.serverless.workflow.devservices.DevModeServerlessWorkflowLogger|Triggered node 'Start' for process 'saga2-transfer-workflow' (824a61f8-fd9a-4ca0-803f-288860800a7e)
2026-08-17 19:40:41.002|INFO|824a61f8-fd9a-4ca0-803f-288860800a7e|org.kie.kogito.serverless.workflow.devservices.DevModeServerlessWorkflowLogger|Triggered node 'ValidateInput' for process 'saga2-transfer-workflow' (824a61f8-fd9a-4ca0-803f-288860800a7e)
2026-08-17 19:40:41.006|INFO|824a61f8-fd9a-4ca0-803f-288860800a7e|org.kie.kogito.serverless.workflow.devservices.DevModeServerlessWorkflowLogger|Triggered node 'CallA16229State' for process 'saga2-transfer-workflow' (824a61f8-fd9a-4ca0-803f-288860800a7e)
2026-08-17 19:40:41.006|INFO|824a61f8-fd9a-4ca0-803f-288860800a7e|org.kie.kogito.serverless.workflow.devservices.DevModeServerlessWorkflowLogger|Triggered node 'callApiViaOpenAPI' for process 'saga2-transfer-workflow' (824a61f8-fd9a-4ca0-803f-288860800a7e)
2026-08-17 19:40:41.012|INFO|824a61f8-fd9a-4ca0-803f-288860800a7e|org.kie.kogito.serverless.workflow.devservices.DevModeServerlessWorkflowLogger|Property 'workflowdata.a16229Result' changed value from: 'null', to: '{"code":"100","message":"成功","Account":"840991_S","_httpStatus":200}'
2026-08-17 19:40:41.013|INFO|824a61f8-fd9a-4ca0-803f-288860800a7e|org.kie.kogito.serverless.workflow.devservices.DevModeServerlessWorkflowLogger|Triggered node 'CheckA16229Result' for process 'saga2-transfer-workflow' (824a61f8-fd9a-4ca0-803f-288860800a7e)
2026-08-17 19:40:41.013|INFO|824a61f8-fd9a-4ca0-803f-288860800a7e|org.kie.kogito.serverless.workflow.devservices.DevModeServerlessWorkflowLogger|Triggered node 'CallA16220State' for process 'saga2-transfer-workflow' (824a61f8-fd9a-4ca0-803f-288860800a7e)
2026-08-17 19:40:41.013|INFO|824a61f8-fd9a-4ca0-803f-288860800a7e|org.kie.kogito.serverless.workflow.devservices.DevModeServerlessWorkflowLogger|Triggered node 'callApiViaOpenAPI' for process 'saga2-transfer-workflow' (824a61f8-fd9a-4ca0-803f-288860800a7e)
2026-08-17 19:40:41.019|INFO|824a61f8-fd9a-4ca0-803f-288860800a7e|org.kie.kogito.serverless.workflow.devservices.DevModeServerlessWorkflowLogger|Property 'workflowdata.a16220Result' changed value from: 'null', to: '{"code":"100","message":"成功","Account":"X","_httpStatus":200}'
2026-08-17 19:40:41.019|INFO|824a61f8-fd9a-4ca0-803f-288860800a7e|org.kie.kogito.serverless.workflow.devservices.DevModeServerlessWorkflowLogger|Triggered node 'CheckA16220Result' for process 'saga2-transfer-workflow' (824a61f8-fd9a-4ca0-803f-288860800a7e)
2026-08-17 19:40:41.019|INFO|824a61f8-fd9a-4ca0-803f-288860800a7e|org.kie.kogito.serverless.workflow.devservices.DevModeServerlessWorkflowLogger|Triggered node 'DecideByEvaluation' for process 'saga2-transfer-workflow' (824a61f8-fd9a-4ca0-803f-288860800a7e)
2026-08-17 19:40:41.020|INFO|824a61f8-fd9a-4ca0-803f-288860800a7e|org.kie.kogito.serverless.workflow.devservices.DevModeServerlessWorkflowLogger|Triggered node 'InjectSuccessStatus' for process 'saga2-transfer-workflow' (824a61f8-fd9a-4ca0-803f-288860800a7e)
2026-08-17 19:40:41.020|INFO|824a61f8-fd9a-4ca0-803f-288860800a7e|org.kie.kogito.serverless.workflow.devservices.DevModeServerlessWorkflowLogger|Property 'workflowdata.finalStatus' changed value from: 'null', to: '"SUCCESS"'
2026-08-17 19:40:41.020|INFO|824a61f8-fd9a-4ca0-803f-288860800a7e|org.kie.kogito.serverless.workflow.devservices.DevModeServerlessWorkflowLogger|Property 'workflowdata.finalMessage' changed value from: 'null', to: '"交易成功"'
2026-08-17 19:40:41.020|INFO|824a61f8-fd9a-4ca0-803f-288860800a7e|org.kie.kogito.serverless.workflow.devservices.DevModeServerlessWorkflowLogger|Triggered node 'Join-FinalAuditAndEnd' for process 'saga2-transfer-workflow' (824a61f8-fd9a-4ca0-803f-288860800a7e)
2026-08-17 19:40:41.020|INFO|824a61f8-fd9a-4ca0-803f-288860800a7e|org.kie.kogito.serverless.workflow.devservices.DevModeServerlessWorkflowLogger|Triggered node 'FinalAuditAndEnd' for process 'saga2-transfer-workflow' (824a61f8-fd9a-4ca0-803f-288860800a7e)
2026-08-17 19:40:41.021|INFO|824a61f8-fd9a-4ca0-803f-288860800a7e|org.kie.kogito.serverless.workflow.devservices.DevModeServerlessWorkflowLogger|Triggered node 'recordAuditLog' for process 'saga2-transfer-workflow' (824a61f8-fd9a-4ca0-803f-288860800a7e)
2026-08-17 19:40:41.022|INFO|824a61f8-fd9a-4ca0-803f-288860800a7e|com.example.reconciliation.AuditLogService|[AuditLogService] 成功寫入對帳紀錄! Workflow: saga2-transfer-workflow, BusinessKey: 840991_S, Status: SUCCESS, Rows: 1
2026-08-17 19:40:41.023|INFO|824a61f8-fd9a-4ca0-803f-288860800a7e|org.kie.kogito.serverless.workflow.devservices.DevModeServerlessWorkflowLogger|Property 'workflowdata.saved' changed value from: 'null', to: 'true'
2026-08-17 19:40:41.023|INFO|824a61f8-fd9a-4ca0-803f-288860800a7e|org.kie.kogito.serverless.workflow.devservices.DevModeServerlessWorkflowLogger|Property 'workflowdata.workflowId' changed value from: 'null', to: '"saga2-transfer-workflow"'
2026-08-17 19:40:41.023|INFO|824a61f8-fd9a-4ca0-803f-288860800a7e|org.kie.kogito.serverless.workflow.devservices.DevModeServerlessWorkflowLogger|Property 'workflowdata.status' changed value from: 'null', to: '"SUCCESS"'
2026-08-17 19:40:41.024|INFO|824a61f8-fd9a-4ca0-803f-288860800a7e|org.kie.kogito.serverless.workflow.devservices.DevModeServerlessWorkflowLogger|Workflow data change
{
  "status" : "SUCCESS",
  "message" : "交易成功",
  "AMT" : 100,
  "a16229Result" : {
    "code" : "100",
    "message" : "成功",
    "Account" : "840991_S",
    "_httpStatus" : 200
  },
  "a16220Result" : {
    "code" : "100",
    "message" : "成功",
    "Account" : "X",
    "_httpStatus" : 200
  },
  "a16229Rollback" : null,
  "a16220Rollback" : null
}
2026-08-17 19:40:41.024|INFO|824a61f8-fd9a-4ca0-803f-288860800a7e|org.kie.kogito.serverless.workflow.devservices.DevModeServerlessWorkflowLogger|Triggered node 'End' for process 'saga2-transfer-workflow' (824a61f8-fd9a-4ca0-803f-288860800a7e)
2026-08-17 19:40:41.025|INFO|824a61f8-fd9a-4ca0-803f-288860800a7e|org.kie.kogito.serverless.workflow.devservices.DevModeServerlessWorkflowLogger|Workflow 'saga2-transfer-workflow' (824a61f8-fd9a-4ca0-803f-288860800a7e) completed
2026-08-17 19:40:41.052|INFO|94c58563-d3c8-4e61-ab35-16eb2308e258|org.kie.kogito.serverless.workflow.devservices.DevModeServerlessWorkflowLogger|Property 'workflowdatainput' changed value from: 'null', to: '{"Account_A":"840991_F","Account_B":"X","AMT":30}'
2026-08-17 19:40:41.052|INFO|94c58563-d3c8-4e61-ab35-16eb2308e258|org.kie.kogito.serverless.workflow.devservices.DevModeServerlessWorkflowLogger|Workflow data change
{
  "Account_A" : "840991_F",
  "Account_B" : "X",
  "AMT" : 30
}
2026-08-17 19:40:41.053|INFO|94c58563-d3c8-4e61-ab35-16eb2308e258|org.kie.kogito.serverless.workflow.devservices.DevModeServerlessWorkflowLogger|Starting workflow 'saga2-transfer-workflow' (94c58563-d3c8-4e61-ab35-16eb2308e258)
2026-08-17 19:40:41.053|INFO|94c58563-d3c8-4e61-ab35-16eb2308e258|org.kie.kogito.serverless.workflow.devservices.DevModeServerlessWorkflowLogger|Workflow data 
{
  "Account_A" : "840991_F",
  "Account_B" : "X",
  "AMT" : 30
}
2026-08-17 19:40:41.053|INFO|94c58563-d3c8-4e61-ab35-16eb2308e258|org.kie.kogito.serverless.workflow.devservices.DevModeServerlessWorkflowLogger|Triggered node 'Start' for process 'saga2-transfer-workflow' (94c58563-d3c8-4e61-ab35-16eb2308e258)
2026-08-17 19:40:41.053|INFO|94c58563-d3c8-4e61-ab35-16eb2308e258|org.kie.kogito.serverless.workflow.devservices.DevModeServerlessWorkflowLogger|Triggered node 'ValidateInput' for process 'saga2-transfer-workflow' (94c58563-d3c8-4e61-ab35-16eb2308e258)
2026-08-17 19:40:41.054|INFO|94c58563-d3c8-4e61-ab35-16eb2308e258|org.kie.kogito.serverless.workflow.devservices.DevModeServerlessWorkflowLogger|Triggered node 'CallA16229State' for process 'saga2-transfer-workflow' (94c58563-d3c8-4e61-ab35-16eb2308e258)
2026-08-17 19:40:41.055|INFO|94c58563-d3c8-4e61-ab35-16eb2308e258|org.kie.kogito.serverless.workflow.devservices.DevModeServerlessWorkflowLogger|Triggered node 'callApiViaOpenAPI' for process 'saga2-transfer-workflow' (94c58563-d3c8-4e61-ab35-16eb2308e258)
2026-08-17 19:40:41.061|INFO|94c58563-d3c8-4e61-ab35-16eb2308e258|org.kie.kogito.serverless.workflow.devservices.DevModeServerlessWorkflowLogger|Property 'workflowdata.a16229Result' changed value from: 'null', to: '{"code":"999","message":"AMT必須大於50","Account":"840991_F","_httpStatus":403}'
2026-08-17 19:40:41.062|INFO|94c58563-d3c8-4e61-ab35-16eb2308e258|org.kie.kogito.serverless.workflow.devservices.DevModeServerlessWorkflowLogger|Triggered node 'CheckA16229Result' for process 'saga2-transfer-workflow' (94c58563-d3c8-4e61-ab35-16eb2308e258)
2026-08-17 19:40:41.062|INFO|94c58563-d3c8-4e61-ab35-16eb2308e258|org.kie.kogito.serverless.workflow.devservices.DevModeServerlessWorkflowLogger|Triggered node 'Join-InjectFailedStatus' for process 'saga2-transfer-workflow' (94c58563-d3c8-4e61-ab35-16eb2308e258)
2026-08-17 19:40:41.062|INFO|94c58563-d3c8-4e61-ab35-16eb2308e258|org.kie.kogito.serverless.workflow.devservices.DevModeServerlessWorkflowLogger|Triggered node 'InjectFailedStatus' for process 'saga2-transfer-workflow' (94c58563-d3c8-4e61-ab35-16eb2308e258)
2026-08-17 19:40:41.062|INFO|94c58563-d3c8-4e61-ab35-16eb2308e258|org.kie.kogito.serverless.workflow.devservices.DevModeServerlessWorkflowLogger|Property 'workflowdata.finalStatus' changed value from: 'null', to: '"FAILED"'
2026-08-17 19:40:41.062|INFO|94c58563-d3c8-4e61-ab35-16eb2308e258|org.kie.kogito.serverless.workflow.devservices.DevModeServerlessWorkflowLogger|Property 'workflowdata.finalMessage' changed value from: 'null', to: '"業務失敗或 API 錯誤"'
2026-08-17 19:40:41.062|INFO|94c58563-d3c8-4e61-ab35-16eb2308e258|org.kie.kogito.serverless.workflow.devservices.DevModeServerlessWorkflowLogger|Triggered node 'Join-FinalAuditAndEnd' for process 'saga2-transfer-workflow' (94c58563-d3c8-4e61-ab35-16eb2308e258)
2026-08-17 19:40:41.062|INFO|94c58563-d3c8-4e61-ab35-16eb2308e258|org.kie.kogito.serverless.workflow.devservices.DevModeServerlessWorkflowLogger|Triggered node 'FinalAuditAndEnd' for process 'saga2-transfer-workflow' (94c58563-d3c8-4e61-ab35-16eb2308e258)
2026-08-17 19:40:41.062|INFO|94c58563-d3c8-4e61-ab35-16eb2308e258|org.kie.kogito.serverless.workflow.devservices.DevModeServerlessWorkflowLogger|Triggered node 'recordAuditLog' for process 'saga2-transfer-workflow' (94c58563-d3c8-4e61-ab35-16eb2308e258)
2026-08-17 19:40:41.063|INFO|94c58563-d3c8-4e61-ab35-16eb2308e258|com.example.reconciliation.AuditLogService|[AuditLogService] 成功寫入對帳紀錄! Workflow: saga2-transfer-workflow, BusinessKey: 840991_F, Status: FAILED, Rows: 1
2026-08-17 19:40:41.064|INFO|94c58563-d3c8-4e61-ab35-16eb2308e258|org.kie.kogito.serverless.workflow.devservices.DevModeServerlessWorkflowLogger|Property 'workflowdata.saved' changed value from: 'null', to: 'true'
2026-08-17 19:40:41.064|INFO|94c58563-d3c8-4e61-ab35-16eb2308e258|org.kie.kogito.serverless.workflow.devservices.DevModeServerlessWorkflowLogger|Property 'workflowdata.workflowId' changed value from: 'null', to: '"saga2-transfer-workflow"'
2026-08-17 19:40:41.064|INFO|94c58563-d3c8-4e61-ab35-16eb2308e258|org.kie.kogito.serverless.workflow.devservices.DevModeServerlessWorkflowLogger|Property 'workflowdata.status' changed value from: 'null', to: '"FAILED"'
2026-08-17 19:40:41.064|INFO|94c58563-d3c8-4e61-ab35-16eb2308e258|org.kie.kogito.serverless.workflow.devservices.DevModeServerlessWorkflowLogger|Workflow data change
{
  "status" : "FAILED",
  "message" : "業務失敗或 API 錯誤",
  "AMT" : 30,
  "a16229Result" : {
    "code" : "999",
    "message" : "AMT必須大於50",
    "Account" : "840991_F",
    "_httpStatus" : 403
  },
  "a16220Result" : null,
  "a16229Rollback" : null,
  "a16220Rollback" : null
}
2026-08-17 19:40:41.064|INFO|94c58563-d3c8-4e61-ab35-16eb2308e258|org.kie.kogito.serverless.workflow.devservices.DevModeServerlessWorkflowLogger|Triggered node 'End' for process 'saga2-transfer-workflow' (94c58563-d3c8-4e61-ab35-16eb2308e258)
2026-08-17 19:40:41.065|INFO|94c58563-d3c8-4e61-ab35-16eb2308e258|org.kie.kogito.serverless.workflow.devservices.DevModeServerlessWorkflowLogger|Workflow 'saga2-transfer-workflow' (94c58563-d3c8-4e61-ab35-16eb2308e258) completed
[...]
2026-08-17 19:40:41.115|INFO|c6847c54-767d-4b68-83f1-4f9eac5dec85|com.example.reconciliation.AuditLogService|[AuditLogService] 成功寫入對帳紀錄! Workflow: saga2-transfer-workflow, BusinessKey: 840991_R, Status: ROLLED_BACK, Rows: 1
2026-08-17 19:40:41.116|INFO|c6847c54-767d-4b68-83f1-4f9eac5dec85|org.kie.kogito.serverless.workflow.devservices.DevModeServerlessWorkflowLogger|Property 'workflowdata.saved' changed value from: 'null', to: 'true'
2026-08-17 19:40:41.116|INFO|c6847c54-767d-4b68-83f1-4f9eac5dec85|org.kie.kogito.serverless.workflow.devservices.DevModeServerlessWorkflowLogger|Property 'workflowdata.workflowId' changed value from: 'null', to: '"saga2-transfer-workflow"'
2026-08-17 19:40:41.116|INFO|c6847c54-767d-4b68-83f1-4f9eac5dec85|org.kie.kogito.serverless.workflow.devservices.DevModeServerlessWorkflowLogger|Property 'workflowdata.status' changed value from: 'null', to: '"ROLLED_BACK"'
2026-08-17 19:40:41.116|INFO|c6847c54-767d-4b68-83f1-4f9eac5dec85|org.kie.kogito.serverless.workflow.devservices.DevModeServerlessWorkflowLogger|Workflow data change
{
  "status" : "ROLLED_BACK",
  "message" : "AMT > 500 觸發 saga 回沖 (LIFO)",
  "AMT" : 600,
  "a16229Result" : {
    "code" : "100",
    "message" : "成功",
    "Account" : "840991_R",
    "_httpStatus" : 200
  },
  "a16220Result" : {
    "code" : "100",
    "message" : "成功",
    "Account" : "X",
    "_httpStatus" : 200
  },
  "a16229Rollback" : {
    "code" : "100",
    "message" : "成功(EC)",
    "Account" : "840991_R",
    "_httpStatus" : 200
  },
  "a16220Rollback" : {
    "code" : "100",
    "message" : "成功(EC)",
    "Account" : "X",
    "_httpStatus" : 200
  }
}
2026-08-17 19:40:41.116|INFO|c6847c54-767d-4b68-83f1-4f9eac5dec85|org.kie.kogito.serverless.workflow.devservices.DevModeServerlessWorkflowLogger|Triggered node 'End' for process 'saga2-transfer-workflow' (c6847c54-767d-4b68-83f1-4f9eac5dec85)
2026-08-17 19:40:41.116|INFO|c6847c54-767d-4b68-83f1-4f9eac5dec85|org.kie.kogito.serverless.workflow.devservices.DevModeServerlessWorkflowLogger|Workflow 'saga2-transfer-workflow' (c6847c54-767d-4b68-83f1-4f9eac5dec85) completed
2026-08-17 19:40:41.144|INFO|0abbaf75-f717-4600-a890-f7629a1697df|org.kie.kogito.serverless.workflow.devservices.DevModeServerlessWorkflowLogger|Property 'workflowdatainput' changed value from: 'null', to: '{"Account_A":"840991_P","Account_B":"X","AMT":2000}'
2026-08-17 19:40:41.144|INFO|0abbaf75-f717-4600-a890-f7629a1697df|org.kie.kogito.serverless.workflow.devservices.DevModeServerlessWorkflowLogger|Workflow data change
{
  "Account_A" : "840991_P",
  "Account_B" : "X",
  "AMT" : 2000
}
2026-08-17 19:40:41.144|INFO|0abbaf75-f717-4600-a890-f7629a1697df|org.kie.kogito.serverless.workflow.devservices.DevModeServerlessWorkflowLogger|Starting workflow 'saga2-transfer-workflow' (0abbaf75-f717-4600-a890-f7629a1697df)
2026-08-17 19:40:41.144|INFO|0abbaf75-f717-4600-a890-f7629a1697df|org.kie.kogito.serverless.workflow.devservices.DevModeServerlessWorkflowLogger|Workflow data 
{
  "Account_A" : "840991_P",
  "Account_B" : "X",
  "AMT" : 2000
}
2026-08-17 19:40:41.145|INFO|0abbaf75-f717-4600-a890-f7629a1697df|org.kie.kogito.serverless.workflow.devservices.DevModeServerlessWorkflowLogger|Triggered node 'Start' for process 'saga2-transfer-workflow' (0abbaf75-f717-4600-a890-f7629a1697df)
2026-08-17 19:40:41.145|INFO|0abbaf75-f717-4600-a890-f7629a1697df|org.kie.kogito.serverless.workflow.devservices.DevModeServerlessWorkflowLogger|Triggered node 'ValidateInput' for process 'saga2-transfer-workflow' (0abbaf75-f717-4600-a890-f7629a1697df)
2026-08-17 19:40:41.147|INFO|0abbaf75-f717-4600-a890-f7629a1697df|org.kie.kogito.serverless.workflow.devservices.DevModeServerlessWorkflowLogger|Triggered node 'CallA16229State' for process 'saga2-transfer-workflow' (0abbaf75-f717-4600-a890-f7629a1697df)
2026-08-17 19:40:41.147|INFO|0abbaf75-f717-4600-a890-f7629a1697df|org.kie.kogito.serverless.workflow.devservices.DevModeServerlessWorkflowLogger|Triggered node 'callApiViaOpenAPI' for process 'saga2-transfer-workflow' (0abbaf75-f717-4600-a890-f7629a1697df)
2026-08-17 19:40:41.152|INFO|0abbaf75-f717-4600-a890-f7629a1697df|org.kie.kogito.serverless.workflow.devservices.DevModeServerlessWorkflowLogger|Property 'workflowdata.a16229Result' changed value from: 'null', to: '{"code":"100","message":"成功","Account":"840991_P","_httpStatus":200}'
2026-08-17 19:40:41.153|INFO|0abbaf75-f717-4600-a890-f7629a1697df|org.kie.kogito.serverless.workflow.devservices.DevModeServerlessWorkflowLogger|Triggered node 'CheckA16229Result' for process 'saga2-transfer-workflow' (0abbaf75-f717-4600-a890-f7629a1697df)
2026-08-17 19:40:41.153|INFO|0abbaf75-f717-4600-a890-f7629a1697df|org.kie.kogito.serverless.workflow.devservices.DevModeServerlessWorkflowLogger|Triggered node 'CallA16220State' for process 'saga2-transfer-workflow' (0abbaf75-f717-4600-a890-f7629a1697df)
2026-08-17 19:40:41.153|INFO|0abbaf75-f717-4600-a890-f7629a1697df|org.kie.kogito.serverless.workflow.devservices.DevModeServerlessWorkflowLogger|Triggered node 'callApiViaOpenAPI' for process 'saga2-transfer-workflow' (0abbaf75-f717-4600-a890-f7629a1697df)
2026-08-17 19:40:41.159|INFO|0abbaf75-f717-4600-a890-f7629a1697df|org.kie.kogito.serverless.workflow.devservices.DevModeServerlessWorkflowLogger|Property 'workflowdata.a16220Result' changed value from: 'null', to: '{"code":"999","message":"AMT必須小於1000","Account":"X","_httpStatus":403}'
2026-08-17 19:40:41.159|INFO|0abbaf75-f717-4600-a890-f7629a1697df|org.kie.kogito.serverless.workflow.devservices.DevModeServerlessWorkflowLogger|Triggered node 'CheckA16220Result' for process 'saga2-transfer-workflow' (0abbaf75-f717-4600-a890-f7629a1697df)
2026-08-17 19:40:41.159|INFO|0abbaf75-f717-4600-a890-f7629a1697df|org.kie.kogito.serverless.workflow.devservices.DevModeServerlessWorkflowLogger|Triggered node 'Join-RollbackA16229Only' for process 'saga2-transfer-workflow' (0abbaf75-f717-4600-a890-f7629a1697df)
2026-08-17 19:40:41.160|INFO|0abbaf75-f717-4600-a890-f7629a1697df|org.kie.kogito.serverless.workflow.devservices.DevModeServerlessWorkflowLogger|Triggered node 'RollbackA16229Only' for process 'saga2-transfer-workflow' (0abbaf75-f717-4600-a890-f7629a1697df)
2026-08-17 19:40:41.160|INFO|0abbaf75-f717-4600-a890-f7629a1697df|org.kie.kogito.serverless.workflow.devservices.DevModeServerlessWorkflowLogger|Triggered node 'callApiViaOpenAPI' for process 'saga2-transfer-workflow' (0abbaf75-f717-4600-a890-f7629a1697df)
2026-08-17 19:40:41.166|INFO|0abbaf75-f717-4600-a890-f7629a1697df|org.kie.kogito.serverless.workflow.devservices.DevModeServerlessWorkflowLogger|Property 'workflowdata.a16229Rollback' changed value from: 'null', to: '{"code":"100","message":"成功(EC)","Account":"840991_P","_httpStatus":200}'
2026-08-17 19:40:41.166|INFO|0abbaf75-f717-4600-a890-f7629a1697df|org.kie.kogito.serverless.workflow.devservices.DevModeServerlessWorkflowLogger|Triggered node 'CheckRollbackA16229OnlyResult' for process 'saga2-transfer-workflow' (0abbaf75-f717-4600-a890-f7629a1697df)
2026-08-17 19:40:41.166|INFO|0abbaf75-f717-4600-a890-f7629a1697df|org.kie.kogito.serverless.workflow.devservices.DevModeServerlessWorkflowLogger|Triggered node 'InjectRolledBackOnlyStatus' for process 'saga2-transfer-workflow' (0abbaf75-f717-4600-a890-f7629a1697df)
2026-08-17 19:40:41.166|INFO|0abbaf75-f717-4600-a890-f7629a1697df|org.kie.kogito.serverless.workflow.devservices.DevModeServerlessWorkflowLogger|Property 'workflowdata.finalStatus' changed value from: 'null', to: '"ROLLED_BACK"'
2026-08-17 19:40:41.167|INFO|0abbaf75-f717-4600-a890-f7629a1697df|org.kie.kogito.serverless.workflow.devservices.DevModeServerlessWorkflowLogger|Property 'workflowdata.finalMessage' changed value from: 'null', to: '"A16220 業務失敗,僅回沖 A16229"'
2026-08-17 19:40:41.167|INFO|0abbaf75-f717-4600-a890-f7629a1697df|org.kie.kogito.serverless.workflow.devservices.DevModeServerlessWorkflowLogger|Triggered node 'Join-FinalAuditAndEnd' for process 'saga2-transfer-workflow' (0abbaf75-f717-4600-a890-f7629a1697df)
2026-08-17 19:40:41.167|INFO|0abbaf75-f717-4600-a890-f7629a1697df|org.kie.kogito.serverless.workflow.devservices.DevModeServerlessWorkflowLogger|Triggered node 'FinalAuditAndEnd' for process 'saga2-transfer-workflow' (0abbaf75-f717-4600-a890-f7629a1697df)
2026-08-17 19:40:41.167|INFO|0abbaf75-f717-4600-a890-f7629a1697df|org.kie.kogito.serverless.workflow.devservices.DevModeServerlessWorkflowLogger|Triggered node 'recordAuditLog' for process 'saga2-transfer-workflow' (0abbaf75-f717-4600-a890-f7629a1697df)
2026-08-17 19:40:41.168|INFO|0abbaf75-f717-4600-a890-f7629a1697df|com.example.reconciliation.AuditLogService|[AuditLogService] 成功寫入對帳紀錄! Workflow: saga2-transfer-workflow, BusinessKey: 840991_P, Status: ROLLED_BACK, Rows: 1
2026-08-17 19:40:41.169|INFO|0abbaf75-f717-4600-a890-f7629a1697df|org.kie.kogito.serverless.workflow.devservices.DevModeServerlessWorkflowLogger|Property 'workflowdata.saved' changed value from: 'null', to: 'true'
2026-08-17 19:40:41.169|INFO|0abbaf75-f717-4600-a890-f7629a1697df|org.kie.kogito.serverless.workflow.devservices.DevModeServerlessWorkflowLogger|Property 'workflowdata.workflowId' changed value from: 'null', to: '"saga2-transfer-workflow"'
2026-08-17 19:40:41.170|INFO|0abbaf75-f717-4600-a890-f7629a1697df|org.kie.kogito.serverless.workflow.devservices.DevModeServerlessWorkflowLogger|Property 'workflowdata.status' changed value from: 'null', to: '"ROLLED_BACK"'
2026-08-17 19:40:41.171|INFO|0abbaf75-f717-4600-a890-f7629a1697df|org.kie.kogito.serverless.workflow.devservices.DevModeServerlessWorkflowLogger|Workflow data change
{
  "status" : "ROLLED_BACK",
  "message" : "A16220 業務失敗,僅回沖 A16229",
  "AMT" : 2000,
  "a16229Result" : {
    "code" : "100",
    "message" : "成功",
    "Account" : "840991_P",
    "_httpStatus" : 200
  },
  "a16220Result" : {
    "code" : "999",
    "message" : "AMT必須小於1000",
    "Account" : "X",
    "_httpStatus" : 403
  },
  "a16229Rollback" : {
    "code" : "100",
    "message" : "成功(EC)",
    "Account" : "840991_P",
    "_httpStatus" : 200
  },
  "a16220Rollback" : null
}
2026-08-17 19:40:41.171|INFO|0abbaf75-f717-4600-a890-f7629a1697df|org.kie.kogito.serverless.workflow.devservices.DevModeServerlessWorkflowLogger|Triggered node 'End' for process 'saga2-transfer-workflow' (0abbaf75-f717-4600-a890-f7629a1697df)
2026-08-17 19:40:41.171|INFO|0abbaf75-f717-4600-a890-f7629a1697df|org.kie.kogito.serverless.workflow.devservices.DevModeServerlessWorkflowLogger|Workflow 'saga2-transfer-workflow' (0abbaf75-f717-4600-a890-f7629a1697df) completed
2026-08-17 19:40:41.197|INFO||com.example.reconciliation.ReconciliationCsvExporter|[ReconciliationCsvExporter] 匯出完成: file=reconciliation-20260817-194041.csv, rows=11, bytes=1622
]]></system-out>
    <system-err><![CDATA[8月 17, 2026 7:40:41 下午 com.example.platform.security.SonataFlowSecurityConfig$WorkflowStatusFilter filter
INFO: [HTTP-AUDIT] URI: /A16229 | HTTP: 200 | Cost: 0ms | INPUT: {"Account_A":"840991_S","AMT":100,"EC":false} | OUTPUT: {"code":"100","message":"成功","Account":"840991_S"}
8月 17, 2026 7:40:41 下午 com.example.platform.security.SonataFlowSecurityConfig$WorkflowStatusFilter filter
INFO: [HTTP-AUDIT] URI: /A16220 | HTTP: 200 | Cost: 0ms | INPUT: {"AMT":100,"Account_B":"X","EC":false} | OUTPUT: {"code":"100","message":"成功","Account":"X"}
8月 17, 2026 7:40:41 下午 com.example.platform.security.SonataFlowSecurityConfig$WorkflowStatusFilter filter
INFO: [HTTP-AUDIT] URI: /saga2-transfer-workflow | HTTP: 201 | Cost: 36ms | INPUT: {"Account_A":"840991_S","Account_B":"X","AMT":100} | OUTPUT: {"id":"824a61f8-fd9a-4ca0-803f-288860800a7e","workflowdata":{"status":"SUCCESS","message":"交易成功","AMT":100,"a16229Result":{"code":"100","message":"成功","Account":"840991_S","_httpStatus":200},"a16220Result":{"code":"100","message":"成功","Account":"X","_httpStatus":200},"a16229Rollback":null,"a16220Rollback":null}}
8月 17, 2026 7:40:41 下午 com.example.platform.security.SonataFlowSecurityConfig$WorkflowStatusFilter filter
INFO: [HTTP-AUDIT] URI: /A16229 | HTTP: 403 | Cost: 0ms | INPUT: {"Account_A":"840991_F","AMT":30,"EC":false} | OUTPUT: {"code":"999","message":"AMT必須大於50","Account":"840991_F"}
8月 17, 2026 7:40:41 下午 com.example.platform.security.SonataFlowSecurityConfig$WorkflowStatusFilter filter
INFO: [HTTP-AUDIT] URI: /saga2-transfer-workflow | HTTP: 201 | Cost: 19ms | INPUT: {"Account_A":"840991_F","Account_B":"X","AMT":30} | OUTPUT: {"id":"94c58563-d3c8-4e61-ab35-16eb2308e258","workflowdata":{"status":"FAILED","message":"業務失敗或 API 錯誤","AMT":30,"a16229Result":{"code":"999","message":"AMT必須大於50","Account":"840991_F","_httpStatus":403},"a16220Result":null,"a16229Rollback":null,"a16220Rollback":null}}
8月 17, 2026 7:40:41 下午 com.example.platform.security.SonataFlowSecurityConfig$WorkflowStatusFilter filter
INFO: [HTTP-AUDIT] URI: /A16229 | HTTP: 200 | Cost: 0ms | INPUT: {"Account_A":"840991_R","AMT":600,"EC":false} | OUTPUT: {"code":"100","message":"成功","Account":"840991_R"}
8月 17, 2026 7:40:41 下午 com.example.platform.security.SonataFlowSecurityConfig$WorkflowStatusFilter filter
INFO: [HTTP-AUDIT] URI: /A16220 | HTTP: 200 | Cost: 0ms | INPUT: {"AMT":600,"Account_B":"X","EC":false} | OUTPUT: {"code":"100","message":"成功","Account":"X"}
8月 17, 2026 7:40:41 下午 com.example.platform.security.SonataFlowSecurityConfig$WorkflowStatusFilter filter
INFO: [HTTP-AUDIT] URI: /A16220 | HTTP: 200 | Cost: 0ms | INPUT: {"AMT":600,"Account_B":"X","EC":true} | OUTPUT: {"code":"100","message":"成功(EC)","Account":"X"}
8月 17, 2026 7:40:41 下午 com.example.platform.security.SonataFlowSecurityConfig$WorkflowStatusFilter filter
INFO: [HTTP-AUDIT] URI: /A16229 | HTTP: 200 | Cost: 0ms | INPUT: {"Account_A":"840991_R","AMT":600,"EC":true} | OUTPUT: {"code":"100","message":"成功(EC)","Account":"840991_R"}
8月 17, 2026 7:40:41 下午 com.example.platform.security.SonataFlowSecurityConfig$WorkflowStatusFilter filter
INFO: [HTTP-AUDIT] URI: /saga2-transfer-workflow | HTTP: 201 | Cost: 37ms | INPUT: {"Account_A":"840991_R","Account_B":"X","AMT":600} | OUTPUT: {"id":"c6847c54-767d-4b68-83f1-4f9eac5dec85","workflowdata":{"status":"ROLLED_BACK","message":"AMT > 500 觸發 saga 回沖 (LIFO)","AMT":600,"a16229Result":{"code":"100","message":"成功","Account":"840991_R","_httpStatus":200},"a16220Result":{"code":"100","message":"成功","Account":"X","_httpStatus":200},"a16229Rollback":{"code":"100","message":"成功(EC)","Account":"840991_R","_httpStatus":200},"a16220Rollback":{"code":"100","message":"成功(EC)","Account":"X","_httpStatus":200}}}
8月 17, 2026 7:40:41 下午 com.example.platform.security.SonataFlowSecurityConfig$WorkflowStatusFilter filter
INFO: [HTTP-AUDIT] URI: /A16229 | HTTP: 200 | Cost: 0ms | INPUT: {"Account_A":"840991_P","AMT":2000,"EC":false} | OUTPUT: {"code":"100","message":"成功","Account":"840991_P"}
8月 17, 2026 7:40:41 下午 com.example.platform.security.SonataFlowSecurityConfig$WorkflowStatusFilter filter
INFO: [HTTP-AUDIT] URI: /A16220 | HTTP: 403 | Cost: 0ms | INPUT: {"AMT":2000,"Account_B":"X","EC":false} | OUTPUT: {"code":"999","message":"AMT必須小於1000","Account":"X"}
8月 17, 2026 7:40:41 下午 com.example.platform.security.SonataFlowSecurityConfig$WorkflowStatusFilter filter
INFO: [HTTP-AUDIT] URI: /A16229 | HTTP: 200 | Cost: 0ms | INPUT: {"Account_A":"840991_P","AMT":2000,"EC":true} | OUTPUT: {"code":"100","message":"成功(EC)","Account":"840991_P"}
8月 17, 2026 7:40:41 下午 com.example.platform.security.SonataFlowSecurityConfig$WorkflowStatusFilter filter
INFO: [HTTP-AUDIT] URI: /saga2-transfer-workflow | HTTP: 201 | Cost: 35ms | INPUT: {"Account_A":"840991_P","Account_B":"X","AMT":2000} | OUTPUT: {"id":"0abbaf75-f717-4600-a890-f7629a1697df","workflowdata":{"status":"ROLLED_BACK","message":"A16220 業務失敗,僅回沖 A16229","AMT":2000,"a16229Result":{"code":"100","message":"成功","Account":"840991_P","_httpStatus":200},"a16220Result":{"code":"999","message":"AMT必須小於1000","Account":"X","_httpStatus":403},"a16229Rollback":{"code":"100","message":"成功(EC)","Account":"840991_P","_httpStatus":200},"a16220Rollback":null}}
8月 17, 2026 7:40:41 下午 com.example.platform.security.SonataFlowSecurityConfig$WorkflowStatusFilter filter
INFO: [HTTP-AUDIT] URI: /reconciliation/export-csv | HTTP: 200 | Cost: 1ms | INPUT: {} | OUTPUT: {"ok":true,"filePath":"/media/op/acer_sata/2026_AI_Hack/SonataFlow/myhello-platform-src-0817/myhello-platform/distribution/transfer-app/data/reconciliation-20260817-194041.csv","fileName":"reconciliation-20260817-194041.csv","rowCount":11,"byteSize":1622,"exportedAt":"2026-08-17T19:40:41.197534946","filters":{"workflowId":"","businessKey":"","status":""}}
]]></system-err>
  </testcase>
  <testcase name="testDConsistentExportResults" classname="Reconciliation CSV 匯出額外驗證" time="0.101">
    <system-out><![CDATA[2026-08-17 19:40:41.224|INFO||com.example.reconciliation.ReconciliationCsvExporter|[ReconciliationCsvExporter] 匯出完成: file=reconciliation-20260817-194041.csv, rows=11, bytes=1622
2026-08-17 19:40:41.255|INFO||com.example.reconciliation.ReconciliationCsvExporter|[ReconciliationCsvExporter] 匯出完成: file=reconciliation-20260817-194041.csv, rows=11, bytes=1622
2026-08-17 19:40:41.276|INFO||com.example.reconciliation.ReconciliationCsvExporter|[ReconciliationCsvExporter] 匯出完成: file=reconciliation-20260817-194041.csv, rows=4, bytes=614
2026-08-17 19:40:41.297|INFO||com.example.reconciliation.ReconciliationCsvExporter|[ReconciliationCsvExporter] 匯出完成: file=reconciliation-20260817-194041.csv, rows=4, bytes=614
]]></system-out>
    <system-err><![CDATA[8月 17, 2026 7:40:41 下午 com.example.platform.security.SonataFlowSecurityConfig$WorkflowStatusFilter filter
INFO: [HTTP-AUDIT] URI: /reconciliation/export-csv | HTTP: 200 | Cost: 1ms | INPUT: {} | OUTPUT: {"ok":true,"filePath":"/media/op/acer_sata/2026_AI_Hack/SonataFlow/myhello-platform-src-0817/myhello-platform/distribution/transfer-app/data/reconciliation-20260817-194041.csv","fileName":"reconciliation-20260817-194041.csv","rowCount":11,"byteSize":1622,"exportedAt":"2026-08-17T19:40:41.224283169","filters":{"workflowId":"","businessKey":"","status":""}}
8月 17, 2026 7:40:41 下午 com.example.platform.security.SonataFlowSecurityConfig$WorkflowStatusFilter filter
INFO: [HTTP-AUDIT] URI: /reconciliation/export-csv | HTTP: 200 | Cost: 1ms | INPUT: {} | OUTPUT: {"ok":true,"filePath":"/media/op/acer_sata/2026_AI_Hack/SonataFlow/myhello-platform-src-0817/myhello-platform/distribution/transfer-app/data/reconciliation-20260817-194041.csv","fileName":"reconciliation-20260817-194041.csv","rowCount":11,"byteSize":1622,"exportedAt":"2026-08-17T19:40:41.255840741","filters":{"workflowId":"","businessKey":"","status":""}}
8月 17, 2026 7:40:41 下午 com.example.platform.security.SonataFlowSecurityConfig$WorkflowStatusFilter filter
INFO: [HTTP-AUDIT] URI: /reconciliation/export-csv | HTTP: 200 | Cost: 1ms | INPUT: {"status":"SUCCESS"} | OUTPUT: {"ok":true,"filePath":"/media/op/acer_sata/2026_AI_Hack/SonataFlow/myhello-platform-src-0817/myhello-platform/distribution/transfer-app/data/reconciliation-20260817-194041.csv","fileName":"reconciliation-20260817-194041.csv","rowCount":4,"byteSize":614,"exportedAt":"2026-08-17T19:40:41.275978387","filters":{"workflowId":"","businessKey":"","status":"SUCCESS"}}
8月 17, 2026 7:40:41 下午 com.example.platform.security.SonataFlowSecurityConfig$WorkflowStatusFilter filter
INFO: [HTTP-AUDIT] URI: /reconciliation/export-csv | HTTP: 200 | Cost: 1ms | INPUT: {"status":"SUCCESS"} | OUTPUT: {"ok":true,"filePath":"/media/op/acer_sata/2026_AI_Hack/SonataFlow/myhello-platform-src-0817/myhello-platform/distribution/transfer-app/data/reconciliation-20260817-194041.csv","fileName":"reconciliation-20260817-194041.csv","rowCount":4,"byteSize":614,"exportedAt":"2026-08-17T19:40:41.297790458","filters":{"workflowId":"","businessKey":"","status":"SUCCESS"}}
]]></system-err>
  </testcase>
</testsuite>