<?xml version="1.0" encoding="UTF-8"?>
<testsuite xmlns:xsi="http://www.w3.org/2001/XMLSchema-instance" xsi:noNamespaceSchemaLocation="https://maven.apache.org/surefire/maven-surefire-plugin/xsd/surefire-test-report.xsd" version="3.0.2" name="com.example.platform.distribution.transfer.Saga2TransferWorkflowTest" time="0.563" tests="10" errors="0" skipped="0" failures="0" flakes="0">
  <properties>
[...]
</properties>
  <testcase name="testAmt501BoundaryRolledBack" classname="saga2-transfer-workflow saga 測試" time="0.055">
    <system-out><![CDATA[2026-08-17 16:38:51.918|INFO|e5a25a6a-e949-4d4d-a099-e670102a3093|org.kie.kogito.serverless.workflow.devservices.DevModeServerlessWorkflowLogger|Property 'workflowdatainput' changed value from: 'null', to: '{"Account_A":"A123","Account_B":"B123","AMT":501}'
2026-08-17 16:38:51.918|INFO|e5a25a6a-e949-4d4d-a099-e670102a3093|org.kie.kogito.serverless.workflow.devservices.DevModeServerlessWorkflowLogger|Workflow data change
{
  "Account_A" : "A123",
  "Account_B" : "B123",
  "AMT" : 501
}
2026-08-17 16:38:51.918|INFO|e5a25a6a-e949-4d4d-a099-e670102a3093|org.kie.kogito.serverless.workflow.devservices.DevModeServerlessWorkflowLogger|Starting workflow 'saga2-transfer-workflow' (e5a25a6a-e949-4d4d-a099-e670102a3093)
2026-08-17 16:38:51.918|INFO|e5a25a6a-e949-4d4d-a099-e670102a3093|org.kie.kogito.serverless.workflow.devservices.DevModeServerlessWorkflowLogger|Workflow data 
{
  "Account_A" : "A123",
  "Account_B" : "B123",
  "AMT" : 501
}
2026-08-17 16:38:51.918|INFO|e5a25a6a-e949-4d4d-a099-e670102a3093|org.kie.kogito.serverless.workflow.devservices.DevModeServerlessWorkflowLogger|Triggered node 'Start' for process 'saga2-transfer-workflow' (e5a25a6a-e949-4d4d-a099-e670102a3093)
2026-08-17 16:38:51.918|INFO|e5a25a6a-e949-4d4d-a099-e670102a3093|org.kie.kogito.serverless.workflow.devservices.DevModeServerlessWorkflowLogger|Triggered node 'ValidateInput' for process 'saga2-transfer-workflow' (e5a25a6a-e949-4d4d-a099-e670102a3093)
2026-08-17 16:38:51.920|INFO|e5a25a6a-e949-4d4d-a099-e670102a3093|org.kie.kogito.serverless.workflow.devservices.DevModeServerlessWorkflowLogger|Triggered node 'CallA16229State' for process 'saga2-transfer-workflow' (e5a25a6a-e949-4d4d-a099-e670102a3093)
2026-08-17 16:38:51.920|INFO|e5a25a6a-e949-4d4d-a099-e670102a3093|org.kie.kogito.serverless.workflow.devservices.DevModeServerlessWorkflowLogger|Triggered node 'callApiViaOpenAPI' for process 'saga2-transfer-workflow' (e5a25a6a-e949-4d4d-a099-e670102a3093)
2026-08-17 16:38:51.925|INFO|e5a25a6a-e949-4d4d-a099-e670102a3093|org.kie.kogito.serverless.workflow.devservices.DevModeServerlessWorkflowLogger|Property 'workflowdata.a16229Result' changed value from: 'null', to: '{"code":"100","message":"成功","Account":"A123","_httpStatus":200}'
2026-08-17 16:38:51.925|INFO|e5a25a6a-e949-4d4d-a099-e670102a3093|org.kie.kogito.serverless.workflow.devservices.DevModeServerlessWorkflowLogger|Triggered node 'CheckA16229Result' for process 'saga2-transfer-workflow' (e5a25a6a-e949-4d4d-a099-e670102a3093)
2026-08-17 16:38:51.926|INFO|e5a25a6a-e949-4d4d-a099-e670102a3093|org.kie.kogito.serverless.workflow.devservices.DevModeServerlessWorkflowLogger|Triggered node 'CallA16220State' for process 'saga2-transfer-workflow' (e5a25a6a-e949-4d4d-a099-e670102a3093)
2026-08-17 16:38:51.926|INFO|e5a25a6a-e949-4d4d-a099-e670102a3093|org.kie.kogito.serverless.workflow.devservices.DevModeServerlessWorkflowLogger|Triggered node 'callApiViaOpenAPI' for process 'saga2-transfer-workflow' (e5a25a6a-e949-4d4d-a099-e670102a3093)
2026-08-17 16:38:51.930|INFO|e5a25a6a-e949-4d4d-a099-e670102a3093|org.kie.kogito.serverless.workflow.devservices.DevModeServerlessWorkflowLogger|Property 'workflowdata.a16220Result' changed value from: 'null', to: '{"code":"100","message":"成功","Account":"B123","_httpStatus":200}'
2026-08-17 16:38:51.930|INFO|e5a25a6a-e949-4d4d-a099-e670102a3093|org.kie.kogito.serverless.workflow.devservices.DevModeServerlessWorkflowLogger|Triggered node 'CheckA16220Result' for process 'saga2-transfer-workflow' (e5a25a6a-e949-4d4d-a099-e670102a3093)
2026-08-17 16:38:51.931|INFO|e5a25a6a-e949-4d4d-a099-e670102a3093|org.kie.kogito.serverless.workflow.devservices.DevModeServerlessWorkflowLogger|Triggered node 'DecideByEvaluation' for process 'saga2-transfer-workflow' (e5a25a6a-e949-4d4d-a099-e670102a3093)
2026-08-17 16:38:51.931|INFO|e5a25a6a-e949-4d4d-a099-e670102a3093|org.kie.kogito.serverless.workflow.devservices.DevModeServerlessWorkflowLogger|Triggered node 'Join-RollbackA16220' for process 'saga2-transfer-workflow' (e5a25a6a-e949-4d4d-a099-e670102a3093)
2026-08-17 16:38:51.931|INFO|e5a25a6a-e949-4d4d-a099-e670102a3093|org.kie.kogito.serverless.workflow.devservices.DevModeServerlessWorkflowLogger|Triggered node 'RollbackA16220' for process 'saga2-transfer-workflow' (e5a25a6a-e949-4d4d-a099-e670102a3093)
2026-08-17 16:38:51.931|INFO|e5a25a6a-e949-4d4d-a099-e670102a3093|org.kie.kogito.serverless.workflow.devservices.DevModeServerlessWorkflowLogger|Triggered node 'callApiViaOpenAPI' for process 'saga2-transfer-workflow' (e5a25a6a-e949-4d4d-a099-e670102a3093)
2026-08-17 16:38:51.936|INFO|e5a25a6a-e949-4d4d-a099-e670102a3093|org.kie.kogito.serverless.workflow.devservices.DevModeServerlessWorkflowLogger|Property 'workflowdata.a16220Rollback' changed value from: 'null', to: '{"code":"100","message":"成功(EC)","Account":"B123","_httpStatus":200}'
2026-08-17 16:38:51.936|INFO|e5a25a6a-e949-4d4d-a099-e670102a3093|org.kie.kogito.serverless.workflow.devservices.DevModeServerlessWorkflowLogger|Triggered node 'RollbackA16229' for process 'saga2-transfer-workflow' (e5a25a6a-e949-4d4d-a099-e670102a3093)
2026-08-17 16:38:51.937|INFO|e5a25a6a-e949-4d4d-a099-e670102a3093|org.kie.kogito.serverless.workflow.devservices.DevModeServerlessWorkflowLogger|Triggered node 'callApiViaOpenAPI' for process 'saga2-transfer-workflow' (e5a25a6a-e949-4d4d-a099-e670102a3093)
2026-08-17 16:38:51.942|INFO|e5a25a6a-e949-4d4d-a099-e670102a3093|org.kie.kogito.serverless.workflow.devservices.DevModeServerlessWorkflowLogger|Property 'workflowdata.a16229Rollback' changed value from: 'null', to: '{"code":"100","message":"成功(EC)","Account":"A123","_httpStatus":200}'
2026-08-17 16:38:51.942|INFO|e5a25a6a-e949-4d4d-a099-e670102a3093|org.kie.kogito.serverless.workflow.devservices.DevModeServerlessWorkflowLogger|Triggered node 'CheckRollbackResults' for process 'saga2-transfer-workflow' (e5a25a6a-e949-4d4d-a099-e670102a3093)
2026-08-17 16:38:51.942|INFO|e5a25a6a-e949-4d4d-a099-e670102a3093|org.kie.kogito.serverless.workflow.devservices.DevModeServerlessWorkflowLogger|Triggered node 'InjectRolledBackStatus' for process 'saga2-transfer-workflow' (e5a25a6a-e949-4d4d-a099-e670102a3093)
2026-08-17 16:38:51.942|INFO|e5a25a6a-e949-4d4d-a099-e670102a3093|org.kie.kogito.serverless.workflow.devservices.DevModeServerlessWorkflowLogger|Property 'workflowdata.finalStatus' changed value from: 'null', to: '"ROLLED_BACK"'
2026-08-17 16:38:51.942|INFO|e5a25a6a-e949-4d4d-a099-e670102a3093|org.kie.kogito.serverless.workflow.devservices.DevModeServerlessWorkflowLogger|Property 'workflowdata.finalMessage' changed value from: 'null', to: '"AMT > 500 觸發 saga 回沖 (LIFO)"'
2026-08-17 16:38:51.942|INFO|e5a25a6a-e949-4d4d-a099-e670102a3093|org.kie.kogito.serverless.workflow.devservices.DevModeServerlessWorkflowLogger|Triggered node 'Join-FinalAuditAndEnd' for process 'saga2-transfer-workflow' (e5a25a6a-e949-4d4d-a099-e670102a3093)
2026-08-17 16:38:51.942|INFO|e5a25a6a-e949-4d4d-a099-e670102a3093|org.kie.kogito.serverless.workflow.devservices.DevModeServerlessWorkflowLogger|Triggered node 'FinalAuditAndEnd' for process 'saga2-transfer-workflow' (e5a25a6a-e949-4d4d-a099-e670102a3093)
2026-08-17 16:38:51.943|INFO|e5a25a6a-e949-4d4d-a099-e670102a3093|org.kie.kogito.serverless.workflow.devservices.DevModeServerlessWorkflowLogger|Triggered node 'recordAuditLog' for process 'saga2-transfer-workflow' (e5a25a6a-e949-4d4d-a099-e670102a3093)
2026-08-17 16:38:51.943|INFO|e5a25a6a-e949-4d4d-a099-e670102a3093|com.example.reconciliation.AuditLogService|[AuditLogService] 成功寫入對帳紀錄! Workflow: saga2-transfer-workflow, BusinessKey: A123, Status: ROLLED_BACK, Rows: 1
2026-08-17 16:38:51.944|INFO|e5a25a6a-e949-4d4d-a099-e670102a3093|org.kie.kogito.serverless.workflow.devservices.DevModeServerlessWorkflowLogger|Property 'workflowdata.saved' changed value from: 'null', to: 'true'
2026-08-17 16:38:51.944|INFO|e5a25a6a-e949-4d4d-a099-e670102a3093|org.kie.kogito.serverless.workflow.devservices.DevModeServerlessWorkflowLogger|Property 'workflowdata.workflowId' changed value from: 'null', to: '"saga2-transfer-workflow"'
2026-08-17 16:38:51.944|INFO|e5a25a6a-e949-4d4d-a099-e670102a3093|org.kie.kogito.serverless.workflow.devservices.DevModeServerlessWorkflowLogger|Property 'workflowdata.status' changed value from: 'null', to: '"ROLLED_BACK"'
2026-08-17 16:38:51.944|INFO|e5a25a6a-e949-4d4d-a099-e670102a3093|org.kie.kogito.serverless.workflow.devservices.DevModeServerlessWorkflowLogger|Workflow data change
{
  "status" : "ROLLED_BACK",
  "message" : "AMT > 500 觸發 saga 回沖 (LIFO)",
  "AMT" : 501,
  "a16229Result" : {
    "code" : "100",
    "message" : "成功",
    "Account" : "A123",
    "_httpStatus" : 200
  },
  "a16220Result" : {
    "code" : "100",
    "message" : "成功",
    "Account" : "B123",
    "_httpStatus" : 200
  },
  "a16229Rollback" : {
    "code" : "100",
    "message" : "成功(EC)",
    "Account" : "A123",
    "_httpStatus" : 200
  },
  "a16220Rollback" : {
    "code" : "100",
    "message" : "成功(EC)",
    "Account" : "B123",
    "_httpStatus" : 200
  }
}
2026-08-17 16:38:51.944|INFO|e5a25a6a-e949-4d4d-a099-e670102a3093|org.kie.kogito.serverless.workflow.devservices.DevModeServerlessWorkflowLogger|Triggered node 'End' for process 'saga2-transfer-workflow' (e5a25a6a-e949-4d4d-a099-e670102a3093)
2026-08-17 16:38:51.944|INFO|e5a25a6a-e949-4d4d-a099-e670102a3093|org.kie.kogito.serverless.workflow.devservices.DevModeServerlessWorkflowLogger|Workflow 'saga2-transfer-workflow' (e5a25a6a-e949-4d4d-a099-e670102a3093) completed
]]></system-out>
    <system-err><![CDATA[8月 17, 2026 4:38:51 下午 com.example.platform.security.SonataFlowSecurityConfig$WorkflowStatusFilter filter
INFO: [HTTP-AUDIT] URI: /A16229 | HTTP: 200 | Cost: 0ms | INPUT: {"Account_A":"A123","AMT":501,"EC":false} | OUTPUT: {"code":"100","message":"成功","Account":"A123"}
8月 17, 2026 4:38:51 下午 com.example.platform.security.SonataFlowSecurityConfig$WorkflowStatusFilter filter
INFO: [HTTP-AUDIT] URI: /A16220 | HTTP: 200 | Cost: 0ms | INPUT: {"AMT":501,"Account_B":"B123","EC":false} | OUTPUT: {"code":"100","message":"成功","Account":"B123"}
8月 17, 2026 4:38:51 下午 com.example.platform.security.SonataFlowSecurityConfig$WorkflowStatusFilter filter
INFO: [HTTP-AUDIT] URI: /A16220 | HTTP: 200 | Cost: 0ms | INPUT: {"AMT":501,"Account_B":"B123","EC":true} | OUTPUT: {"code":"100","message":"成功(EC)","Account":"B123"}
8月 17, 2026 4:38:51 下午 com.example.platform.security.SonataFlowSecurityConfig$WorkflowStatusFilter filter
INFO: [HTTP-AUDIT] URI: /A16229 | HTTP: 200 | Cost: 0ms | INPUT: {"Account_A":"A123","AMT":501,"EC":true} | OUTPUT: {"code":"100","message":"成功(EC)","Account":"A123"}
8月 17, 2026 4:38:51 下午 com.example.platform.security.SonataFlowSecurityConfig$WorkflowStatusFilter filter
INFO: [HTTP-AUDIT] URI: /saga2-transfer-workflow | HTTP: 201 | Cost: 33ms | INPUT: {"Account_A":"A123","Account_B":"B123","AMT":501} | OUTPUT: {"id":"e5a25a6a-e949-4d4d-a099-e670102a3093","workflowdata":{"status":"ROLLED_BACK","message":"AMT > 500 觸發 saga 回沖 (LIFO)","AMT":501,"a16229Result":{"code":"100","message":"成功","Account":"A123","_httpStatus":200},"a16220Result":{"code":"100","message":"成功","Account":"B123","_httpStatus":200},"a16229Rollback":{"code":"100","message":"成功(EC)","Account":"A123","_httpStatus":200},"a16220Rollback":{"code":"100","message":"成功(EC)","Account":"B123","_httpStatus":200}}}
]]></system-err>
  </testcase>
  <testcase name="testAmt100Success" classname="saga2-transfer-workflow saga 測試" time="0.077">
    <system-out><![CDATA[2026-08-17 16:38:51.974|INFO|5379621b-ac2f-4f63-958c-176b5a108f8e|org.kie.kogito.serverless.workflow.devservices.DevModeServerlessWorkflowLogger|Property 'workflowdatainput' changed value from: 'null', to: '{"Account_A":"A123","Account_B":"B123","AMT":100}'
2026-08-17 16:38:51.974|INFO|5379621b-ac2f-4f63-958c-176b5a108f8e|org.kie.kogito.serverless.workflow.devservices.DevModeServerlessWorkflowLogger|Workflow data change
{
  "Account_A" : "A123",
  "Account_B" : "B123",
  "AMT" : 100
}
2026-08-17 16:38:51.974|INFO|5379621b-ac2f-4f63-958c-176b5a108f8e|org.kie.kogito.serverless.workflow.devservices.DevModeServerlessWorkflowLogger|Starting workflow 'saga2-transfer-workflow' (5379621b-ac2f-4f63-958c-176b5a108f8e)
2026-08-17 16:38:51.974|INFO|5379621b-ac2f-4f63-958c-176b5a108f8e|org.kie.kogito.serverless.workflow.devservices.DevModeServerlessWorkflowLogger|Workflow data 
{
  "Account_A" : "A123",
  "Account_B" : "B123",
  "AMT" : 100
}
2026-08-17 16:38:51.974|INFO|5379621b-ac2f-4f63-958c-176b5a108f8e|org.kie.kogito.serverless.workflow.devservices.DevModeServerlessWorkflowLogger|Triggered node 'Start' for process 'saga2-transfer-workflow' (5379621b-ac2f-4f63-958c-176b5a108f8e)
2026-08-17 16:38:51.975|INFO|5379621b-ac2f-4f63-958c-176b5a108f8e|org.kie.kogito.serverless.workflow.devservices.DevModeServerlessWorkflowLogger|Triggered node 'ValidateInput' for process 'saga2-transfer-workflow' (5379621b-ac2f-4f63-958c-176b5a108f8e)
2026-08-17 16:38:51.976|INFO|5379621b-ac2f-4f63-958c-176b5a108f8e|org.kie.kogito.serverless.workflow.devservices.DevModeServerlessWorkflowLogger|Triggered node 'CallA16229State' for process 'saga2-transfer-workflow' (5379621b-ac2f-4f63-958c-176b5a108f8e)
2026-08-17 16:38:51.976|INFO|5379621b-ac2f-4f63-958c-176b5a108f8e|org.kie.kogito.serverless.workflow.devservices.DevModeServerlessWorkflowLogger|Triggered node 'callApiViaOpenAPI' for process 'saga2-transfer-workflow' (5379621b-ac2f-4f63-958c-176b5a108f8e)
2026-08-17 16:38:51.981|INFO|5379621b-ac2f-4f63-958c-176b5a108f8e|org.kie.kogito.serverless.workflow.devservices.DevModeServerlessWorkflowLogger|Property 'workflowdata.a16229Result' changed value from: 'null', to: '{"code":"100","message":"成功","Account":"A123","_httpStatus":200}'
2026-08-17 16:38:51.981|INFO|5379621b-ac2f-4f63-958c-176b5a108f8e|org.kie.kogito.serverless.workflow.devservices.DevModeServerlessWorkflowLogger|Triggered node 'CheckA16229Result' for process 'saga2-transfer-workflow' (5379621b-ac2f-4f63-958c-176b5a108f8e)
2026-08-17 16:38:51.981|INFO|5379621b-ac2f-4f63-958c-176b5a108f8e|org.kie.kogito.serverless.workflow.devservices.DevModeServerlessWorkflowLogger|Triggered node 'CallA16220State' for process 'saga2-transfer-workflow' (5379621b-ac2f-4f63-958c-176b5a108f8e)
2026-08-17 16:38:51.981|INFO|5379621b-ac2f-4f63-958c-176b5a108f8e|org.kie.kogito.serverless.workflow.devservices.DevModeServerlessWorkflowLogger|Triggered node 'callApiViaOpenAPI' for process 'saga2-transfer-workflow' (5379621b-ac2f-4f63-958c-176b5a108f8e)
2026-08-17 16:38:51.986|INFO|5379621b-ac2f-4f63-958c-176b5a108f8e|org.kie.kogito.serverless.workflow.devservices.DevModeServerlessWorkflowLogger|Property 'workflowdata.a16220Result' changed value from: 'null', to: '{"code":"100","message":"成功","Account":"B123","_httpStatus":200}'
2026-08-17 16:38:51.987|INFO|5379621b-ac2f-4f63-958c-176b5a108f8e|org.kie.kogito.serverless.workflow.devservices.DevModeServerlessWorkflowLogger|Triggered node 'CheckA16220Result' for process 'saga2-transfer-workflow' (5379621b-ac2f-4f63-958c-176b5a108f8e)
2026-08-17 16:38:51.987|INFO|5379621b-ac2f-4f63-958c-176b5a108f8e|org.kie.kogito.serverless.workflow.devservices.DevModeServerlessWorkflowLogger|Triggered node 'DecideByEvaluation' for process 'saga2-transfer-workflow' (5379621b-ac2f-4f63-958c-176b5a108f8e)
2026-08-17 16:38:51.987|INFO|5379621b-ac2f-4f63-958c-176b5a108f8e|org.kie.kogito.serverless.workflow.devservices.DevModeServerlessWorkflowLogger|Triggered node 'InjectSuccessStatus' for process 'saga2-transfer-workflow' (5379621b-ac2f-4f63-958c-176b5a108f8e)
2026-08-17 16:38:51.987|INFO|5379621b-ac2f-4f63-958c-176b5a108f8e|org.kie.kogito.serverless.workflow.devservices.DevModeServerlessWorkflowLogger|Property 'workflowdata.finalStatus' changed value from: 'null', to: '"SUCCESS"'
2026-08-17 16:38:51.987|INFO|5379621b-ac2f-4f63-958c-176b5a108f8e|org.kie.kogito.serverless.workflow.devservices.DevModeServerlessWorkflowLogger|Property 'workflowdata.finalMessage' changed value from: 'null', to: '"交易成功"'
2026-08-17 16:38:51.987|INFO|5379621b-ac2f-4f63-958c-176b5a108f8e|org.kie.kogito.serverless.workflow.devservices.DevModeServerlessWorkflowLogger|Triggered node 'Join-FinalAuditAndEnd' for process 'saga2-transfer-workflow' (5379621b-ac2f-4f63-958c-176b5a108f8e)
2026-08-17 16:38:51.988|INFO|5379621b-ac2f-4f63-958c-176b5a108f8e|org.kie.kogito.serverless.workflow.devservices.DevModeServerlessWorkflowLogger|Triggered node 'FinalAuditAndEnd' for process 'saga2-transfer-workflow' (5379621b-ac2f-4f63-958c-176b5a108f8e)
2026-08-17 16:38:51.988|INFO|5379621b-ac2f-4f63-958c-176b5a108f8e|org.kie.kogito.serverless.workflow.devservices.DevModeServerlessWorkflowLogger|Triggered node 'recordAuditLog' for process 'saga2-transfer-workflow' (5379621b-ac2f-4f63-958c-176b5a108f8e)
2026-08-17 16:38:51.988|INFO|5379621b-ac2f-4f63-958c-176b5a108f8e|com.example.reconciliation.AuditLogService|[AuditLogService] 成功寫入對帳紀錄! Workflow: saga2-transfer-workflow, BusinessKey: A123, Status: SUCCESS, Rows: 1
2026-08-17 16:38:51.989|INFO|5379621b-ac2f-4f63-958c-176b5a108f8e|org.kie.kogito.serverless.workflow.devservices.DevModeServerlessWorkflowLogger|Property 'workflowdata.saved' changed value from: 'null', to: 'true'
2026-08-17 16:38:51.989|INFO|5379621b-ac2f-4f63-958c-176b5a108f8e|org.kie.kogito.serverless.workflow.devservices.DevModeServerlessWorkflowLogger|Property 'workflowdata.workflowId' changed value from: 'null', to: '"saga2-transfer-workflow"'
2026-08-17 16:38:51.989|INFO|5379621b-ac2f-4f63-958c-176b5a108f8e|org.kie.kogito.serverless.workflow.devservices.DevModeServerlessWorkflowLogger|Property 'workflowdata.status' changed value from: 'null', to: '"SUCCESS"'
2026-08-17 16:38:51.989|INFO|5379621b-ac2f-4f63-958c-176b5a108f8e|org.kie.kogito.serverless.workflow.devservices.DevModeServerlessWorkflowLogger|Workflow data change
{
  "status" : "SUCCESS",
  "message" : "交易成功",
  "AMT" : 100,
  "a16229Result" : {
    "code" : "100",
    "message" : "成功",
    "Account" : "A123",
    "_httpStatus" : 200
  },
  "a16220Result" : {
    "code" : "100",
    "message" : "成功",
    "Account" : "B123",
    "_httpStatus" : 200
  },
  "a16229Rollback" : null,
  "a16220Rollback" : null
}
2026-08-17 16:38:51.989|INFO|5379621b-ac2f-4f63-958c-176b5a108f8e|org.kie.kogito.serverless.workflow.devservices.DevModeServerlessWorkflowLogger|Triggered node 'End' for process 'saga2-transfer-workflow' (5379621b-ac2f-4f63-958c-176b5a108f8e)
2026-08-17 16:38:51.989|INFO|5379621b-ac2f-4f63-958c-176b5a108f8e|org.kie.kogito.serverless.workflow.devservices.DevModeServerlessWorkflowLogger|Workflow 'saga2-transfer-workflow' (5379621b-ac2f-4f63-958c-176b5a108f8e) completed
]]></system-out>
    <system-err><![CDATA[8月 17, 2026 4:38:51 下午 com.example.platform.security.SonataFlowSecurityConfig$WorkflowStatusFilter filter
INFO: [HTTP-AUDIT] URI: /A16229 | HTTP: 200 | Cost: 0ms | INPUT: {"Account_A":"A123","AMT":100,"EC":false} | OUTPUT: {"code":"100","message":"成功","Account":"A123"}
8月 17, 2026 4:38:51 下午 com.example.platform.security.SonataFlowSecurityConfig$WorkflowStatusFilter filter
INFO: [HTTP-AUDIT] URI: /A16220 | HTTP: 200 | Cost: 0ms | INPUT: {"AMT":100,"Account_B":"B123","EC":false} | OUTPUT: {"code":"100","message":"成功","Account":"B123"}
8月 17, 2026 4:38:51 下午 com.example.platform.security.SonataFlowSecurityConfig$WorkflowStatusFilter filter
INFO: [HTTP-AUDIT] URI: /saga2-transfer-workflow | HTTP: 201 | Cost: 21ms | INPUT: {"Account_A":"A123","Account_B":"B123","AMT":100} | OUTPUT: {"id":"5379621b-ac2f-4f63-958c-176b5a108f8e","workflowdata":{"status":"SUCCESS","message":"交易成功","AMT":100,"a16229Result":{"code":"100","message":"成功","Account":"A123","_httpStatus":200},"a16220Result":{"code":"100","message":"成功","Account":"B123","_httpStatus":200},"a16229Rollback":null,"a16220Rollback":null}}
]]></system-err>
  </testcase>
  <testcase name="testAmt30Failed" classname="saga2-transfer-workflow saga 測試" time="0.072">
    <system-out><![CDATA[2026-08-17 16:38:52.052|INFO|f6262667-b2bd-4b0f-bda8-f9891cfb1239|org.kie.kogito.serverless.workflow.devservices.DevModeServerlessWorkflowLogger|Property 'workflowdatainput' changed value from: 'null', to: '{"Account_A":"A123","Account_B":"B123","AMT":30}'
2026-08-17 16:38:52.052|INFO|f6262667-b2bd-4b0f-bda8-f9891cfb1239|org.kie.kogito.serverless.workflow.devservices.DevModeServerlessWorkflowLogger|Workflow data change
{
  "Account_A" : "A123",
  "Account_B" : "B123",
  "AMT" : 30
}
2026-08-17 16:38:52.052|INFO|f6262667-b2bd-4b0f-bda8-f9891cfb1239|org.kie.kogito.serverless.workflow.devservices.DevModeServerlessWorkflowLogger|Starting workflow 'saga2-transfer-workflow' (f6262667-b2bd-4b0f-bda8-f9891cfb1239)
2026-08-17 16:38:52.053|INFO|f6262667-b2bd-4b0f-bda8-f9891cfb1239|org.kie.kogito.serverless.workflow.devservices.DevModeServerlessWorkflowLogger|Workflow data 
{
  "Account_A" : "A123",
  "Account_B" : "B123",
  "AMT" : 30
}
2026-08-17 16:38:52.053|INFO|f6262667-b2bd-4b0f-bda8-f9891cfb1239|org.kie.kogito.serverless.workflow.devservices.DevModeServerlessWorkflowLogger|Triggered node 'Start' for process 'saga2-transfer-workflow' (f6262667-b2bd-4b0f-bda8-f9891cfb1239)
2026-08-17 16:38:52.053|INFO|f6262667-b2bd-4b0f-bda8-f9891cfb1239|org.kie.kogito.serverless.workflow.devservices.DevModeServerlessWorkflowLogger|Triggered node 'ValidateInput' for process 'saga2-transfer-workflow' (f6262667-b2bd-4b0f-bda8-f9891cfb1239)
2026-08-17 16:38:52.054|INFO|f6262667-b2bd-4b0f-bda8-f9891cfb1239|org.kie.kogito.serverless.workflow.devservices.DevModeServerlessWorkflowLogger|Triggered node 'CallA16229State' for process 'saga2-transfer-workflow' (f6262667-b2bd-4b0f-bda8-f9891cfb1239)
2026-08-17 16:38:52.054|INFO|f6262667-b2bd-4b0f-bda8-f9891cfb1239|org.kie.kogito.serverless.workflow.devservices.DevModeServerlessWorkflowLogger|Triggered node 'callApiViaOpenAPI' for process 'saga2-transfer-workflow' (f6262667-b2bd-4b0f-bda8-f9891cfb1239)
2026-08-17 16:38:52.059|INFO|f6262667-b2bd-4b0f-bda8-f9891cfb1239|org.kie.kogito.serverless.workflow.devservices.DevModeServerlessWorkflowLogger|Property 'workflowdata.a16229Result' changed value from: 'null', to: '{"code":"999","message":"AMT必須大於50","Account":"A123","_httpStatus":403}'
2026-08-17 16:38:52.059|INFO|f6262667-b2bd-4b0f-bda8-f9891cfb1239|org.kie.kogito.serverless.workflow.devservices.DevModeServerlessWorkflowLogger|Triggered node 'CheckA16229Result' for process 'saga2-transfer-workflow' (f6262667-b2bd-4b0f-bda8-f9891cfb1239)
2026-08-17 16:38:52.060|INFO|f6262667-b2bd-4b0f-bda8-f9891cfb1239|org.kie.kogito.serverless.workflow.devservices.DevModeServerlessWorkflowLogger|Triggered node 'Join-InjectFailedStatus' for process 'saga2-transfer-workflow' (f6262667-b2bd-4b0f-bda8-f9891cfb1239)
2026-08-17 16:38:52.060|INFO|f6262667-b2bd-4b0f-bda8-f9891cfb1239|org.kie.kogito.serverless.workflow.devservices.DevModeServerlessWorkflowLogger|Triggered node 'InjectFailedStatus' for process 'saga2-transfer-workflow' (f6262667-b2bd-4b0f-bda8-f9891cfb1239)
2026-08-17 16:38:52.060|INFO|f6262667-b2bd-4b0f-bda8-f9891cfb1239|org.kie.kogito.serverless.workflow.devservices.DevModeServerlessWorkflowLogger|Property 'workflowdata.finalStatus' changed value from: 'null', to: '"FAILED"'
2026-08-17 16:38:52.060|INFO|f6262667-b2bd-4b0f-bda8-f9891cfb1239|org.kie.kogito.serverless.workflow.devservices.DevModeServerlessWorkflowLogger|Property 'workflowdata.finalMessage' changed value from: 'null', to: '"業務失敗或 API 錯誤"'
2026-08-17 16:38:52.060|INFO|f6262667-b2bd-4b0f-bda8-f9891cfb1239|org.kie.kogito.serverless.workflow.devservices.DevModeServerlessWorkflowLogger|Triggered node 'Join-FinalAuditAndEnd' for process 'saga2-transfer-workflow' (f6262667-b2bd-4b0f-bda8-f9891cfb1239)
2026-08-17 16:38:52.060|INFO|f6262667-b2bd-4b0f-bda8-f9891cfb1239|org.kie.kogito.serverless.workflow.devservices.DevModeServerlessWorkflowLogger|Triggered node 'FinalAuditAndEnd' for process 'saga2-transfer-workflow' (f6262667-b2bd-4b0f-bda8-f9891cfb1239)
2026-08-17 16:38:52.060|INFO|f6262667-b2bd-4b0f-bda8-f9891cfb1239|org.kie.kogito.serverless.workflow.devservices.DevModeServerlessWorkflowLogger|Triggered node 'recordAuditLog' for process 'saga2-transfer-workflow' (f6262667-b2bd-4b0f-bda8-f9891cfb1239)
2026-08-17 16:38:52.061|INFO|f6262667-b2bd-4b0f-bda8-f9891cfb1239|com.example.reconciliation.AuditLogService|[AuditLogService] 成功寫入對帳紀錄! Workflow: saga2-transfer-workflow, BusinessKey: A123, Status: FAILED, Rows: 1
2026-08-17 16:38:52.061|INFO|f6262667-b2bd-4b0f-bda8-f9891cfb1239|org.kie.kogito.serverless.workflow.devservices.DevModeServerlessWorkflowLogger|Property 'workflowdata.saved' changed value from: 'null', to: 'true'
2026-08-17 16:38:52.061|INFO|f6262667-b2bd-4b0f-bda8-f9891cfb1239|org.kie.kogito.serverless.workflow.devservices.DevModeServerlessWorkflowLogger|Property 'workflowdata.workflowId' changed value from: 'null', to: '"saga2-transfer-workflow"'
2026-08-17 16:38:52.061|INFO|f6262667-b2bd-4b0f-bda8-f9891cfb1239|org.kie.kogito.serverless.workflow.devservices.DevModeServerlessWorkflowLogger|Property 'workflowdata.status' changed value from: 'null', to: '"FAILED"'
2026-08-17 16:38:52.062|INFO|f6262667-b2bd-4b0f-bda8-f9891cfb1239|org.kie.kogito.serverless.workflow.devservices.DevModeServerlessWorkflowLogger|Workflow data change
{
  "status" : "FAILED",
  "message" : "業務失敗或 API 錯誤",
  "AMT" : 30,
  "a16229Result" : {
    "code" : "999",
    "message" : "AMT必須大於50",
    "Account" : "A123",
    "_httpStatus" : 403
  },
  "a16220Result" : null,
  "a16229Rollback" : null,
  "a16220Rollback" : null
}
2026-08-17 16:38:52.062|INFO|f6262667-b2bd-4b0f-bda8-f9891cfb1239|org.kie.kogito.serverless.workflow.devservices.DevModeServerlessWorkflowLogger|Triggered node 'End' for process 'saga2-transfer-workflow' (f6262667-b2bd-4b0f-bda8-f9891cfb1239)
2026-08-17 16:38:52.062|INFO|f6262667-b2bd-4b0f-bda8-f9891cfb1239|org.kie.kogito.serverless.workflow.devservices.DevModeServerlessWorkflowLogger|Workflow 'saga2-transfer-workflow' (f6262667-b2bd-4b0f-bda8-f9891cfb1239) completed
]]></system-out>
    <system-err><![CDATA[8月 17, 2026 4:38:52 下午 com.example.platform.security.SonataFlowSecurityConfig$WorkflowStatusFilter filter
INFO: [HTTP-AUDIT] URI: /A16229 | HTTP: 403 | Cost: 0ms | INPUT: {"Account_A":"A123","AMT":30,"EC":false} | OUTPUT: {"code":"999","message":"AMT必須大於50","Account":"A123"}
8月 17, 2026 4:38:52 下午 com.example.platform.security.SonataFlowSecurityConfig$WorkflowStatusFilter filter
INFO: [HTTP-AUDIT] URI: /saga2-transfer-workflow | HTTP: 201 | Cost: 14ms | INPUT: {"Account_A":"A123","Account_B":"B123","AMT":30} | OUTPUT: {"id":"f6262667-b2bd-4b0f-bda8-f9891cfb1239","workflowdata":{"status":"FAILED","message":"業務失敗或 API 錯誤","AMT":30,"a16229Result":{"code":"999","message":"AMT必須大於50","Account":"A123","_httpStatus":403},"a16220Result":null,"a16229Rollback":null,"a16220Rollback":null}}
]]></system-err>
  </testcase>
  <testcase name="testAmt2000RolledBackA16229Only" classname="saga2-transfer-workflow saga 測試" time="0.117">
    <system-out><![CDATA[2026-08-17 16:38:52.128|INFO|a0f17d19-7fcc-47b6-84d8-15835fe029eb|org.kie.kogito.serverless.workflow.devservices.DevModeServerlessWorkflowLogger|Property 'workflowdatainput' changed value from: 'null', to: '{"Account_A":"A123","Account_B":"B123","AMT":2000}'
2026-08-17 16:38:52.128|INFO|a0f17d19-7fcc-47b6-84d8-15835fe029eb|org.kie.kogito.serverless.workflow.devservices.DevModeServerlessWorkflowLogger|Workflow data change
{
  "Account_A" : "A123",
  "Account_B" : "B123",
  "AMT" : 2000
}
2026-08-17 16:38:52.129|INFO|a0f17d19-7fcc-47b6-84d8-15835fe029eb|org.kie.kogito.serverless.workflow.devservices.DevModeServerlessWorkflowLogger|Starting workflow 'saga2-transfer-workflow' (a0f17d19-7fcc-47b6-84d8-15835fe029eb)
2026-08-17 16:38:52.129|INFO|a0f17d19-7fcc-47b6-84d8-15835fe029eb|org.kie.kogito.serverless.workflow.devservices.DevModeServerlessWorkflowLogger|Workflow data 
{
  "Account_A" : "A123",
  "Account_B" : "B123",
  "AMT" : 2000
}
2026-08-17 16:38:52.129|INFO|a0f17d19-7fcc-47b6-84d8-15835fe029eb|org.kie.kogito.serverless.workflow.devservices.DevModeServerlessWorkflowLogger|Triggered node 'Start' for process 'saga2-transfer-workflow' (a0f17d19-7fcc-47b6-84d8-15835fe029eb)
2026-08-17 16:38:52.129|INFO|a0f17d19-7fcc-47b6-84d8-15835fe029eb|org.kie.kogito.serverless.workflow.devservices.DevModeServerlessWorkflowLogger|Triggered node 'ValidateInput' for process 'saga2-transfer-workflow' (a0f17d19-7fcc-47b6-84d8-15835fe029eb)
2026-08-17 16:38:52.131|INFO|a0f17d19-7fcc-47b6-84d8-15835fe029eb|org.kie.kogito.serverless.workflow.devservices.DevModeServerlessWorkflowLogger|Triggered node 'CallA16229State' for process 'saga2-transfer-workflow' (a0f17d19-7fcc-47b6-84d8-15835fe029eb)
2026-08-17 16:38:52.132|INFO|a0f17d19-7fcc-47b6-84d8-15835fe029eb|org.kie.kogito.serverless.workflow.devservices.DevModeServerlessWorkflowLogger|Triggered node 'callApiViaOpenAPI' for process 'saga2-transfer-workflow' (a0f17d19-7fcc-47b6-84d8-15835fe029eb)
2026-08-17 16:38:52.139|INFO|a0f17d19-7fcc-47b6-84d8-15835fe029eb|org.kie.kogito.serverless.workflow.devservices.DevModeServerlessWorkflowLogger|Property 'workflowdata.a16229Result' changed value from: 'null', to: '{"code":"100","message":"成功","Account":"A123","_httpStatus":200}'
2026-08-17 16:38:52.139|INFO|a0f17d19-7fcc-47b6-84d8-15835fe029eb|org.kie.kogito.serverless.workflow.devservices.DevModeServerlessWorkflowLogger|Triggered node 'CheckA16229Result' for process 'saga2-transfer-workflow' (a0f17d19-7fcc-47b6-84d8-15835fe029eb)
2026-08-17 16:38:52.139|INFO|a0f17d19-7fcc-47b6-84d8-15835fe029eb|org.kie.kogito.serverless.workflow.devservices.DevModeServerlessWorkflowLogger|Triggered node 'CallA16220State' for process 'saga2-transfer-workflow' (a0f17d19-7fcc-47b6-84d8-15835fe029eb)
2026-08-17 16:38:52.139|INFO|a0f17d19-7fcc-47b6-84d8-15835fe029eb|org.kie.kogito.serverless.workflow.devservices.DevModeServerlessWorkflowLogger|Triggered node 'callApiViaOpenAPI' for process 'saga2-transfer-workflow' (a0f17d19-7fcc-47b6-84d8-15835fe029eb)
2026-08-17 16:38:52.146|INFO|a0f17d19-7fcc-47b6-84d8-15835fe029eb|org.kie.kogito.serverless.workflow.devservices.DevModeServerlessWorkflowLogger|Property 'workflowdata.a16220Result' changed value from: 'null', to: '{"code":"999","message":"AMT必須小於1000","Account":"B123","_httpStatus":403}'
2026-08-17 16:38:52.146|INFO|a0f17d19-7fcc-47b6-84d8-15835fe029eb|org.kie.kogito.serverless.workflow.devservices.DevModeServerlessWorkflowLogger|Triggered node 'CheckA16220Result' for process 'saga2-transfer-workflow' (a0f17d19-7fcc-47b6-84d8-15835fe029eb)
2026-08-17 16:38:52.147|INFO|a0f17d19-7fcc-47b6-84d8-15835fe029eb|org.kie.kogito.serverless.workflow.devservices.DevModeServerlessWorkflowLogger|Triggered node 'Join-RollbackA16229Only' for process 'saga2-transfer-workflow' (a0f17d19-7fcc-47b6-84d8-15835fe029eb)
2026-08-17 16:38:52.147|INFO|a0f17d19-7fcc-47b6-84d8-15835fe029eb|org.kie.kogito.serverless.workflow.devservices.DevModeServerlessWorkflowLogger|Triggered node 'RollbackA16229Only' for process 'saga2-transfer-workflow' (a0f17d19-7fcc-47b6-84d8-15835fe029eb)
2026-08-17 16:38:52.147|INFO|a0f17d19-7fcc-47b6-84d8-15835fe029eb|org.kie.kogito.serverless.workflow.devservices.DevModeServerlessWorkflowLogger|Triggered node 'callApiViaOpenAPI' for process 'saga2-transfer-workflow' (a0f17d19-7fcc-47b6-84d8-15835fe029eb)
2026-08-17 16:38:52.155|INFO|a0f17d19-7fcc-47b6-84d8-15835fe029eb|org.kie.kogito.serverless.workflow.devservices.DevModeServerlessWorkflowLogger|Property 'workflowdata.a16229Rollback' changed value from: 'null', to: '{"code":"100","message":"成功(EC)","Account":"A123","_httpStatus":200}'
2026-08-17 16:38:52.155|INFO|a0f17d19-7fcc-47b6-84d8-15835fe029eb|org.kie.kogito.serverless.workflow.devservices.DevModeServerlessWorkflowLogger|Triggered node 'CheckRollbackA16229OnlyResult' for process 'saga2-transfer-workflow' (a0f17d19-7fcc-47b6-84d8-15835fe029eb)
2026-08-17 16:38:52.155|INFO|a0f17d19-7fcc-47b6-84d8-15835fe029eb|org.kie.kogito.serverless.workflow.devservices.DevModeServerlessWorkflowLogger|Triggered node 'InjectRolledBackOnlyStatus' for process 'saga2-transfer-workflow' (a0f17d19-7fcc-47b6-84d8-15835fe029eb)
2026-08-17 16:38:52.156|INFO|a0f17d19-7fcc-47b6-84d8-15835fe029eb|org.kie.kogito.serverless.workflow.devservices.DevModeServerlessWorkflowLogger|Property 'workflowdata.finalStatus' changed value from: 'null', to: '"ROLLED_BACK"'
2026-08-17 16:38:52.156|INFO|a0f17d19-7fcc-47b6-84d8-15835fe029eb|org.kie.kogito.serverless.workflow.devservices.DevModeServerlessWorkflowLogger|Property 'workflowdata.finalMessage' changed value from: 'null', to: '"A16220 業務失敗,僅回沖 A16229"'
2026-08-17 16:38:52.156|INFO|a0f17d19-7fcc-47b6-84d8-15835fe029eb|org.kie.kogito.serverless.workflow.devservices.DevModeServerlessWorkflowLogger|Triggered node 'Join-FinalAuditAndEnd' for process 'saga2-transfer-workflow' (a0f17d19-7fcc-47b6-84d8-15835fe029eb)
2026-08-17 16:38:52.156|INFO|a0f17d19-7fcc-47b6-84d8-15835fe029eb|org.kie.kogito.serverless.workflow.devservices.DevModeServerlessWorkflowLogger|Triggered node 'FinalAuditAndEnd' for process 'saga2-transfer-workflow' (a0f17d19-7fcc-47b6-84d8-15835fe029eb)
2026-08-17 16:38:52.156|INFO|a0f17d19-7fcc-47b6-84d8-15835fe029eb|org.kie.kogito.serverless.workflow.devservices.DevModeServerlessWorkflowLogger|Triggered node 'recordAuditLog' for process 'saga2-transfer-workflow' (a0f17d19-7fcc-47b6-84d8-15835fe029eb)
2026-08-17 16:38:52.157|INFO|a0f17d19-7fcc-47b6-84d8-15835fe029eb|com.example.reconciliation.AuditLogService|[AuditLogService] 成功寫入對帳紀錄! Workflow: saga2-transfer-workflow, BusinessKey: A123, Status: ROLLED_BACK, Rows: 1
2026-08-17 16:38:52.159|INFO|a0f17d19-7fcc-47b6-84d8-15835fe029eb|org.kie.kogito.serverless.workflow.devservices.DevModeServerlessWorkflowLogger|Property 'workflowdata.saved' changed value from: 'null', to: 'true'
2026-08-17 16:38:52.159|INFO|a0f17d19-7fcc-47b6-84d8-15835fe029eb|org.kie.kogito.serverless.workflow.devservices.DevModeServerlessWorkflowLogger|Property 'workflowdata.workflowId' changed value from: 'null', to: '"saga2-transfer-workflow"'
2026-08-17 16:38:52.159|INFO|a0f17d19-7fcc-47b6-84d8-15835fe029eb|org.kie.kogito.serverless.workflow.devservices.DevModeServerlessWorkflowLogger|Property 'workflowdata.status' changed value from: 'null', to: '"ROLLED_BACK"'
2026-08-17 16:38:52.160|INFO|a0f17d19-7fcc-47b6-84d8-15835fe029eb|org.kie.kogito.serverless.workflow.devservices.DevModeServerlessWorkflowLogger|Workflow data change
{
  "status" : "ROLLED_BACK",
  "message" : "A16220 業務失敗,僅回沖 A16229",
  "AMT" : 2000,
  "a16229Result" : {
    "code" : "100",
    "message" : "成功",
    "Account" : "A123",
    "_httpStatus" : 200
  },
  "a16220Result" : {
    "code" : "999",
    "message" : "AMT必須小於1000",
    "Account" : "B123",
    "_httpStatus" : 403
  },
  "a16229Rollback" : {
    "code" : "100",
    "message" : "成功(EC)",
    "Account" : "A123",
    "_httpStatus" : 200
  },
  "a16220Rollback" : null
}
2026-08-17 16:38:52.160|INFO|a0f17d19-7fcc-47b6-84d8-15835fe029eb|org.kie.kogito.serverless.workflow.devservices.DevModeServerlessWorkflowLogger|Triggered node 'End' for process 'saga2-transfer-workflow' (a0f17d19-7fcc-47b6-84d8-15835fe029eb)
2026-08-17 16:38:52.161|INFO|a0f17d19-7fcc-47b6-84d8-15835fe029eb|org.kie.kogito.serverless.workflow.devservices.DevModeServerlessWorkflowLogger|Workflow 'saga2-transfer-workflow' (a0f17d19-7fcc-47b6-84d8-15835fe029eb) completed
]]></system-out>
    <system-err><![CDATA[8月 17, 2026 4:38:52 下午 com.example.platform.security.SonataFlowSecurityConfig$WorkflowStatusFilter filter
INFO: [HTTP-AUDIT] URI: /A16229 | HTTP: 200 | Cost: 0ms | INPUT: {"Account_A":"A123","AMT":2000,"EC":false} | OUTPUT: {"code":"100","message":"成功","Account":"A123"}
8月 17, 2026 4:38:52 下午 com.example.platform.security.SonataFlowSecurityConfig$WorkflowStatusFilter filter
INFO: [HTTP-AUDIT] URI: /A16220 | HTTP: 403 | Cost: 0ms | INPUT: {"AMT":2000,"Account_B":"B123","EC":false} | OUTPUT: {"code":"999","message":"AMT必須小於1000","Account":"B123"}
8月 17, 2026 4:38:52 下午 com.example.platform.security.SonataFlowSecurityConfig$WorkflowStatusFilter filter
INFO: [HTTP-AUDIT] URI: /A16229 | HTTP: 200 | Cost: 0ms | INPUT: {"Account_A":"A123","AMT":2000,"EC":true} | OUTPUT: {"code":"100","message":"成功(EC)","Account":"A123"}
8月 17, 2026 4:38:52 下午 com.example.platform.security.SonataFlowSecurityConfig$WorkflowStatusFilter filter
INFO: [HTTP-AUDIT] URI: /saga2-transfer-workflow | HTTP: 201 | Cost: 42ms | INPUT: {"Account_A":"A123","Account_B":"B123","AMT":2000} | OUTPUT: {"id":"a0f17d19-7fcc-47b6-84d8-15835fe029eb","workflowdata":{"status":"ROLLED_BACK","message":"A16220 業務失敗,僅回沖 A16229","AMT":2000,"a16229Result":{"code":"100","message":"成功","Account":"A123","_httpStatus":200},"a16220Result":{"code":"999","message":"AMT必須小於1000","Account":"B123","_httpStatus":403},"a16229Rollback":{"code":"100","message":"成功(EC)","Account":"A123","_httpStatus":200},"a16220Rollback":null}}
]]></system-err>
  </testcase>
  <testcase name="testExportCsvFilteredByStatus" classname="saga2-transfer-workflow saga 測試" time="0.03">
    <system-out><![CDATA[2026-08-17 16:38:52.244|INFO||com.example.reconciliation.ReconciliationCsvExporter|[ReconciliationCsvExporter] 匯出完成: file=reconciliation-20260817-163852.csv, rows=7, bytes=1226
]]></system-out>
    <system-err><![CDATA[8月 17, 2026 4:38:52 下午 com.example.platform.security.SonataFlowSecurityConfig$WorkflowStatusFilter filter
INFO: [HTTP-AUDIT] URI: /reconciliation/export-csv | HTTP: 200 | Cost: 1ms | INPUT: {"status":"ROLLED_BACK"} | OUTPUT: {"ok":true,"filePath":"/media/op/acer_sata/2026_AI_Hack/SonataFlow/myhello-platform-src-0817/myhello-platform/distribution/transfer-app/data/reconciliation-20260817-163852.csv","fileName":"reconciliation-20260817-163852.csv","rowCount":7,"byteSize":1226,"exportedAt":"2026-08-17T16:38:52.244584992","filters":{"workflowId":"","businessKey":"","status":"ROLLED_BACK"}}
]]></system-err>
  </testcase>
  <testcase name="testExportCsvNoMatchingRecords" classname="saga2-transfer-workflow saga 測試" time="0.027">
    <system-out><![CDATA[2026-08-17 16:38:52.279|INFO||com.example.reconciliation.ReconciliationCsvExporter|[ReconciliationCsvExporter] 匯出完成: file=reconciliation-20260817-163852.csv, rows=0, bytes=169
]]></system-out>
    <system-err><![CDATA[8月 17, 2026 4:38:52 下午 com.example.platform.security.SonataFlowSecurityConfig$WorkflowStatusFilter filter
INFO: [HTTP-AUDIT] URI: /reconciliation/export-csv | HTTP: 200 | Cost: 1ms | INPUT: {"workflowId":"non-existent-workflow-xyz"} | OUTPUT: {"ok":true,"filePath":"/media/op/acer_sata/2026_AI_Hack/SonataFlow/myhello-platform-src-0817/myhello-platform/distribution/transfer-app/data/reconciliation-20260817-163852.csv","fileName":"reconciliation-20260817-163852.csv","rowCount":0,"byteSize":169,"exportedAt":"2026-08-17T16:38:52.279026574","filters":{"workflowId":"non-existent-workflow-xyz","businessKey":"","status":""}}
]]></system-err>
  </testcase>
  <testcase name="testAmt600RolledBackLifo" classname="saga2-transfer-workflow saga 測試" time="0.079">
    <system-out><![CDATA[2026-08-17 16:38:52.303|INFO|210c4296-8f09-4fa2-bcf2-6fa99011e36c|org.kie.kogito.serverless.workflow.devservices.DevModeServerlessWorkflowLogger|Property 'workflowdatainput' changed value from: 'null', to: '{"Account_A":"A123","Account_B":"B123","AMT":600}'
2026-08-17 16:38:52.303|INFO|210c4296-8f09-4fa2-bcf2-6fa99011e36c|org.kie.kogito.serverless.workflow.devservices.DevModeServerlessWorkflowLogger|Workflow data change
{
  "Account_A" : "A123",
  "Account_B" : "B123",
  "AMT" : 600
}
2026-08-17 16:38:52.303|INFO|210c4296-8f09-4fa2-bcf2-6fa99011e36c|org.kie.kogito.serverless.workflow.devservices.DevModeServerlessWorkflowLogger|Starting workflow 'saga2-transfer-workflow' (210c4296-8f09-4fa2-bcf2-6fa99011e36c)
2026-08-17 16:38:52.304|INFO|210c4296-8f09-4fa2-bcf2-6fa99011e36c|org.kie.kogito.serverless.workflow.devservices.DevModeServerlessWorkflowLogger|Workflow data 
{
  "Account_A" : "A123",
  "Account_B" : "B123",
  "AMT" : 600
}
2026-08-17 16:38:52.304|INFO|210c4296-8f09-4fa2-bcf2-6fa99011e36c|org.kie.kogito.serverless.workflow.devservices.DevModeServerlessWorkflowLogger|Triggered node 'Start' for process 'saga2-transfer-workflow' (210c4296-8f09-4fa2-bcf2-6fa99011e36c)
2026-08-17 16:38:52.304|INFO|210c4296-8f09-4fa2-bcf2-6fa99011e36c|org.kie.kogito.serverless.workflow.devservices.DevModeServerlessWorkflowLogger|Triggered node 'ValidateInput' for process 'saga2-transfer-workflow' (210c4296-8f09-4fa2-bcf2-6fa99011e36c)
2026-08-17 16:38:52.305|INFO|210c4296-8f09-4fa2-bcf2-6fa99011e36c|org.kie.kogito.serverless.workflow.devservices.DevModeServerlessWorkflowLogger|Triggered node 'CallA16229State' for process 'saga2-transfer-workflow' (210c4296-8f09-4fa2-bcf2-6fa99011e36c)
2026-08-17 16:38:52.305|INFO|210c4296-8f09-4fa2-bcf2-6fa99011e36c|org.kie.kogito.serverless.workflow.devservices.DevModeServerlessWorkflowLogger|Triggered node 'callApiViaOpenAPI' for process 'saga2-transfer-workflow' (210c4296-8f09-4fa2-bcf2-6fa99011e36c)
2026-08-17 16:38:52.309|INFO|210c4296-8f09-4fa2-bcf2-6fa99011e36c|org.kie.kogito.serverless.workflow.devservices.DevModeServerlessWorkflowLogger|Property 'workflowdata.a16229Result' changed value from: 'null', to: '{"code":"100","message":"成功","Account":"A123","_httpStatus":200}'
2026-08-17 16:38:52.309|INFO|210c4296-8f09-4fa2-bcf2-6fa99011e36c|org.kie.kogito.serverless.workflow.devservices.DevModeServerlessWorkflowLogger|Triggered node 'CheckA16229Result' for process 'saga2-transfer-workflow' (210c4296-8f09-4fa2-bcf2-6fa99011e36c)
2026-08-17 16:38:52.309|INFO|210c4296-8f09-4fa2-bcf2-6fa99011e36c|org.kie.kogito.serverless.workflow.devservices.DevModeServerlessWorkflowLogger|Triggered node 'CallA16220State' for process 'saga2-transfer-workflow' (210c4296-8f09-4fa2-bcf2-6fa99011e36c)
2026-08-17 16:38:52.310|INFO|210c4296-8f09-4fa2-bcf2-6fa99011e36c|org.kie.kogito.serverless.workflow.devservices.DevModeServerlessWorkflowLogger|Triggered node 'callApiViaOpenAPI' for process 'saga2-transfer-workflow' (210c4296-8f09-4fa2-bcf2-6fa99011e36c)
2026-08-17 16:38:52.314|INFO|210c4296-8f09-4fa2-bcf2-6fa99011e36c|org.kie.kogito.serverless.workflow.devservices.DevModeServerlessWorkflowLogger|Property 'workflowdata.a16220Result' changed value from: 'null', to: '{"code":"100","message":"成功","Account":"B123","_httpStatus":200}'
2026-08-17 16:38:52.314|INFO|210c4296-8f09-4fa2-bcf2-6fa99011e36c|org.kie.kogito.serverless.workflow.devservices.DevModeServerlessWorkflowLogger|Triggered node 'CheckA16220Result' for process 'saga2-transfer-workflow' (210c4296-8f09-4fa2-bcf2-6fa99011e36c)
2026-08-17 16:38:52.314|INFO|210c4296-8f09-4fa2-bcf2-6fa99011e36c|org.kie.kogito.serverless.workflow.devservices.DevModeServerlessWorkflowLogger|Triggered node 'DecideByEvaluation' for process 'saga2-transfer-workflow' (210c4296-8f09-4fa2-bcf2-6fa99011e36c)
2026-08-17 16:38:52.314|INFO|210c4296-8f09-4fa2-bcf2-6fa99011e36c|org.kie.kogito.serverless.workflow.devservices.DevModeServerlessWorkflowLogger|Triggered node 'Join-RollbackA16220' for process 'saga2-transfer-workflow' (210c4296-8f09-4fa2-bcf2-6fa99011e36c)
2026-08-17 16:38:52.314|INFO|210c4296-8f09-4fa2-bcf2-6fa99011e36c|org.kie.kogito.serverless.workflow.devservices.DevModeServerlessWorkflowLogger|Triggered node 'RollbackA16220' for process 'saga2-transfer-workflow' (210c4296-8f09-4fa2-bcf2-6fa99011e36c)
2026-08-17 16:38:52.314|INFO|210c4296-8f09-4fa2-bcf2-6fa99011e36c|org.kie.kogito.serverless.workflow.devservices.DevModeServerlessWorkflowLogger|Triggered node 'callApiViaOpenAPI' for process 'saga2-transfer-workflow' (210c4296-8f09-4fa2-bcf2-6fa99011e36c)
2026-08-17 16:38:52.318|INFO|210c4296-8f09-4fa2-bcf2-6fa99011e36c|org.kie.kogito.serverless.workflow.devservices.DevModeServerlessWorkflowLogger|Property 'workflowdata.a16220Rollback' changed value from: 'null', to: '{"code":"100","message":"成功(EC)","Account":"B123","_httpStatus":200}'
2026-08-17 16:38:52.318|INFO|210c4296-8f09-4fa2-bcf2-6fa99011e36c|org.kie.kogito.serverless.workflow.devservices.DevModeServerlessWorkflowLogger|Triggered node 'RollbackA16229' for process 'saga2-transfer-workflow' (210c4296-8f09-4fa2-bcf2-6fa99011e36c)
2026-08-17 16:38:52.318|INFO|210c4296-8f09-4fa2-bcf2-6fa99011e36c|org.kie.kogito.serverless.workflow.devservices.DevModeServerlessWorkflowLogger|Triggered node 'callApiViaOpenAPI' for process 'saga2-transfer-workflow' (210c4296-8f09-4fa2-bcf2-6fa99011e36c)
2026-08-17 16:38:52.322|INFO|210c4296-8f09-4fa2-bcf2-6fa99011e36c|org.kie.kogito.serverless.workflow.devservices.DevModeServerlessWorkflowLogger|Property 'workflowdata.a16229Rollback' changed value from: 'null', to: '{"code":"100","message":"成功(EC)","Account":"A123","_httpStatus":200}'
2026-08-17 16:38:52.322|INFO|210c4296-8f09-4fa2-bcf2-6fa99011e36c|org.kie.kogito.serverless.workflow.devservices.DevModeServerlessWorkflowLogger|Triggered node 'CheckRollbackResults' for process 'saga2-transfer-workflow' (210c4296-8f09-4fa2-bcf2-6fa99011e36c)
2026-08-17 16:38:52.322|INFO|210c4296-8f09-4fa2-bcf2-6fa99011e36c|org.kie.kogito.serverless.workflow.devservices.DevModeServerlessWorkflowLogger|Triggered node 'InjectRolledBackStatus' for process 'saga2-transfer-workflow' (210c4296-8f09-4fa2-bcf2-6fa99011e36c)
2026-08-17 16:38:52.322|INFO|210c4296-8f09-4fa2-bcf2-6fa99011e36c|org.kie.kogito.serverless.workflow.devservices.DevModeServerlessWorkflowLogger|Property 'workflowdata.finalStatus' changed value from: 'null', to: '"ROLLED_BACK"'
2026-08-17 16:38:52.323|INFO|210c4296-8f09-4fa2-bcf2-6fa99011e36c|org.kie.kogito.serverless.workflow.devservices.DevModeServerlessWorkflowLogger|Property 'workflowdata.finalMessage' changed value from: 'null', to: '"AMT > 500 觸發 saga 回沖 (LIFO)"'
2026-08-17 16:38:52.323|INFO|210c4296-8f09-4fa2-bcf2-6fa99011e36c|org.kie.kogito.serverless.workflow.devservices.DevModeServerlessWorkflowLogger|Triggered node 'Join-FinalAuditAndEnd' for process 'saga2-transfer-workflow' (210c4296-8f09-4fa2-bcf2-6fa99011e36c)
2026-08-17 16:38:52.323|INFO|210c4296-8f09-4fa2-bcf2-6fa99011e36c|org.kie.kogito.serverless.workflow.devservices.DevModeServerlessWorkflowLogger|Triggered node 'FinalAuditAndEnd' for process 'saga2-transfer-workflow' (210c4296-8f09-4fa2-bcf2-6fa99011e36c)
2026-08-17 16:38:52.323|INFO|210c4296-8f09-4fa2-bcf2-6fa99011e36c|org.kie.kogito.serverless.workflow.devservices.DevModeServerlessWorkflowLogger|Triggered node 'recordAuditLog' for process 'saga2-transfer-workflow' (210c4296-8f09-4fa2-bcf2-6fa99011e36c)
2026-08-17 16:38:52.323|INFO|210c4296-8f09-4fa2-bcf2-6fa99011e36c|com.example.reconciliation.AuditLogService|[AuditLogService] 成功寫入對帳紀錄! Workflow: saga2-transfer-workflow, BusinessKey: A123, Status: ROLLED_BACK, Rows: 1
2026-08-17 16:38:52.324|INFO|210c4296-8f09-4fa2-bcf2-6fa99011e36c|org.kie.kogito.serverless.workflow.devservices.DevModeServerlessWorkflowLogger|Property 'workflowdata.saved' changed value from: 'null', to: 'true'
2026-08-17 16:38:52.324|INFO|210c4296-8f09-4fa2-bcf2-6fa99011e36c|org.kie.kogito.serverless.workflow.devservices.DevModeServerlessWorkflowLogger|Property 'workflowdata.workflowId' changed value from: 'null', to: '"saga2-transfer-workflow"'
2026-08-17 16:38:52.324|INFO|210c4296-8f09-4fa2-bcf2-6fa99011e36c|org.kie.kogito.serverless.workflow.devservices.DevModeServerlessWorkflowLogger|Property 'workflowdata.status' changed value from: 'null', to: '"ROLLED_BACK"'
2026-08-17 16:38:52.324|INFO|210c4296-8f09-4fa2-bcf2-6fa99011e36c|org.kie.kogito.serverless.workflow.devservices.DevModeServerlessWorkflowLogger|Workflow data change
{
  "status" : "ROLLED_BACK",
  "message" : "AMT > 500 觸發 saga 回沖 (LIFO)",
  "AMT" : 600,
  "a16229Result" : {
    "code" : "100",
    "message" : "成功",
    "Account" : "A123",
    "_httpStatus" : 200
  },
  "a16220Result" : {
    "code" : "100",
    "message" : "成功",
    "Account" : "B123",
    "_httpStatus" : 200
  },
  "a16229Rollback" : {
    "code" : "100",
    "message" : "成功(EC)",
    "Account" : "A123",
    "_httpStatus" : 200
  },
  "a16220Rollback" : {
    "code" : "100",
    "message" : "成功(EC)",
    "Account" : "B123",
    "_httpStatus" : 200
  }
}
2026-08-17 16:38:52.324|INFO|210c4296-8f09-4fa2-bcf2-6fa99011e36c|org.kie.kogito.serverless.workflow.devservices.DevModeServerlessWorkflowLogger|Triggered node 'End' for process 'saga2-transfer-workflow' (210c4296-8f09-4fa2-bcf2-6fa99011e36c)
2026-08-17 16:38:52.324|INFO|210c4296-8f09-4fa2-bcf2-6fa99011e36c|org.kie.kogito.serverless.workflow.devservices.DevModeServerlessWorkflowLogger|Workflow 'saga2-transfer-workflow' (210c4296-8f09-4fa2-bcf2-6fa99011e36c) completed
]]></system-out>
    <system-err><![CDATA[8月 17, 2026 4:38:52 下午 com.example.platform.security.SonataFlowSecurityConfig$WorkflowStatusFilter filter
INFO: [HTTP-AUDIT] URI: /A16229 | HTTP: 200 | Cost: 0ms | INPUT: {"Account_A":"A123","AMT":600,"EC":false} | OUTPUT: {"code":"100","message":"成功","Account":"A123"}
8月 17, 2026 4:38:52 下午 com.example.platform.security.SonataFlowSecurityConfig$WorkflowStatusFilter filter
INFO: [HTTP-AUDIT] URI: /A16220 | HTTP: 200 | Cost: 0ms | INPUT: {"AMT":600,"Account_B":"B123","EC":false} | OUTPUT: {"code":"100","message":"成功","Account":"B123"}
8月 17, 2026 4:38:52 下午 com.example.platform.security.SonataFlowSecurityConfig$WorkflowStatusFilter filter
INFO: [HTTP-AUDIT] URI: /A16220 | HTTP: 200 | Cost: 0ms | INPUT: {"AMT":600,"Account_B":"B123","EC":true} | OUTPUT: {"code":"100","message":"成功(EC)","Account":"B123"}
8月 17, 2026 4:38:52 下午 com.example.platform.security.SonataFlowSecurityConfig$WorkflowStatusFilter filter
INFO: [HTTP-AUDIT] URI: /A16229 | HTTP: 200 | Cost: 0ms | INPUT: {"Account_A":"A123","AMT":600,"EC":true} | OUTPUT: {"code":"100","message":"成功(EC)","Account":"A123"}
8月 17, 2026 4:38:52 下午 com.example.platform.security.SonataFlowSecurityConfig$WorkflowStatusFilter filter
INFO: [HTTP-AUDIT] URI: /saga2-transfer-workflow | HTTP: 201 | Cost: 27ms | INPUT: {"Account_A":"A123","Account_B":"B123","AMT":600} | OUTPUT: {"id":"210c4296-8f09-4fa2-bcf2-6fa99011e36c","workflowdata":{"status":"ROLLED_BACK","message":"AMT > 500 觸發 saga 回沖 (LIFO)","AMT":600,"a16229Result":{"code":"100","message":"成功","Account":"A123","_httpStatus":200},"a16220Result":{"code":"100","message":"成功","Account":"B123","_httpStatus":200},"a16229Rollback":{"code":"100","message":"成功(EC)","Account":"A123","_httpStatus":200},"a16220Rollback":{"code":"100","message":"成功(EC)","Account":"B123","_httpStatus":200}}}
]]></system-err>
  </testcase>
  <testcase name="testExportCsvAllRecords" classname="saga2-transfer-workflow saga 測試" time="0.047">
    <system-out><![CDATA[2026-08-17 16:38:52.382|INFO||com.example.reconciliation.ReconciliationCsvExporter|[ReconciliationCsvExporter] 匯出完成: file=reconciliation-20260817-163852.csv, rows=16, bytes=2304
[CSV Export Test] File: reconciliation-20260817-163852.csv, Lines: 17
]]></system-out>
    <system-err><![CDATA[8月 17, 2026 4:38:52 下午 com.example.platform.security.SonataFlowSecurityConfig$WorkflowStatusFilter filter
INFO: [HTTP-AUDIT] URI: /reconciliation/export-csv | HTTP: 200 | Cost: 1ms | INPUT: {} | OUTPUT: {"ok":true,"filePath":"/media/op/acer_sata/2026_AI_Hack/SonataFlow/myhello-platform-src-0817/myhello-platform/distribution/transfer-app/data/reconciliation-20260817-163852.csv","fileName":"reconciliation-20260817-163852.csv","rowCount":16,"byteSize":2304,"exportedAt":"2026-08-17T16:38:52.382737800","filters":{"workflowId":"","businessKey":"","status":""}}
]]></system-err>
  </testcase>
  <testcase name="testAmt500BoundarySuccess" classname="saga2-transfer-workflow saga 測試" time="0.045">
    <system-out><![CDATA[2026-08-17 16:38:52.430|INFO|6b2cd67d-6b12-4bf2-bdf2-1bb9a28cbe82|org.kie.kogito.serverless.workflow.devservices.DevModeServerlessWorkflowLogger|Property 'workflowdatainput' changed value from: 'null', to: '{"Account_A":"A123","Account_B":"B123","AMT":500}'
2026-08-17 16:38:52.430|INFO|6b2cd67d-6b12-4bf2-bdf2-1bb9a28cbe82|org.kie.kogito.serverless.workflow.devservices.DevModeServerlessWorkflowLogger|Workflow data change
{
  "Account_A" : "A123",
  "Account_B" : "B123",
  "AMT" : 500
}
2026-08-17 16:38:52.430|INFO|6b2cd67d-6b12-4bf2-bdf2-1bb9a28cbe82|org.kie.kogito.serverless.workflow.devservices.DevModeServerlessWorkflowLogger|Starting workflow 'saga2-transfer-workflow' (6b2cd67d-6b12-4bf2-bdf2-1bb9a28cbe82)
2026-08-17 16:38:52.430|INFO|6b2cd67d-6b12-4bf2-bdf2-1bb9a28cbe82|org.kie.kogito.serverless.workflow.devservices.DevModeServerlessWorkflowLogger|Workflow data 
{
  "Account_A" : "A123",
  "Account_B" : "B123",
  "AMT" : 500
}
2026-08-17 16:38:52.430|INFO|6b2cd67d-6b12-4bf2-bdf2-1bb9a28cbe82|org.kie.kogito.serverless.workflow.devservices.DevModeServerlessWorkflowLogger|Triggered node 'Start' for process 'saga2-transfer-workflow' (6b2cd67d-6b12-4bf2-bdf2-1bb9a28cbe82)
2026-08-17 16:38:52.430|INFO|6b2cd67d-6b12-4bf2-bdf2-1bb9a28cbe82|org.kie.kogito.serverless.workflow.devservices.DevModeServerlessWorkflowLogger|Triggered node 'ValidateInput' for process 'saga2-transfer-workflow' (6b2cd67d-6b12-4bf2-bdf2-1bb9a28cbe82)
2026-08-17 16:38:52.431|INFO|6b2cd67d-6b12-4bf2-bdf2-1bb9a28cbe82|org.kie.kogito.serverless.workflow.devservices.DevModeServerlessWorkflowLogger|Triggered node 'CallA16229State' for process 'saga2-transfer-workflow' (6b2cd67d-6b12-4bf2-bdf2-1bb9a28cbe82)
2026-08-17 16:38:52.431|INFO|6b2cd67d-6b12-4bf2-bdf2-1bb9a28cbe82|org.kie.kogito.serverless.workflow.devservices.DevModeServerlessWorkflowLogger|Triggered node 'callApiViaOpenAPI' for process 'saga2-transfer-workflow' (6b2cd67d-6b12-4bf2-bdf2-1bb9a28cbe82)
2026-08-17 16:38:52.436|INFO|6b2cd67d-6b12-4bf2-bdf2-1bb9a28cbe82|org.kie.kogito.serverless.workflow.devservices.DevModeServerlessWorkflowLogger|Property 'workflowdata.a16229Result' changed value from: 'null', to: '{"code":"100","message":"成功","Account":"A123","_httpStatus":200}'
2026-08-17 16:38:52.436|INFO|6b2cd67d-6b12-4bf2-bdf2-1bb9a28cbe82|org.kie.kogito.serverless.workflow.devservices.DevModeServerlessWorkflowLogger|Triggered node 'CheckA16229Result' for process 'saga2-transfer-workflow' (6b2cd67d-6b12-4bf2-bdf2-1bb9a28cbe82)
2026-08-17 16:38:52.436|INFO|6b2cd67d-6b12-4bf2-bdf2-1bb9a28cbe82|org.kie.kogito.serverless.workflow.devservices.DevModeServerlessWorkflowLogger|Triggered node 'CallA16220State' for process 'saga2-transfer-workflow' (6b2cd67d-6b12-4bf2-bdf2-1bb9a28cbe82)
2026-08-17 16:38:52.437|INFO|6b2cd67d-6b12-4bf2-bdf2-1bb9a28cbe82|org.kie.kogito.serverless.workflow.devservices.DevModeServerlessWorkflowLogger|Triggered node 'callApiViaOpenAPI' for process 'saga2-transfer-workflow' (6b2cd67d-6b12-4bf2-bdf2-1bb9a28cbe82)
2026-08-17 16:38:52.441|INFO|6b2cd67d-6b12-4bf2-bdf2-1bb9a28cbe82|org.kie.kogito.serverless.workflow.devservices.DevModeServerlessWorkflowLogger|Property 'workflowdata.a16220Result' changed value from: 'null', to: '{"code":"100","message":"成功","Account":"B123","_httpStatus":200}'
2026-08-17 16:38:52.442|INFO|6b2cd67d-6b12-4bf2-bdf2-1bb9a28cbe82|org.kie.kogito.serverless.workflow.devservices.DevModeServerlessWorkflowLogger|Triggered node 'CheckA16220Result' for process 'saga2-transfer-workflow' (6b2cd67d-6b12-4bf2-bdf2-1bb9a28cbe82)
2026-08-17 16:38:52.442|INFO|6b2cd67d-6b12-4bf2-bdf2-1bb9a28cbe82|org.kie.kogito.serverless.workflow.devservices.DevModeServerlessWorkflowLogger|Triggered node 'DecideByEvaluation' for process 'saga2-transfer-workflow' (6b2cd67d-6b12-4bf2-bdf2-1bb9a28cbe82)
2026-08-17 16:38:52.442|INFO|6b2cd67d-6b12-4bf2-bdf2-1bb9a28cbe82|org.kie.kogito.serverless.workflow.devservices.DevModeServerlessWorkflowLogger|Triggered node 'InjectSuccessStatus' for process 'saga2-transfer-workflow' (6b2cd67d-6b12-4bf2-bdf2-1bb9a28cbe82)
2026-08-17 16:38:52.442|INFO|6b2cd67d-6b12-4bf2-bdf2-1bb9a28cbe82|org.kie.kogito.serverless.workflow.devservices.DevModeServerlessWorkflowLogger|Property 'workflowdata.finalStatus' changed value from: 'null', to: '"SUCCESS"'
2026-08-17 16:38:52.442|INFO|6b2cd67d-6b12-4bf2-bdf2-1bb9a28cbe82|org.kie.kogito.serverless.workflow.devservices.DevModeServerlessWorkflowLogger|Property 'workflowdata.finalMessage' changed value from: 'null', to: '"交易成功"'
2026-08-17 16:38:52.442|INFO|6b2cd67d-6b12-4bf2-bdf2-1bb9a28cbe82|org.kie.kogito.serverless.workflow.devservices.DevModeServerlessWorkflowLogger|Triggered node 'Join-FinalAuditAndEnd' for process 'saga2-transfer-workflow' (6b2cd67d-6b12-4bf2-bdf2-1bb9a28cbe82)
2026-08-17 16:38:52.442|INFO|6b2cd67d-6b12-4bf2-bdf2-1bb9a28cbe82|org.kie.kogito.serverless.workflow.devservices.DevModeServerlessWorkflowLogger|Triggered node 'FinalAuditAndEnd' for process 'saga2-transfer-workflow' (6b2cd67d-6b12-4bf2-bdf2-1bb9a28cbe82)
2026-08-17 16:38:52.442|INFO|6b2cd67d-6b12-4bf2-bdf2-1bb9a28cbe82|org.kie.kogito.serverless.workflow.devservices.DevModeServerlessWorkflowLogger|Triggered node 'recordAuditLog' for process 'saga2-transfer-workflow' (6b2cd67d-6b12-4bf2-bdf2-1bb9a28cbe82)
2026-08-17 16:38:52.443|INFO|6b2cd67d-6b12-4bf2-bdf2-1bb9a28cbe82|com.example.reconciliation.AuditLogService|[AuditLogService] 成功寫入對帳紀錄! Workflow: saga2-transfer-workflow, BusinessKey: A123, Status: SUCCESS, Rows: 1
2026-08-17 16:38:52.443|INFO|6b2cd67d-6b12-4bf2-bdf2-1bb9a28cbe82|org.kie.kogito.serverless.workflow.devservices.DevModeServerlessWorkflowLogger|Property 'workflowdata.saved' changed value from: 'null', to: 'true'
2026-08-17 16:38:52.443|INFO|6b2cd67d-6b12-4bf2-bdf2-1bb9a28cbe82|org.kie.kogito.serverless.workflow.devservices.DevModeServerlessWorkflowLogger|Property 'workflowdata.workflowId' changed value from: 'null', to: '"saga2-transfer-workflow"'
2026-08-17 16:38:52.443|INFO|6b2cd67d-6b12-4bf2-bdf2-1bb9a28cbe82|org.kie.kogito.serverless.workflow.devservices.DevModeServerlessWorkflowLogger|Property 'workflowdata.status' changed value from: 'null', to: '"SUCCESS"'
2026-08-17 16:38:52.444|INFO|6b2cd67d-6b12-4bf2-bdf2-1bb9a28cbe82|org.kie.kogito.serverless.workflow.devservices.DevModeServerlessWorkflowLogger|Workflow data change
{
  "status" : "SUCCESS",
  "message" : "交易成功",
  "AMT" : 500,
  "a16229Result" : {
    "code" : "100",
    "message" : "成功",
    "Account" : "A123",
    "_httpStatus" : 200
  },
  "a16220Result" : {
    "code" : "100",
    "message" : "成功",
    "Account" : "B123",
    "_httpStatus" : 200
  },
  "a16229Rollback" : null,
  "a16220Rollback" : null
}
2026-08-17 16:38:52.444|INFO|6b2cd67d-6b12-4bf2-bdf2-1bb9a28cbe82|org.kie.kogito.serverless.workflow.devservices.DevModeServerlessWorkflowLogger|Triggered node 'End' for process 'saga2-transfer-workflow' (6b2cd67d-6b12-4bf2-bdf2-1bb9a28cbe82)
2026-08-17 16:38:52.444|INFO|6b2cd67d-6b12-4bf2-bdf2-1bb9a28cbe82|org.kie.kogito.serverless.workflow.devservices.DevModeServerlessWorkflowLogger|Workflow 'saga2-transfer-workflow' (6b2cd67d-6b12-4bf2-bdf2-1bb9a28cbe82) completed
]]></system-out>
    <system-err><![CDATA[8月 17, 2026 4:38:52 下午 com.example.platform.security.SonataFlowSecurityConfig$WorkflowStatusFilter filter
INFO: [HTTP-AUDIT] URI: /A16229 | HTTP: 200 | Cost: 0ms | INPUT: {"Account_A":"A123","AMT":500,"EC":false} | OUTPUT: {"code":"100","message":"成功","Account":"A123"}
8月 17, 2026 4:38:52 下午 com.example.platform.security.SonataFlowSecurityConfig$WorkflowStatusFilter filter
INFO: [HTTP-AUDIT] URI: /A16220 | HTTP: 200 | Cost: 0ms | INPUT: {"AMT":500,"Account_B":"B123","EC":false} | OUTPUT: {"code":"100","message":"成功","Account":"B123"}
8月 17, 2026 4:38:52 下午 com.example.platform.security.SonataFlowSecurityConfig$WorkflowStatusFilter filter
INFO: [HTTP-AUDIT] URI: /saga2-transfer-workflow | HTTP: 201 | Cost: 19ms | INPUT: {"Account_A":"A123","Account_B":"B123","AMT":500} | OUTPUT: {"id":"6b2cd67d-6b12-4bf2-bdf2-1bb9a28cbe82","workflowdata":{"status":"SUCCESS","message":"交易成功","AMT":500,"a16229Result":{"code":"100","message":"成功","Account":"A123","_httpStatus":200},"a16220Result":{"code":"100","message":"成功","Account":"B123","_httpStatus":200},"a16229Rollback":null,"a16220Rollback":null}}
]]></system-err>
  </testcase>
  <testcase name="testSqliteDatabaseRecords" classname="saga2-transfer-workflow saga 測試" time="0.003">
    <system-out><![CDATA[[Reconciliation Test] Row 1 -> ID: 1, WF: saga2-transfer-workflow, BKey: A123, Status: SUCCESS, AccountA: A123, AccountB: B123, AMT: 100, A16229Code: 100, A16220Code: 100
[Reconciliation Test] Row 2 -> ID: 2, WF: saga2-transfer-workflow, BKey: A123, Status: SUCCESS, AccountA: A123, AccountB: B123, AMT: 100, A16229Code: 100, A16220Code: 100
[Reconciliation Test] Row 3 -> ID: 3, WF: saga2-transfer-workflow, BKey: A123, Status: FAILED, AccountA: A123, AccountB: B123, AMT: 30, A16229Code: 999, A16220Code: null
[Reconciliation Test] Row 4 -> ID: 4, WF: saga2-transfer-workflow, BKey: A123, Status: ROLLED_BACK, AccountA: A123, AccountB: B123, AMT: 600, A16229Code: 100, A16220Code: 100
[Reconciliation Test] Row 5 -> ID: 5, WF: saga2-transfer-workflow, BKey: A123, Status: ROLLED_BACK, AccountA: A123, AccountB: B123, AMT: 2000, A16229Code: 100, A16220Code: 999
[Reconciliation Test] Row 6 -> ID: 6, WF: saga2-transfer-workflow, BKey: A123, Status: SUCCESS, AccountA: A123, AccountB: B123, AMT: 500, A16229Code: 100, A16220Code: 100
[Reconciliation Test] Row 7 -> ID: 7, WF: saga2-transfer-workflow, BKey: A123, Status: ROLLED_BACK, AccountA: A123, AccountB: B123, AMT: 501, A16229Code: 100, A16220Code: 100
[Reconciliation Test] Row 8 -> ID: 8, WF: saga2-transfer-workflow, BKey: 931592_S, Status: SUCCESS, AccountA: 931592_S, AccountB: X, AMT: 100, A16229Code: 100, A16220Code: 100
[Reconciliation Test] Row 9 -> ID: 9, WF: saga2-transfer-workflow, BKey: 931592_F, Status: FAILED, AccountA: 931592_F, AccountB: X, AMT: 30, A16229Code: 999, A16220Code: null
[Reconciliation Test] Row 10 -> ID: 10, WF: saga2-transfer-workflow, BKey: 931592_R, Status: ROLLED_BACK, AccountA: 931592_R, AccountB: X, AMT: 600, A16229Code: 100, A16220Code: 100
[Reconciliation Test] Row 11 -> ID: 11, WF: saga2-transfer-workflow, BKey: 931592_P, Status: ROLLED_BACK, AccountA: 931592_P, AccountB: X, AMT: 2000, A16229Code: 100, A16220Code: 999
[Reconciliation Test] Row 12 -> ID: 12, WF: saga2-transfer-workflow, BKey: A123, Status: ROLLED_BACK, AccountA: A123, AccountB: B123, AMT: 501, A16229Code: 100, A16220Code: 100
[Reconciliation Test] Row 13 -> ID: 13, WF: saga2-transfer-workflow, BKey: A123, Status: SUCCESS, AccountA: A123, AccountB: B123, AMT: 100, A16229Code: 100, A16220Code: 100
[Reconciliation Test] Row 14 -> ID: 14, WF: saga2-transfer-workflow, BKey: A123, Status: FAILED, AccountA: A123, AccountB: B123, AMT: 30, A16229Code: 999, A16220Code: null
[Reconciliation Test] Row 15 -> ID: 15, WF: saga2-transfer-workflow, BKey: A123, Status: ROLLED_BACK, AccountA: A123, AccountB: B123, AMT: 2000, A16229Code: 100, A16220Code: 999
[Reconciliation Test] Row 16 -> ID: 16, WF: saga2-transfer-workflow, BKey: A123, Status: ROLLED_BACK, AccountA: A123, AccountB: B123, AMT: 600, A16229Code: 100, A16220Code: 100
[Reconciliation Test] Row 17 -> ID: 17, WF: saga2-transfer-workflow, BKey: A123, Status: SUCCESS, AccountA: A123, AccountB: B123, AMT: 500, A16229Code: 100, A16220Code: 100
]]></system-out>
  </testcase>
</testsuite>